warning: unused variable: `total_supply`
   --> pallet/token/src/lib.rs:487:69
    |
487 |             for (asset_id, (issuer, supply, accounts, name, symbol, total_supply, decimals)) in
    |                                                                     ^^^^^^^^^^^^ help: if this is intentional, prefix it with an underscore: `_total_supply`
    |
    = note: `#[warn(unused_variables)]` on by default

warning: unused variable: `decimals`
   --> pallet/token/src/lib.rs:487:83
    |
487 |             for (asset_id, (issuer, supply, accounts, name, symbol, total_supply, decimals)) in
    |                                                                                   ^^^^^^^^ help: if this is intentional, prefix it with an underscore: `_decimals`

warning: structure field `init__erc20_token` should have a snake case name
   --> pallet/token/src/lib.rs:471:13
    |
471 |         pub init__erc20_token: bool,
    |             ^^^^^^^^^^^^^^^^^ help: convert the identifier to snake case: `init_erc20_token`
    |
    = note: `#[warn(non_snake_case)]` on by default

warning: unused import: `DispatchResultWithPostInfo`
  --> pallet/relayer/src/lib.rs:22:16
   |
22 |     dispatch::{DispatchResultWithPostInfo, GetDispatchInfo},
   |                ^^^^^^^^^^^^^^^^^^^^^^^^^^
   |
   = note: `#[warn(unused_imports)]` on by default

warning: use of deprecated struct `pallet::_::Store`: 
                 Use of `#[pallet::generate_store(pub(super) trait Store)]` will be removed after July 2023.
                 Check https://github.com/paritytech/substrate/pull/13535 for more details.
  --> pallet/relayer/src/lib.rs:51:6
   |
51 |     #[pallet::generate_store(pub(super) trait Store)]
   |      ^^^^^^^^^^^^^^^^^^^^^^^^^^^^^^^^^^^^^^^^^^^^^^^^
   |
   = note: `#[warn(deprecated)]` on by default

warning: use of deprecated constant `pallet::warnings::ImplicitCallIndex_0::_w`: 
                 It is deprecated to use implicit call indices.
                 Please instead ensure that all calls have a `pallet::call_index` attribute or put the pallet into `dev` mode.
         
                 For more info see:
                     <https://github.com/paritytech/substrate/pull/12891>
                     <https://github.com/paritytech/substrate/pull/11381>
  --> pallet/relayer/src/lib.rs:65:16
   |
65 |         pub fn register_relayer(origin: OriginFor<T>, address: T::AccountId) -> DispatchResult {
   |                ^^^^^^^^^^^^^^^^

warning: use of deprecated constant `pallet::warnings::ImplicitCallIndex_1::_w`: 
                 It is deprecated to use implicit call indices.
                 Please instead ensure that all calls have a `pallet::call_index` attribute or put the pallet into `dev` mode.
         
                 For more info see:
                     <https://github.com/paritytech/substrate/pull/12891>
                     <https://github.com/paritytech/substrate/pull/11381>
  --> pallet/relayer/src/lib.rs:81:16
   |
81 |         pub fn update_relayer(origin: OriginFor<T>, address: T::AccountId) -> DispatchResult {
   |                ^^^^^^^^^^^^^^

warning: use of deprecated constant `pallet::warnings::ImplicitCallIndex_2::_w`: 
                 It is deprecated to use implicit call indices.
                 Please instead ensure that all calls have a `pallet::call_index` attribute or put the pallet into `dev` mode.
         
                 For more info see:
                     <https://github.com/paritytech/substrate/pull/12891>
                     <https://github.com/paritytech/substrate/pull/11381>
  --> pallet/relayer/src/lib.rs:99:16
   |
99 |         pub fn remove_relayer(origin: OriginFor<T>, address: T::AccountId) -> DispatchResult {
   |                ^^^^^^^^^^^^^^

warning: use of deprecated constant `pallet::warnings::ConstantWeight_0::_w`: 
                 It is deprecated to use hard-coded constant as call weight.
                 Please instead benchmark all calls or put the pallet into `dev` mode.
         
                 For more info see:
                     <https://github.com/paritytech/substrate/pull/13798>
  --> pallet/relayer/src/lib.rs:64:26
   |
64 |         #[pallet::weight(10000000)]
   |                          ^^^^^^^^

warning: use of deprecated constant `pallet::warnings::ConstantWeight_1::_w`: 
                 It is deprecated to use hard-coded constant as call weight.
                 Please instead benchmark all calls or put the pallet into `dev` mode.
         
                 For more info see:
                     <https://github.com/paritytech/substrate/pull/13798>
  --> pallet/relayer/src/lib.rs:80:26
   |
80 |         #[pallet::weight(10000000)]
   |                          ^^^^^^^^

warning: use of deprecated constant `pallet::warnings::ConstantWeight_2::_w`: 
                 It is deprecated to use hard-coded constant as call weight.
                 Please instead benchmark all calls or put the pallet into `dev` mode.
         
                 For more info see:
                     <https://github.com/paritytech/substrate/pull/13798>
  --> pallet/relayer/src/lib.rs:98:26
   |
98 |         #[pallet::weight(10000000)]
   |                          ^^^^^^^^

warning: use of deprecated struct `pallet::_::Store`: 
                 Use of `#[pallet::generate_store(pub(super) trait Store)]` will be removed after July 2023.
                 Check https://github.com/paritytech/substrate/pull/13535 for more details.
  --> pallet/mandate/src/lib.rs:52:6
   |
52 |     #[pallet::generate_store(pub(super) trait Store)]
   |      ^^^^^^^^^^^^^^^^^^^^^^^^^^^^^^^^^^^^^^^^^^^^^^^^
   |
   = note: `#[warn(deprecated)]` on by default

warning: use of deprecated constant `pallet::warnings::ImplicitCallIndex_0::_w`: 
                 It is deprecated to use implicit call indices.
                 Please instead ensure that all calls have a `pallet::call_index` attribute or put the pallet into `dev` mode.
         
                 For more info see:
                     <https://github.com/paritytech/substrate/pull/12891>
                     <https://github.com/paritytech/substrate/pull/11381>
  --> pallet/mandate/src/lib.rs:62:16
   |
62 |         pub fn mandate(
   |                ^^^^^^^

warning: `pallet-token` (lib) generated 3 warnings (run `cargo fix --lib -p pallet-token` to apply 2 suggestions)
warning: `clarus_relayer` (lib) generated 8 warnings (run `cargo fix --lib -p clarus_relayer` to apply 1 suggestion)
warning: `clarus-mandate` (lib) generated 2 warnings
    Checking clarus-runtime v3.0.0-dev (/home/asmita/personal/project2_bitcoin/clarus/runtime)
warning: external crate `mmr_rpc` unused in `node_rpc`: remove the dependency or add `use mmr_rpc as _;`
  --> node/rpc/src/lib.rs:18:1
   |
18 | //! A collection of node-specific RPC methods.
   | ^
   |
note: the lint level is defined here
  --> node/rpc/src/lib.rs:32:9
   |
32 | #![warn(unused_crate_dependencies)]
   |         ^^^^^^^^^^^^^^^^^^^^^^^^^

warning: external crate `sc_mixnet` unused in `node_rpc`: remove the dependency or add `use sc_mixnet as _;`
  --> node/rpc/src/lib.rs:18:1
   |
18 | //! A collection of node-specific RPC methods.
   | ^

warning: external crate `sp_statement_store` unused in `node_rpc`: remove the dependency or add `use sp_statement_store as _;`
  --> node/rpc/src/lib.rs:18:1
   |
18 | //! A collection of node-specific RPC methods.
   | ^

warning: `node-rpc` (lib) generated 3 warnings
error[E0277]: the trait bound `clarus_mandate::Pallet<Runtime>: Callable<Runtime>` is not satisfied in `RuntimeCall`
   --> runtime/src/lib.rs:174:6
    |
174 | impl frame_support::traits::Contains<RuntimeCall> for BaseFilter {
    |      ^^^^^^^^^^^^^^^^^^^^^^^^^^^^^^^^^^^^^^^^^^^^ within `RuntimeCall`, the trait `Callable<Runtime>` is not implemented for `clarus_mandate::Pallet<Runtime>`
    |
    = help: the following other types implement trait `Callable<T>`:
              pallet_authority_discovery::Pallet<T>
              pallet_timestamp::Pallet<T>
              pallet_indices::Pallet<T>
              pallet_offences::Pallet<T>
              pallet_sudo::Pallet<T>
              pallet_multisig::Pallet<T>
              pallet_session::historical::Pallet<T>
              pallet_grandpa::Pallet<T>
            and 12 others
note: required because it appears within the type `RuntimeCall`
   --> runtime/src/lib.rs:342:1
    |
342 | // construct_runtime!(
343 | ||     pub struct Runtime
344 | ||     {
345 | ||         Staking: pallet_staking::{Pallet, Storage, Config<T>, Event<T>} = 5,
...   ||
371 | ||     }
372 | || );
    | ||_- in this macro invocation
...   |
651 | |      }
652 | |
    | |__________^
note: required by a bound in `Contains`
   --> /home/asmita/.cargo/git/checkouts/polkadot-sdk-cff69157b985ed76/a3e4fce/substrate/frame/support/src/traits/members.rs:26:20
    |
26  | pub trait Contains<T> {
    |                    ^ required by this bound in `Contains`
    = note: this error originates in the macro `frame_support::construct_runtime` which comes from the expansion of the macro `construct_runtime` (in Nightly builds, run with -Z macro-backtrace for more info)

error[E0277]: the trait bound `clarus_mandate::Pallet<Runtime>: Callable<Runtime>` is not satisfied in `RuntimeCall`
   --> runtime/src/lib.rs:233:5
    |
233 |     RuntimeCall: From<LocalCall>,
    |     ^^^^^^^^^^^^^^^^^^^^^^^^^^^^ within `RuntimeCall`, the trait `Callable<Runtime>` is not implemented for `clarus_mandate::Pallet<Runtime>`
    |
    = help: the following other types implement trait `Callable<T>`:
              pallet_authority_discovery::Pallet<T>
              pallet_timestamp::Pallet<T>
              pallet_indices::Pallet<T>
              pallet_offences::Pallet<T>
              pallet_sudo::Pallet<T>
              pallet_multisig::Pallet<T>
              pallet_session::historical::Pallet<T>
              pallet_grandpa::Pallet<T>
            and 12 others
note: required because it appears within the type `RuntimeCall`
   --> runtime/src/lib.rs:342:1
    |
342 | // construct_runtime!(
343 | ||     pub struct Runtime
344 | ||     {
345 | ||         Staking: pallet_staking::{Pallet, Storage, Config<T>, Event<T>} = 5,
...   ||
371 | ||     }
372 | || );
    | ||_- in this macro invocation
...   |
651 | |      }
652 | |
    | |__________^
    = help: see issue #48214
    = help: add `#![feature(trivial_bounds)]` to the crate attributes to enable
    = note: this error originates in the macro `frame_support::construct_runtime` which comes from the expansion of the macro `construct_runtime` (in Nightly builds, run with -Z macro-backtrace for more info)

error[E0277]: the trait bound `clarus_mandate::Pallet<Runtime>: Callable<Runtime>` is not satisfied in `RuntimeCall`
   --> runtime/src/lib.rs:285:5
    |
285 |     RuntimeCall: From<C>,
    |     ^^^^^^^^^^^^^^^^^^^^ within `RuntimeCall`, the trait `Callable<Runtime>` is not implemented for `clarus_mandate::Pallet<Runtime>`
    |
    = help: the following other types implement trait `Callable<T>`:
              pallet_authority_discovery::Pallet<T>
              pallet_timestamp::Pallet<T>
              pallet_indices::Pallet<T>
              pallet_offences::Pallet<T>
              pallet_sudo::Pallet<T>
              pallet_multisig::Pallet<T>
              pallet_session::historical::Pallet<T>
              pallet_grandpa::Pallet<T>
            and 12 others
note: required because it appears within the type `RuntimeCall`
   --> runtime/src/lib.rs:342:1
    |
342 | // construct_runtime!(
343 | ||     pub struct Runtime
344 | ||     {
345 | ||         Staking: pallet_staking::{Pallet, Storage, Config<T>, Event<T>} = 5,
...   ||
371 | ||     }
372 | || );
    | ||_- in this macro invocation
...   |
651 | |      }
652 | |
    | |__________^
    = help: see issue #48214
    = help: add `#![feature(trivial_bounds)]` to the crate attributes to enable
    = note: this error originates in the macro `frame_support::construct_runtime` which comes from the expansion of the macro `construct_runtime` (in Nightly builds, run with -Z macro-backtrace for more info)

error[E0277]: the trait bound `clarus_mandate::Pallet<Runtime>: Callable<Runtime>` is not satisfied
   --> runtime/src/lib.rs:342:1
    |
342 | // construct_runtime!(
343 | ||     pub struct Runtime
344 | ||     {
345 | ||         Staking: pallet_staking::{Pallet, Storage, Config<T>, Event<T>} = 5,
...   ||
371 | ||     }
372 | || );
    | ||_- in this macro invocation
...   |
651 | |      }
652 | |
    | |__________^ the trait `Callable<Runtime>` is not implemented for `clarus_mandate::Pallet<Runtime>`
    |
    = help: the following other types implement trait `Callable<T>`:
              pallet_authority_discovery::Pallet<T>
              pallet_timestamp::Pallet<T>
              pallet_indices::Pallet<T>
              pallet_offences::Pallet<T>
              pallet_sudo::Pallet<T>
              pallet_multisig::Pallet<T>
              pallet_session::historical::Pallet<T>
              pallet_grandpa::Pallet<T>
            and 12 others
    = note: this error originates in the macro `frame_support::construct_runtime` which comes from the expansion of the macro `construct_runtime` (in Nightly builds, run with -Z macro-backtrace for more info)

error[E0277]: the trait bound `clarus_mandate::Pallet<Runtime>: Callable<Runtime>` is not satisfied in `RuntimeCall`
   --> runtime/src/lib.rs:342:1
    |
342 | // construct_runtime!(
343 | ||     pub struct Runtime
344 | ||     {
345 | ||         Staking: pallet_staking::{Pallet, Storage, Config<T>, Event<T>} = 5,
...   ||
371 | ||     }
372 | || );
    | ||_- in this macro invocation
...   |
651 | |      }
652 | |
    | |__________^ within `RuntimeCall`, the trait `Callable<Runtime>` is not implemented for `clarus_mandate::Pallet<Runtime>`
    |
    = help: the following other types implement trait `Callable<T>`:
              pallet_authority_discovery::Pallet<T>
              pallet_timestamp::Pallet<T>
              pallet_indices::Pallet<T>
              pallet_offences::Pallet<T>
              pallet_sudo::Pallet<T>
              pallet_multisig::Pallet<T>
              pallet_session::historical::Pallet<T>
              pallet_grandpa::Pallet<T>
            and 12 others
note: required because it appears within the type `RuntimeCall`
   --> runtime/src/lib.rs:342:1
    |
342 | // construct_runtime!(
343 | ||     pub struct Runtime
344 | ||     {
345 | ||         Staking: pallet_staking::{Pallet, Storage, Config<T>, Event<T>} = 5,
...   ||
371 | ||     }
372 | || );
    | ||_- in this macro invocation
...   |
651 | |      }
652 | |
    | |__________^
note: required by a bound in `std::clone::Clone`
   --> /home/asmita/.rustup/toolchains/nightly-2023-09-27-x86_64-unknown-linux-gnu/lib/rustlib/src/rust/library/core/src/clone.rs:147:18
    |
147 | pub trait Clone: Sized {
    |                  ^^^^^ required by this bound in `Clone`
    = note: this error originates in the derive macro `Clone` which comes from the expansion of the macro `construct_runtime` (in Nightly builds, run with -Z macro-backtrace for more info)

error[E0277]: the trait bound `clarus_mandate::Pallet<Runtime>: Callable<Runtime>` is not satisfied in `RuntimeCall`
   --> runtime/src/lib.rs:342:1
    |
342 | // construct_runtime!(
343 | ||     pub struct Runtime
344 | ||     {
345 | ||         Staking: pallet_staking::{Pallet, Storage, Config<T>, Event<T>} = 5,
...   ||
371 | ||     }
372 | || );
    | ||_- in this macro invocation
...   |
651 | |      }
652 | |
    | |__________^ within `RuntimeCall`, the trait `Callable<Runtime>` is not implemented for `clarus_mandate::Pallet<Runtime>`
    |
    = help: the following other types implement trait `Callable<T>`:
              pallet_authority_discovery::Pallet<T>
              pallet_timestamp::Pallet<T>
              pallet_indices::Pallet<T>
              pallet_offences::Pallet<T>
              pallet_sudo::Pallet<T>
              pallet_multisig::Pallet<T>
              pallet_session::historical::Pallet<T>
              pallet_grandpa::Pallet<T>
            and 12 others
note: required because it appears within the type `RuntimeCall`
   --> runtime/src/lib.rs:342:1
    |
342 | // construct_runtime!(
343 | ||     pub struct Runtime
344 | ||     {
345 | ||         Staking: pallet_staking::{Pallet, Storage, Config<T>, Event<T>} = 5,
...   ||
371 | ||     }
372 | || );
    | ||_- in this macro invocation
...   |
651 | |      }
652 | |
    | |__________^
note: required by a bound in `EncodeLike`
   --> /home/asmita/.cargo/registry/src/index.crates.io-6f17d22bba15001f/parity-scale-codec-3.6.9/src/encode_like.rs:73:41
    |
73  | pub trait EncodeLike<T: Encode = Self>: Sized + Encode {}
    |                                         ^^^^^ required by this bound in `EncodeLike`
    = note: this error originates in the macro `frame_support::construct_runtime` which comes from the expansion of the macro `construct_runtime` (in Nightly builds, run with -Z macro-backtrace for more info)

error[E0277]: the trait bound `clarus_mandate::Pallet<Runtime>: Callable<Runtime>` is not satisfied in `RuntimeCall`
   --> runtime/src/lib.rs:342:1
    |
342 | // construct_runtime!(
343 | ||     pub struct Runtime
344 | ||     {
345 | ||         Staking: pallet_staking::{Pallet, Storage, Config<T>, Event<T>} = 5,
...   ||
371 | ||     }
372 | || );
    | ||_- in this macro invocation
...   |
651 | |      }
652 | |
    | |__________^ within `RuntimeCall`, the trait `Callable<Runtime>` is not implemented for `clarus_mandate::Pallet<Runtime>`
    |
    = help: the following other types implement trait `Callable<T>`:
              pallet_authority_discovery::Pallet<T>
              pallet_timestamp::Pallet<T>
              pallet_indices::Pallet<T>
              pallet_offences::Pallet<T>
              pallet_sudo::Pallet<T>
              pallet_multisig::Pallet<T>
              pallet_session::historical::Pallet<T>
              pallet_grandpa::Pallet<T>
            and 12 others
note: required because it appears within the type `RuntimeCall`
   --> runtime/src/lib.rs:342:1
    |
342 | // construct_runtime!(
343 | ||     pub struct Runtime
344 | ||     {
345 | ||         Staking: pallet_staking::{Pallet, Storage, Config<T>, Event<T>} = 5,
...   ||
371 | ||     }
372 | || );
    | ||_- in this macro invocation
...   |
651 | |      }
652 | |
    | |__________^
note: required by a bound in `Decode`
   --> /home/asmita/.cargo/registry/src/index.crates.io-6f17d22bba15001f/parity-scale-codec-3.6.9/src/codec.rs:289:19
    |
289 | pub trait Decode: Sized {
    |                   ^^^^^ required by this bound in `Decode`
    = note: this error originates in the macro `frame_support::construct_runtime` which comes from the expansion of the macro `construct_runtime` (in Nightly builds, run with -Z macro-backtrace for more info)

error[E0277]: the trait bound `clarus_mandate::Pallet<Runtime>: Callable<Runtime>` is not satisfied in `RuntimeCall`
   --> runtime/src/lib.rs:342:1
    |
342 | // construct_runtime!(
343 | ||     pub struct Runtime
344 | ||     {
345 | ||         Staking: pallet_staking::{Pallet, Storage, Config<T>, Event<T>} = 5,
...   ||
371 | ||     }
372 | || );
    | ||_- in this macro invocation
...   |
651 | |      }
652 | |
    | |__________^ within `RuntimeCall`, the trait `Callable<Runtime>` is not implemented for `clarus_mandate::Pallet<Runtime>`
    |
    = help: the following other types implement trait `Callable<T>`:
              pallet_authority_discovery::Pallet<T>
              pallet_timestamp::Pallet<T>
              pallet_indices::Pallet<T>
              pallet_offences::Pallet<T>
              pallet_sudo::Pallet<T>
              pallet_multisig::Pallet<T>
              pallet_session::historical::Pallet<T>
              pallet_grandpa::Pallet<T>
            and 12 others
note: required because it appears within the type `RuntimeCall`
   --> runtime/src/lib.rs:342:1
    |
342 | // construct_runtime!(
343 | ||     pub struct Runtime
344 | ||     {
345 | ||         Staking: pallet_staking::{Pallet, Storage, Config<T>, Event<T>} = 5,
...   ||
371 | ||     }
372 | || );
    | ||_- in this macro invocation
...   |
651 | |      }
652 | |
    | |__________^
note: required by a bound in `From`
   --> /home/asmita/.rustup/toolchains/nightly-2023-09-27-x86_64-unknown-linux-gnu/lib/rustlib/src/rust/library/core/src/convert/mod.rs:538:20
    |
538 | pub trait From<T>: Sized {
    |                    ^^^^^ required by this bound in `From`
    = note: this error originates in the macro `frame_support::construct_runtime` which comes from the expansion of the macro `construct_runtime` (in Nightly builds, run with -Z macro-backtrace for more info)

error[E0277]: the trait bound `clarus_mandate::Pallet<Runtime>: Callable<Runtime>` is not satisfied in `RuntimeCall`
   --> runtime/src/lib.rs:342:1
    |
342 | // construct_runtime!(
343 | ||     pub struct Runtime
344 | ||     {
345 | ||         Staking: pallet_staking::{Pallet, Storage, Config<T>, Event<T>} = 5,
...   ||
371 | ||     }
372 | || );
    | ||_- in this macro invocation
...   |
651 | |      }
652 | |
    | |__________^ within `RuntimeCall`, the trait `Callable<Runtime>` is not implemented for `clarus_mandate::Pallet<Runtime>`
    |
    = help: the following other types implement trait `Callable<T>`:
              pallet_authority_discovery::Pallet<T>
              pallet_timestamp::Pallet<T>
              pallet_indices::Pallet<T>
              pallet_offences::Pallet<T>
              pallet_sudo::Pallet<T>
              pallet_multisig::Pallet<T>
              pallet_session::historical::Pallet<T>
              pallet_grandpa::Pallet<T>
            and 12 others
note: required because it appears within the type `RuntimeCall`
   --> runtime/src/lib.rs:342:1
    |
342 | // construct_runtime!(
343 | ||     pub struct Runtime
344 | ||     {
345 | ||         Staking: pallet_staking::{Pallet, Storage, Config<T>, Event<T>} = 5,
...   ||
371 | ||     }
372 | || );
    | ||_- in this macro invocation
...   |
651 | |      }
652 | |
    | |__________^
note: required by a bound in `sp_runtime::generic::UncheckedExtrinsic`
   --> /home/asmita/.cargo/git/checkouts/polkadot-sdk-cff69157b985ed76/a3e4fce/substrate/primitives/runtime/src/generic/unchecked_extrinsic.rs:49:40
    |
49  | pub struct UncheckedExtrinsic<Address, Call, Signature, Extra>
    |                                        ^^^^ required by this bound in `UncheckedExtrinsic`
    = note: this error originates in the macro `frame_support::construct_runtime` which comes from the expansion of the macro `construct_runtime` (in Nightly builds, run with -Z macro-backtrace for more info)

error[E0277]: the trait bound `sp_runtime::generic::Block<sp_runtime::generic::Header<u32, sp_runtime::traits::BlakeTwo256>, sp_runtime::generic::UncheckedExtrinsic<MultiAddress<AccountId32, u32>, RuntimeCall, MultiSignature, (CheckNonZeroSender<Runtime>, CheckSpecVersion<Runtime>, CheckTxVersion<Runtime>, CheckGenesis<Runtime>, CheckEra<Runtime>, CheckNonce<Runtime>, CheckWeight<Runtime>, ChargeTransactionPayment<Runtime>)>>: Encode` is not satisfied
   --> runtime/src/lib.rs:450:10
    |
450 |     impl sp_api::Core<Block> for Runtime {
    |          ^^^^^^^^^^^^^^^^^^^ the trait `Encode` is not implemented for `sp_runtime::generic::Block<sp_runtime::generic::Header<u32, sp_runtime::traits::BlakeTwo256>, sp_runtime::generic::UncheckedExtrinsic<MultiAddress<AccountId32, u32>, RuntimeCall, MultiSignature, (CheckNonZeroSender<Runtime>, CheckSpecVersion<Runtime>, CheckTxVersion<Runtime>, CheckGenesis<Runtime>, CheckEra<Runtime>, CheckNonce<Runtime>, CheckWeight<Runtime>, ChargeTransactionPayment<Runtime>)>>`
    |
    = help: the trait `Encode` is implemented for `sp_runtime::generic::Block<Header, Extrinsic>`
    = note: required for `Block<Header<u32, BlakeTwo256>, UncheckedExtrinsic<MultiAddress<AccountId32, u32>, RuntimeCall, ..., ...>>` to implement `Codec`
    = note: the full type name has been written to '/home/asmita/personal/project2_bitcoin/clarus/target/debug/deps/clarus_runtime-45a1e633dfb15d6d.long-type-9781536913168560711.txt'
    = note: required for `Block<Header<u32, BlakeTwo256>, UncheckedExtrinsic<MultiAddress<AccountId32, u32>, RuntimeCall, ..., ...>>` to implement `sp_api::BlockT`
    = note: the full type name has been written to '/home/asmita/personal/project2_bitcoin/clarus/target/debug/deps/clarus_runtime-45a1e633dfb15d6d.long-type-9781536913168560711.txt'
note: required by a bound in `CoreV4`
   --> /home/asmita/.cargo/git/checkouts/polkadot-sdk-cff69157b985ed76/a3e4fce/substrate/primitives/api/src/lib.rs:787:1
    |
787 | / decl_runtime_apis! {
788 | |     /// The `Core` runtime api that every Substrate runtime needs to implement.
789 | |     #[core_trait]
790 | |     #[api_version(4)]
...   |
817 | |     }
818 | | }
    | |_^ required by this bound in `CoreV4`
    = note: this error originates in the macro `decl_runtime_apis` (in Nightly builds, run with -Z macro-backtrace for more info)

error[E0277]: the trait bound `sp_runtime::generic::Block<sp_runtime::generic::Header<u32, sp_runtime::traits::BlakeTwo256>, sp_runtime::generic::UncheckedExtrinsic<MultiAddress<AccountId32, u32>, RuntimeCall, MultiSignature, (CheckNonZeroSender<Runtime>, CheckSpecVersion<Runtime>, CheckTxVersion<Runtime>, CheckGenesis<Runtime>, CheckEra<Runtime>, CheckNonce<Runtime>, CheckWeight<Runtime>, ChargeTransactionPayment<Runtime>)>>: Decode` is not satisfied
   --> runtime/src/lib.rs:450:10
    |
450 |     impl sp_api::Core<Block> for Runtime {
    |          ^^^^^^^^^^^^^^^^^^^ the trait `Decode` is not implemented for `sp_runtime::generic::Block<sp_runtime::generic::Header<u32, sp_runtime::traits::BlakeTwo256>, sp_runtime::generic::UncheckedExtrinsic<MultiAddress<AccountId32, u32>, RuntimeCall, MultiSignature, (CheckNonZeroSender<Runtime>, CheckSpecVersion<Runtime>, CheckTxVersion<Runtime>, CheckGenesis<Runtime>, CheckEra<Runtime>, CheckNonce<Runtime>, CheckWeight<Runtime>, ChargeTransactionPayment<Runtime>)>>`
    |
    = help: the trait `Decode` is implemented for `sp_runtime::generic::Block<Header, Extrinsic>`
    = note: required for `Block<Header<u32, BlakeTwo256>, UncheckedExtrinsic<MultiAddress<AccountId32, u32>, RuntimeCall, ..., ...>>` to implement `Codec`
    = note: the full type name has been written to '/home/asmita/personal/project2_bitcoin/clarus/target/debug/deps/clarus_runtime-45a1e633dfb15d6d.long-type-9781536913168560711.txt'
    = note: required for `Block<Header<u32, BlakeTwo256>, UncheckedExtrinsic<MultiAddress<AccountId32, u32>, RuntimeCall, ..., ...>>` to implement `sp_api::BlockT`
    = note: the full type name has been written to '/home/asmita/personal/project2_bitcoin/clarus/target/debug/deps/clarus_runtime-45a1e633dfb15d6d.long-type-9781536913168560711.txt'
note: required by a bound in `CoreV4`
   --> /home/asmita/.cargo/git/checkouts/polkadot-sdk-cff69157b985ed76/a3e4fce/substrate/primitives/api/src/lib.rs:787:1
    |
787 | / decl_runtime_apis! {
788 | |     /// The `Core` runtime api that every Substrate runtime needs to implement.
789 | |     #[core_trait]
790 | |     #[api_version(4)]
...   |
817 | |     }
818 | | }
    | |_^ required by this bound in `CoreV4`
    = note: this error originates in the macro `decl_runtime_apis` (in Nightly builds, run with -Z macro-backtrace for more info)

error[E0277]: the trait bound `sp_runtime::generic::UncheckedExtrinsic<MultiAddress<AccountId32, u32>, RuntimeCall, MultiSignature, (CheckNonZeroSender<Runtime>, CheckSpecVersion<Runtime>, CheckTxVersion<Runtime>, CheckGenesis<Runtime>, CheckEra<Runtime>, CheckNonce<Runtime>, CheckWeight<Runtime>, ChargeTransactionPayment<Runtime>)>: Decode` is not satisfied
   --> runtime/src/lib.rs:450:10
    |
450 |     impl sp_api::Core<Block> for Runtime {
    |          ^^^^^^^^^^^^^^^^^^^ the trait `Decode` is not implemented for `sp_runtime::generic::UncheckedExtrinsic<MultiAddress<AccountId32, u32>, RuntimeCall, MultiSignature, (CheckNonZeroSender<Runtime>, CheckSpecVersion<Runtime>, CheckTxVersion<Runtime>, CheckGenesis<Runtime>, CheckEra<Runtime>, CheckNonce<Runtime>, CheckWeight<Runtime>, ChargeTransactionPayment<Runtime>)>`
    |
    = help: the trait `Decode` is implemented for `sp_runtime::generic::UncheckedExtrinsic<Address, Call, Signature, Extra>`
    = note: required for `UncheckedExtrinsic<MultiAddress<AccountId32, u32>, RuntimeCall, MultiSignature, ...>` to implement `Codec`
    = note: the full type name has been written to '/home/asmita/personal/project2_bitcoin/clarus/target/debug/deps/clarus_runtime-45a1e633dfb15d6d.long-type-7556966523782775049.txt'
    = note: required for `Block<Header<u32, BlakeTwo256>, UncheckedExtrinsic<MultiAddress<AccountId32, u32>, RuntimeCall, ..., ...>>` to implement `sp_api::BlockT`
    = note: the full type name has been written to '/home/asmita/personal/project2_bitcoin/clarus/target/debug/deps/clarus_runtime-45a1e633dfb15d6d.long-type-9781536913168560711.txt'

error[E0277]: the trait bound `sp_runtime::generic::UncheckedExtrinsic<MultiAddress<AccountId32, u32>, RuntimeCall, MultiSignature, (CheckNonZeroSender<Runtime>, CheckSpecVersion<Runtime>, CheckTxVersion<Runtime>, CheckGenesis<Runtime>, CheckEra<Runtime>, CheckNonce<Runtime>, CheckWeight<Runtime>, ChargeTransactionPayment<Runtime>)>: Encode` is not satisfied
   --> runtime/src/lib.rs:450:10
    |
450 |     impl sp_api::Core<Block> for Runtime {
    |          ^^^^^^^^^^^^^^^^^^^ the trait `Encode` is not implemented for `sp_runtime::generic::UncheckedExtrinsic<MultiAddress<AccountId32, u32>, RuntimeCall, MultiSignature, (CheckNonZeroSender<Runtime>, CheckSpecVersion<Runtime>, CheckTxVersion<Runtime>, CheckGenesis<Runtime>, CheckEra<Runtime>, CheckNonce<Runtime>, CheckWeight<Runtime>, ChargeTransactionPayment<Runtime>)>`
    |
    = help: the trait `Encode` is implemented for `sp_runtime::generic::UncheckedExtrinsic<Address, Call, Signature, Extra>`
    = note: required for `UncheckedExtrinsic<MultiAddress<AccountId32, u32>, RuntimeCall, MultiSignature, ...>` to implement `Codec`
    = note: the full type name has been written to '/home/asmita/personal/project2_bitcoin/clarus/target/debug/deps/clarus_runtime-45a1e633dfb15d6d.long-type-7556966523782775049.txt'
    = note: required for `Block<Header<u32, BlakeTwo256>, UncheckedExtrinsic<MultiAddress<AccountId32, u32>, RuntimeCall, ..., ...>>` to implement `sp_api::BlockT`
    = note: the full type name has been written to '/home/asmita/personal/project2_bitcoin/clarus/target/debug/deps/clarus_runtime-45a1e633dfb15d6d.long-type-9781536913168560711.txt'

error[E0277]: the trait bound `clarus_mandate::Pallet<Runtime>: Callable<Runtime>` is not satisfied in `RuntimeCall`
   --> runtime/src/lib.rs:450:10
    |
450 |     impl sp_api::Core<Block> for Runtime {
    |          ^^^^^^^^^^^^^^^^^^^ within `RuntimeCall`, the trait `Callable<Runtime>` is not implemented for `clarus_mandate::Pallet<Runtime>`
    |
    = help: the following other types implement trait `Callable<T>`:
              pallet_authority_discovery::Pallet<T>
              pallet_timestamp::Pallet<T>
              pallet_indices::Pallet<T>
              pallet_offences::Pallet<T>
              pallet_sudo::Pallet<T>
              pallet_multisig::Pallet<T>
              pallet_session::historical::Pallet<T>
              pallet_grandpa::Pallet<T>
            and 12 others
note: required because it appears within the type `RuntimeCall`
   --> runtime/src/lib.rs:342:1
    |
342 | // construct_runtime!(
343 | ||     pub struct Runtime
344 | ||     {
345 | ||         Staking: pallet_staking::{Pallet, Storage, Config<T>, Event<T>} = 5,
...   ||
371 | ||     }
372 | || );
    | ||_- in this macro invocation
...   |
651 | |      }
652 | |
    | |__________^
    = note: required for `UncheckedExtrinsic<MultiAddress<AccountId32, u32>, RuntimeCall, MultiSignature, ...>` to implement `Extrinsic`
    = note: the full type name has been written to '/home/asmita/personal/project2_bitcoin/clarus/target/debug/deps/clarus_runtime-45a1e633dfb15d6d.long-type-7556966523782775049.txt'
    = note: required for `Block<Header<u32, BlakeTwo256>, UncheckedExtrinsic<MultiAddress<AccountId32, u32>, RuntimeCall, ..., ...>>` to implement `sp_api::BlockT`
    = note: the full type name has been written to '/home/asmita/personal/project2_bitcoin/clarus/target/debug/deps/clarus_runtime-45a1e633dfb15d6d.long-type-9781536913168560711.txt'
    = note: this error originates in the macro `frame_support::construct_runtime` which comes from the expansion of the macro `construct_runtime` (in Nightly builds, run with -Z macro-backtrace for more info)

error[E0277]: the trait bound `sp_runtime::generic::Block<sp_runtime::generic::Header<u32, sp_runtime::traits::BlakeTwo256>, sp_runtime::generic::UncheckedExtrinsic<MultiAddress<AccountId32, u32>, RuntimeCall, MultiSignature, (CheckNonZeroSender<Runtime>, CheckSpecVersion<Runtime>, CheckTxVersion<Runtime>, CheckGenesis<Runtime>, CheckEra<Runtime>, CheckNonce<Runtime>, CheckWeight<Runtime>, ChargeTransactionPayment<Runtime>)>>: Encode` is not satisfied
   --> runtime/src/lib.rs:464:10
    |
464 |     impl sp_api::Metadata<Block> for Runtime {
    |          ^^^^^^^^^^^^^^^^^^^^^^^ the trait `Encode` is not implemented for `sp_runtime::generic::Block<sp_runtime::generic::Header<u32, sp_runtime::traits::BlakeTwo256>, sp_runtime::generic::UncheckedExtrinsic<MultiAddress<AccountId32, u32>, RuntimeCall, MultiSignature, (CheckNonZeroSender<Runtime>, CheckSpecVersion<Runtime>, CheckTxVersion<Runtime>, CheckGenesis<Runtime>, CheckEra<Runtime>, CheckNonce<Runtime>, CheckWeight<Runtime>, ChargeTransactionPayment<Runtime>)>>`
    |
    = help: the trait `Encode` is implemented for `sp_runtime::generic::Block<Header, Extrinsic>`
    = note: required for `Block<Header<u32, BlakeTwo256>, UncheckedExtrinsic<MultiAddress<AccountId32, u32>, RuntimeCall, ..., ...>>` to implement `Codec`
    = note: the full type name has been written to '/home/asmita/personal/project2_bitcoin/clarus/target/debug/deps/clarus_runtime-45a1e633dfb15d6d.long-type-9781536913168560711.txt'
    = note: required for `Block<Header<u32, BlakeTwo256>, UncheckedExtrinsic<MultiAddress<AccountId32, u32>, RuntimeCall, ..., ...>>` to implement `sp_api::BlockT`
    = note: the full type name has been written to '/home/asmita/personal/project2_bitcoin/clarus/target/debug/deps/clarus_runtime-45a1e633dfb15d6d.long-type-9781536913168560711.txt'
note: required by a bound in `MetadataV2`
   --> /home/asmita/.cargo/git/checkouts/polkadot-sdk-cff69157b985ed76/a3e4fce/substrate/primitives/api/src/lib.rs:787:1
    |
787 | / decl_runtime_apis! {
788 | |     /// The `Core` runtime api that every Substrate runtime needs to implement.
789 | |     #[core_trait]
790 | |     #[api_version(4)]
...   |
817 | |     }
818 | | }
    | |_^ required by this bound in `MetadataV2`
    = note: this error originates in the macro `decl_runtime_apis` (in Nightly builds, run with -Z macro-backtrace for more info)

error[E0277]: the trait bound `sp_runtime::generic::Block<sp_runtime::generic::Header<u32, sp_runtime::traits::BlakeTwo256>, sp_runtime::generic::UncheckedExtrinsic<MultiAddress<AccountId32, u32>, RuntimeCall, MultiSignature, (CheckNonZeroSender<Runtime>, CheckSpecVersion<Runtime>, CheckTxVersion<Runtime>, CheckGenesis<Runtime>, CheckEra<Runtime>, CheckNonce<Runtime>, CheckWeight<Runtime>, ChargeTransactionPayment<Runtime>)>>: Decode` is not satisfied
   --> runtime/src/lib.rs:464:10
    |
464 |     impl sp_api::Metadata<Block> for Runtime {
    |          ^^^^^^^^^^^^^^^^^^^^^^^ the trait `Decode` is not implemented for `sp_runtime::generic::Block<sp_runtime::generic::Header<u32, sp_runtime::traits::BlakeTwo256>, sp_runtime::generic::UncheckedExtrinsic<MultiAddress<AccountId32, u32>, RuntimeCall, MultiSignature, (CheckNonZeroSender<Runtime>, CheckSpecVersion<Runtime>, CheckTxVersion<Runtime>, CheckGenesis<Runtime>, CheckEra<Runtime>, CheckNonce<Runtime>, CheckWeight<Runtime>, ChargeTransactionPayment<Runtime>)>>`
    |
    = help: the trait `Decode` is implemented for `sp_runtime::generic::Block<Header, Extrinsic>`
    = note: required for `Block<Header<u32, BlakeTwo256>, UncheckedExtrinsic<MultiAddress<AccountId32, u32>, RuntimeCall, ..., ...>>` to implement `Codec`
    = note: the full type name has been written to '/home/asmita/personal/project2_bitcoin/clarus/target/debug/deps/clarus_runtime-45a1e633dfb15d6d.long-type-9781536913168560711.txt'
    = note: required for `Block<Header<u32, BlakeTwo256>, UncheckedExtrinsic<MultiAddress<AccountId32, u32>, RuntimeCall, ..., ...>>` to implement `sp_api::BlockT`
    = note: the full type name has been written to '/home/asmita/personal/project2_bitcoin/clarus/target/debug/deps/clarus_runtime-45a1e633dfb15d6d.long-type-9781536913168560711.txt'
note: required by a bound in `MetadataV2`
   --> /home/asmita/.cargo/git/checkouts/polkadot-sdk-cff69157b985ed76/a3e4fce/substrate/primitives/api/src/lib.rs:787:1
    |
787 | / decl_runtime_apis! {
788 | |     /// The `Core` runtime api that every Substrate runtime needs to implement.
789 | |     #[core_trait]
790 | |     #[api_version(4)]
...   |
817 | |     }
818 | | }
    | |_^ required by this bound in `MetadataV2`
    = note: this error originates in the macro `decl_runtime_apis` (in Nightly builds, run with -Z macro-backtrace for more info)

error[E0277]: the trait bound `sp_runtime::generic::UncheckedExtrinsic<MultiAddress<AccountId32, u32>, RuntimeCall, MultiSignature, (CheckNonZeroSender<Runtime>, CheckSpecVersion<Runtime>, CheckTxVersion<Runtime>, CheckGenesis<Runtime>, CheckEra<Runtime>, CheckNonce<Runtime>, CheckWeight<Runtime>, ChargeTransactionPayment<Runtime>)>: Decode` is not satisfied
   --> runtime/src/lib.rs:464:10
    |
464 |     impl sp_api::Metadata<Block> for Runtime {
    |          ^^^^^^^^^^^^^^^^^^^^^^^ the trait `Decode` is not implemented for `sp_runtime::generic::UncheckedExtrinsic<MultiAddress<AccountId32, u32>, RuntimeCall, MultiSignature, (CheckNonZeroSender<Runtime>, CheckSpecVersion<Runtime>, CheckTxVersion<Runtime>, CheckGenesis<Runtime>, CheckEra<Runtime>, CheckNonce<Runtime>, CheckWeight<Runtime>, ChargeTransactionPayment<Runtime>)>`
    |
    = help: the trait `Decode` is implemented for `sp_runtime::generic::UncheckedExtrinsic<Address, Call, Signature, Extra>`
    = note: required for `UncheckedExtrinsic<MultiAddress<AccountId32, u32>, RuntimeCall, MultiSignature, ...>` to implement `Codec`
    = note: the full type name has been written to '/home/asmita/personal/project2_bitcoin/clarus/target/debug/deps/clarus_runtime-45a1e633dfb15d6d.long-type-7556966523782775049.txt'
    = note: required for `Block<Header<u32, BlakeTwo256>, UncheckedExtrinsic<MultiAddress<AccountId32, u32>, RuntimeCall, ..., ...>>` to implement `sp_api::BlockT`
    = note: the full type name has been written to '/home/asmita/personal/project2_bitcoin/clarus/target/debug/deps/clarus_runtime-45a1e633dfb15d6d.long-type-9781536913168560711.txt'

error[E0277]: the trait bound `sp_runtime::generic::UncheckedExtrinsic<MultiAddress<AccountId32, u32>, RuntimeCall, MultiSignature, (CheckNonZeroSender<Runtime>, CheckSpecVersion<Runtime>, CheckTxVersion<Runtime>, CheckGenesis<Runtime>, CheckEra<Runtime>, CheckNonce<Runtime>, CheckWeight<Runtime>, ChargeTransactionPayment<Runtime>)>: Encode` is not satisfied
   --> runtime/src/lib.rs:464:10
    |
464 |     impl sp_api::Metadata<Block> for Runtime {
    |          ^^^^^^^^^^^^^^^^^^^^^^^ the trait `Encode` is not implemented for `sp_runtime::generic::UncheckedExtrinsic<MultiAddress<AccountId32, u32>, RuntimeCall, MultiSignature, (CheckNonZeroSender<Runtime>, CheckSpecVersion<Runtime>, CheckTxVersion<Runtime>, CheckGenesis<Runtime>, CheckEra<Runtime>, CheckNonce<Runtime>, CheckWeight<Runtime>, ChargeTransactionPayment<Runtime>)>`
    |
    = help: the trait `Encode` is implemented for `sp_runtime::generic::UncheckedExtrinsic<Address, Call, Signature, Extra>`
    = note: required for `UncheckedExtrinsic<MultiAddress<AccountId32, u32>, RuntimeCall, MultiSignature, ...>` to implement `Codec`
    = note: the full type name has been written to '/home/asmita/personal/project2_bitcoin/clarus/target/debug/deps/clarus_runtime-45a1e633dfb15d6d.long-type-7556966523782775049.txt'
    = note: required for `Block<Header<u32, BlakeTwo256>, UncheckedExtrinsic<MultiAddress<AccountId32, u32>, RuntimeCall, ..., ...>>` to implement `sp_api::BlockT`
    = note: the full type name has been written to '/home/asmita/personal/project2_bitcoin/clarus/target/debug/deps/clarus_runtime-45a1e633dfb15d6d.long-type-9781536913168560711.txt'

error[E0277]: the trait bound `clarus_mandate::Pallet<Runtime>: Callable<Runtime>` is not satisfied in `RuntimeCall`
   --> runtime/src/lib.rs:464:10
    |
464 |     impl sp_api::Metadata<Block> for Runtime {
    |          ^^^^^^^^^^^^^^^^^^^^^^^ within `RuntimeCall`, the trait `Callable<Runtime>` is not implemented for `clarus_mandate::Pallet<Runtime>`
    |
    = help: the following other types implement trait `Callable<T>`:
              pallet_authority_discovery::Pallet<T>
              pallet_timestamp::Pallet<T>
              pallet_indices::Pallet<T>
              pallet_offences::Pallet<T>
              pallet_sudo::Pallet<T>
              pallet_multisig::Pallet<T>
              pallet_session::historical::Pallet<T>
              pallet_grandpa::Pallet<T>
            and 12 others
note: required because it appears within the type `RuntimeCall`
   --> runtime/src/lib.rs:342:1
    |
342 | // construct_runtime!(
343 | ||     pub struct Runtime
344 | ||     {
345 | ||         Staking: pallet_staking::{Pallet, Storage, Config<T>, Event<T>} = 5,
...   ||
371 | ||     }
372 | || );
    | ||_- in this macro invocation
...   |
651 | |      }
652 | |
    | |__________^
    = note: required for `UncheckedExtrinsic<MultiAddress<AccountId32, u32>, RuntimeCall, MultiSignature, ...>` to implement `Extrinsic`
    = note: the full type name has been written to '/home/asmita/personal/project2_bitcoin/clarus/target/debug/deps/clarus_runtime-45a1e633dfb15d6d.long-type-7556966523782775049.txt'
    = note: required for `Block<Header<u32, BlakeTwo256>, UncheckedExtrinsic<MultiAddress<AccountId32, u32>, RuntimeCall, ..., ...>>` to implement `sp_api::BlockT`
    = note: the full type name has been written to '/home/asmita/personal/project2_bitcoin/clarus/target/debug/deps/clarus_runtime-45a1e633dfb15d6d.long-type-9781536913168560711.txt'
    = note: this error originates in the macro `frame_support::construct_runtime` which comes from the expansion of the macro `construct_runtime` (in Nightly builds, run with -Z macro-backtrace for more info)

error[E0277]: the trait bound `sp_runtime::generic::Block<sp_runtime::generic::Header<u32, sp_runtime::traits::BlakeTwo256>, sp_runtime::generic::UncheckedExtrinsic<MultiAddress<AccountId32, u32>, RuntimeCall, MultiSignature, (CheckNonZeroSender<Runtime>, CheckSpecVersion<Runtime>, CheckTxVersion<Runtime>, CheckGenesis<Runtime>, CheckEra<Runtime>, CheckNonce<Runtime>, CheckWeight<Runtime>, ChargeTransactionPayment<Runtime>)>>: Encode` is not satisfied
   --> runtime/src/lib.rs:478:10
    |
478 |     impl sp_block_builder::BlockBuilder<Block> for Runtime {
    |          ^^^^^^^^^^^^^^^^^^^^^^^^^^^^^^^^^^^^^ the trait `Encode` is not implemented for `sp_runtime::generic::Block<sp_runtime::generic::Header<u32, sp_runtime::traits::BlakeTwo256>, sp_runtime::generic::UncheckedExtrinsic<MultiAddress<AccountId32, u32>, RuntimeCall, MultiSignature, (CheckNonZeroSender<Runtime>, CheckSpecVersion<Runtime>, CheckTxVersion<Runtime>, CheckGenesis<Runtime>, CheckEra<Runtime>, CheckNonce<Runtime>, CheckWeight<Runtime>, ChargeTransactionPayment<Runtime>)>>`
    |
    = help: the trait `Encode` is implemented for `sp_runtime::generic::Block<Header, Extrinsic>`
    = note: required for `Block<Header<u32, BlakeTwo256>, UncheckedExtrinsic<MultiAddress<AccountId32, u32>, RuntimeCall, ..., ...>>` to implement `Codec`
    = note: the full type name has been written to '/home/asmita/personal/project2_bitcoin/clarus/target/debug/deps/clarus_runtime-45a1e633dfb15d6d.long-type-9781536913168560711.txt'
    = note: required for `Block<Header<u32, BlakeTwo256>, UncheckedExtrinsic<MultiAddress<AccountId32, u32>, RuntimeCall, ..., ...>>` to implement `sp_api::BlockT`
    = note: the full type name has been written to '/home/asmita/personal/project2_bitcoin/clarus/target/debug/deps/clarus_runtime-45a1e633dfb15d6d.long-type-9781536913168560711.txt'
note: required by a bound in `BlockBuilderV6`
   --> /home/asmita/.cargo/git/checkouts/polkadot-sdk-cff69157b985ed76/a3e4fce/substrate/primitives/block-builder/src/lib.rs:25:1
    |
25  | / sp_api::decl_runtime_apis! {
26  | |     /// The `BlockBuilder` api trait that provides the required functionality for building a block.
27  | |     #[api_version(6)]
28  | |     pub trait BlockBuilder {
...   |
51  | |     }
52  | | }
    | |_^ required by this bound in `BlockBuilderV6`
    = note: this error originates in the macro `sp_api::decl_runtime_apis` (in Nightly builds, run with -Z macro-backtrace for more info)

error[E0277]: the trait bound `sp_runtime::generic::Block<sp_runtime::generic::Header<u32, sp_runtime::traits::BlakeTwo256>, sp_runtime::generic::UncheckedExtrinsic<MultiAddress<AccountId32, u32>, RuntimeCall, MultiSignature, (CheckNonZeroSender<Runtime>, CheckSpecVersion<Runtime>, CheckTxVersion<Runtime>, CheckGenesis<Runtime>, CheckEra<Runtime>, CheckNonce<Runtime>, CheckWeight<Runtime>, ChargeTransactionPayment<Runtime>)>>: Decode` is not satisfied
   --> runtime/src/lib.rs:478:10
    |
478 |     impl sp_block_builder::BlockBuilder<Block> for Runtime {
    |          ^^^^^^^^^^^^^^^^^^^^^^^^^^^^^^^^^^^^^ the trait `Decode` is not implemented for `sp_runtime::generic::Block<sp_runtime::generic::Header<u32, sp_runtime::traits::BlakeTwo256>, sp_runtime::generic::UncheckedExtrinsic<MultiAddress<AccountId32, u32>, RuntimeCall, MultiSignature, (CheckNonZeroSender<Runtime>, CheckSpecVersion<Runtime>, CheckTxVersion<Runtime>, CheckGenesis<Runtime>, CheckEra<Runtime>, CheckNonce<Runtime>, CheckWeight<Runtime>, ChargeTransactionPayment<Runtime>)>>`
    |
    = help: the trait `Decode` is implemented for `sp_runtime::generic::Block<Header, Extrinsic>`
    = note: required for `Block<Header<u32, BlakeTwo256>, UncheckedExtrinsic<MultiAddress<AccountId32, u32>, RuntimeCall, ..., ...>>` to implement `Codec`
    = note: the full type name has been written to '/home/asmita/personal/project2_bitcoin/clarus/target/debug/deps/clarus_runtime-45a1e633dfb15d6d.long-type-9781536913168560711.txt'
    = note: required for `Block<Header<u32, BlakeTwo256>, UncheckedExtrinsic<MultiAddress<AccountId32, u32>, RuntimeCall, ..., ...>>` to implement `sp_api::BlockT`
    = note: the full type name has been written to '/home/asmita/personal/project2_bitcoin/clarus/target/debug/deps/clarus_runtime-45a1e633dfb15d6d.long-type-9781536913168560711.txt'
note: required by a bound in `BlockBuilderV6`
   --> /home/asmita/.cargo/git/checkouts/polkadot-sdk-cff69157b985ed76/a3e4fce/substrate/primitives/block-builder/src/lib.rs:25:1
    |
25  | / sp_api::decl_runtime_apis! {
26  | |     /// The `BlockBuilder` api trait that provides the required functionality for building a block.
27  | |     #[api_version(6)]
28  | |     pub trait BlockBuilder {
...   |
51  | |     }
52  | | }
    | |_^ required by this bound in `BlockBuilderV6`
    = note: this error originates in the macro `sp_api::decl_runtime_apis` (in Nightly builds, run with -Z macro-backtrace for more info)

error[E0277]: the trait bound `sp_runtime::generic::UncheckedExtrinsic<MultiAddress<AccountId32, u32>, RuntimeCall, MultiSignature, (CheckNonZeroSender<Runtime>, CheckSpecVersion<Runtime>, CheckTxVersion<Runtime>, CheckGenesis<Runtime>, CheckEra<Runtime>, CheckNonce<Runtime>, CheckWeight<Runtime>, ChargeTransactionPayment<Runtime>)>: Decode` is not satisfied
   --> runtime/src/lib.rs:478:10
    |
478 |     impl sp_block_builder::BlockBuilder<Block> for Runtime {
    |          ^^^^^^^^^^^^^^^^^^^^^^^^^^^^^^^^^^^^^ the trait `Decode` is not implemented for `sp_runtime::generic::UncheckedExtrinsic<MultiAddress<AccountId32, u32>, RuntimeCall, MultiSignature, (CheckNonZeroSender<Runtime>, CheckSpecVersion<Runtime>, CheckTxVersion<Runtime>, CheckGenesis<Runtime>, CheckEra<Runtime>, CheckNonce<Runtime>, CheckWeight<Runtime>, ChargeTransactionPayment<Runtime>)>`
    |
    = help: the trait `Decode` is implemented for `sp_runtime::generic::UncheckedExtrinsic<Address, Call, Signature, Extra>`
    = note: required for `UncheckedExtrinsic<MultiAddress<AccountId32, u32>, RuntimeCall, MultiSignature, ...>` to implement `Codec`
    = note: the full type name has been written to '/home/asmita/personal/project2_bitcoin/clarus/target/debug/deps/clarus_runtime-45a1e633dfb15d6d.long-type-7556966523782775049.txt'
    = note: required for `Block<Header<u32, BlakeTwo256>, UncheckedExtrinsic<MultiAddress<AccountId32, u32>, RuntimeCall, ..., ...>>` to implement `sp_api::BlockT`
    = note: the full type name has been written to '/home/asmita/personal/project2_bitcoin/clarus/target/debug/deps/clarus_runtime-45a1e633dfb15d6d.long-type-9781536913168560711.txt'

error[E0277]: the trait bound `sp_runtime::generic::UncheckedExtrinsic<MultiAddress<AccountId32, u32>, RuntimeCall, MultiSignature, (CheckNonZeroSender<Runtime>, CheckSpecVersion<Runtime>, CheckTxVersion<Runtime>, CheckGenesis<Runtime>, CheckEra<Runtime>, CheckNonce<Runtime>, CheckWeight<Runtime>, ChargeTransactionPayment<Runtime>)>: Encode` is not satisfied
   --> runtime/src/lib.rs:478:10
    |
478 |     impl sp_block_builder::BlockBuilder<Block> for Runtime {
    |          ^^^^^^^^^^^^^^^^^^^^^^^^^^^^^^^^^^^^^ the trait `Encode` is not implemented for `sp_runtime::generic::UncheckedExtrinsic<MultiAddress<AccountId32, u32>, RuntimeCall, MultiSignature, (CheckNonZeroSender<Runtime>, CheckSpecVersion<Runtime>, CheckTxVersion<Runtime>, CheckGenesis<Runtime>, CheckEra<Runtime>, CheckNonce<Runtime>, CheckWeight<Runtime>, ChargeTransactionPayment<Runtime>)>`
    |
    = help: the trait `Encode` is implemented for `sp_runtime::generic::UncheckedExtrinsic<Address, Call, Signature, Extra>`
    = note: required for `UncheckedExtrinsic<MultiAddress<AccountId32, u32>, RuntimeCall, MultiSignature, ...>` to implement `Codec`
    = note: the full type name has been written to '/home/asmita/personal/project2_bitcoin/clarus/target/debug/deps/clarus_runtime-45a1e633dfb15d6d.long-type-7556966523782775049.txt'
    = note: required for `Block<Header<u32, BlakeTwo256>, UncheckedExtrinsic<MultiAddress<AccountId32, u32>, RuntimeCall, ..., ...>>` to implement `sp_api::BlockT`
    = note: the full type name has been written to '/home/asmita/personal/project2_bitcoin/clarus/target/debug/deps/clarus_runtime-45a1e633dfb15d6d.long-type-9781536913168560711.txt'

error[E0277]: the trait bound `clarus_mandate::Pallet<Runtime>: Callable<Runtime>` is not satisfied in `RuntimeCall`
   --> runtime/src/lib.rs:478:10
    |
478 |     impl sp_block_builder::BlockBuilder<Block> for Runtime {
    |          ^^^^^^^^^^^^^^^^^^^^^^^^^^^^^^^^^^^^^ within `RuntimeCall`, the trait `Callable<Runtime>` is not implemented for `clarus_mandate::Pallet<Runtime>`
    |
    = help: the following other types implement trait `Callable<T>`:
              pallet_authority_discovery::Pallet<T>
              pallet_timestamp::Pallet<T>
              pallet_indices::Pallet<T>
              pallet_offences::Pallet<T>
              pallet_sudo::Pallet<T>
              pallet_multisig::Pallet<T>
              pallet_session::historical::Pallet<T>
              pallet_grandpa::Pallet<T>
            and 12 others
note: required because it appears within the type `RuntimeCall`
   --> runtime/src/lib.rs:342:1
    |
342 | // construct_runtime!(
343 | ||     pub struct Runtime
344 | ||     {
345 | ||         Staking: pallet_staking::{Pallet, Storage, Config<T>, Event<T>} = 5,
...   ||
371 | ||     }
372 | || );
    | ||_- in this macro invocation
...   |
651 | |      }
652 | |
    | |__________^
    = note: required for `UncheckedExtrinsic<MultiAddress<AccountId32, u32>, RuntimeCall, MultiSignature, ...>` to implement `Extrinsic`
    = note: the full type name has been written to '/home/asmita/personal/project2_bitcoin/clarus/target/debug/deps/clarus_runtime-45a1e633dfb15d6d.long-type-7556966523782775049.txt'
    = note: required for `Block<Header<u32, BlakeTwo256>, UncheckedExtrinsic<MultiAddress<AccountId32, u32>, RuntimeCall, ..., ...>>` to implement `sp_api::BlockT`
    = note: the full type name has been written to '/home/asmita/personal/project2_bitcoin/clarus/target/debug/deps/clarus_runtime-45a1e633dfb15d6d.long-type-9781536913168560711.txt'
    = note: this error originates in the macro `frame_support::construct_runtime` which comes from the expansion of the macro `construct_runtime` (in Nightly builds, run with -Z macro-backtrace for more info)

error[E0277]: the trait bound `sp_runtime::generic::Block<sp_runtime::generic::Header<u32, sp_runtime::traits::BlakeTwo256>, sp_runtime::generic::UncheckedExtrinsic<MultiAddress<AccountId32, u32>, RuntimeCall, MultiSignature, (CheckNonZeroSender<Runtime>, CheckSpecVersion<Runtime>, CheckTxVersion<Runtime>, CheckGenesis<Runtime>, CheckEra<Runtime>, CheckNonce<Runtime>, CheckWeight<Runtime>, ChargeTransactionPayment<Runtime>)>>: Encode` is not satisfied
   --> runtime/src/lib.rs:496:10
    |
496 |     impl sp_transaction_pool::runtime_api::TaggedTransactionQueue<Block> for Runtime {
    |          ^^^^^^^^^^^^^^^^^^^^^^^^^^^^^^^^^^^^^^^^^^^^^^^^^^^^^^^^^^^^^^^ the trait `Encode` is not implemented for `sp_runtime::generic::Block<sp_runtime::generic::Header<u32, sp_runtime::traits::BlakeTwo256>, sp_runtime::generic::UncheckedExtrinsic<MultiAddress<AccountId32, u32>, RuntimeCall, MultiSignature, (CheckNonZeroSender<Runtime>, CheckSpecVersion<Runtime>, CheckTxVersion<Runtime>, CheckGenesis<Runtime>, CheckEra<Runtime>, CheckNonce<Runtime>, CheckWeight<Runtime>, ChargeTransactionPayment<Runtime>)>>`
    |
    = help: the trait `Encode` is implemented for `sp_runtime::generic::Block<Header, Extrinsic>`
    = note: required for `Block<Header<u32, BlakeTwo256>, UncheckedExtrinsic<MultiAddress<AccountId32, u32>, RuntimeCall, ..., ...>>` to implement `Codec`
    = note: the full type name has been written to '/home/asmita/personal/project2_bitcoin/clarus/target/debug/deps/clarus_runtime-45a1e633dfb15d6d.long-type-9781536913168560711.txt'
    = note: required for `Block<Header<u32, BlakeTwo256>, UncheckedExtrinsic<MultiAddress<AccountId32, u32>, RuntimeCall, ..., ...>>` to implement `sp_api::BlockT`
    = note: the full type name has been written to '/home/asmita/personal/project2_bitcoin/clarus/target/debug/deps/clarus_runtime-45a1e633dfb15d6d.long-type-9781536913168560711.txt'
note: required by a bound in `TaggedTransactionQueueV3`
   --> /home/asmita/.cargo/git/checkouts/polkadot-sdk-cff69157b985ed76/a3e4fce/substrate/primitives/transaction-pool/src/runtime_api.rs:25:1
    |
25  | / sp_api::decl_runtime_apis! {
26  | |     /// The `TaggedTransactionQueue` api trait for interfering with the transaction queue.
27  | |     #[api_version(3)]
28  | |     pub trait TaggedTransactionQueue {
...   |
54  | |     }
55  | | }
    | |_^ required by this bound in `TaggedTransactionQueueV3`
    = note: this error originates in the macro `sp_api::decl_runtime_apis` (in Nightly builds, run with -Z macro-backtrace for more info)

error[E0277]: the trait bound `sp_runtime::generic::Block<sp_runtime::generic::Header<u32, sp_runtime::traits::BlakeTwo256>, sp_runtime::generic::UncheckedExtrinsic<MultiAddress<AccountId32, u32>, RuntimeCall, MultiSignature, (CheckNonZeroSender<Runtime>, CheckSpecVersion<Runtime>, CheckTxVersion<Runtime>, CheckGenesis<Runtime>, CheckEra<Runtime>, CheckNonce<Runtime>, CheckWeight<Runtime>, ChargeTransactionPayment<Runtime>)>>: Decode` is not satisfied
   --> runtime/src/lib.rs:496:10
    |
496 |     impl sp_transaction_pool::runtime_api::TaggedTransactionQueue<Block> for Runtime {
    |          ^^^^^^^^^^^^^^^^^^^^^^^^^^^^^^^^^^^^^^^^^^^^^^^^^^^^^^^^^^^^^^^ the trait `Decode` is not implemented for `sp_runtime::generic::Block<sp_runtime::generic::Header<u32, sp_runtime::traits::BlakeTwo256>, sp_runtime::generic::UncheckedExtrinsic<MultiAddress<AccountId32, u32>, RuntimeCall, MultiSignature, (CheckNonZeroSender<Runtime>, CheckSpecVersion<Runtime>, CheckTxVersion<Runtime>, CheckGenesis<Runtime>, CheckEra<Runtime>, CheckNonce<Runtime>, CheckWeight<Runtime>, ChargeTransactionPayment<Runtime>)>>`
    |
    = help: the trait `Decode` is implemented for `sp_runtime::generic::Block<Header, Extrinsic>`
    = note: required for `Block<Header<u32, BlakeTwo256>, UncheckedExtrinsic<MultiAddress<AccountId32, u32>, RuntimeCall, ..., ...>>` to implement `Codec`
    = note: the full type name has been written to '/home/asmita/personal/project2_bitcoin/clarus/target/debug/deps/clarus_runtime-45a1e633dfb15d6d.long-type-9781536913168560711.txt'
    = note: required for `Block<Header<u32, BlakeTwo256>, UncheckedExtrinsic<MultiAddress<AccountId32, u32>, RuntimeCall, ..., ...>>` to implement `sp_api::BlockT`
    = note: the full type name has been written to '/home/asmita/personal/project2_bitcoin/clarus/target/debug/deps/clarus_runtime-45a1e633dfb15d6d.long-type-9781536913168560711.txt'
note: required by a bound in `TaggedTransactionQueueV3`
   --> /home/asmita/.cargo/git/checkouts/polkadot-sdk-cff69157b985ed76/a3e4fce/substrate/primitives/transaction-pool/src/runtime_api.rs:25:1
    |
25  | / sp_api::decl_runtime_apis! {
26  | |     /// The `TaggedTransactionQueue` api trait for interfering with the transaction queue.
27  | |     #[api_version(3)]
28  | |     pub trait TaggedTransactionQueue {
...   |
54  | |     }
55  | | }
    | |_^ required by this bound in `TaggedTransactionQueueV3`
    = note: this error originates in the macro `sp_api::decl_runtime_apis` (in Nightly builds, run with -Z macro-backtrace for more info)

error[E0277]: the trait bound `sp_runtime::generic::UncheckedExtrinsic<MultiAddress<AccountId32, u32>, RuntimeCall, MultiSignature, (CheckNonZeroSender<Runtime>, CheckSpecVersion<Runtime>, CheckTxVersion<Runtime>, CheckGenesis<Runtime>, CheckEra<Runtime>, CheckNonce<Runtime>, CheckWeight<Runtime>, ChargeTransactionPayment<Runtime>)>: Decode` is not satisfied
   --> runtime/src/lib.rs:496:10
    |
496 |     impl sp_transaction_pool::runtime_api::TaggedTransactionQueue<Block> for Runtime {
    |          ^^^^^^^^^^^^^^^^^^^^^^^^^^^^^^^^^^^^^^^^^^^^^^^^^^^^^^^^^^^^^^^ the trait `Decode` is not implemented for `sp_runtime::generic::UncheckedExtrinsic<MultiAddress<AccountId32, u32>, RuntimeCall, MultiSignature, (CheckNonZeroSender<Runtime>, CheckSpecVersion<Runtime>, CheckTxVersion<Runtime>, CheckGenesis<Runtime>, CheckEra<Runtime>, CheckNonce<Runtime>, CheckWeight<Runtime>, ChargeTransactionPayment<Runtime>)>`
    |
    = help: the trait `Decode` is implemented for `sp_runtime::generic::UncheckedExtrinsic<Address, Call, Signature, Extra>`
    = note: required for `UncheckedExtrinsic<MultiAddress<AccountId32, u32>, RuntimeCall, MultiSignature, ...>` to implement `Codec`
    = note: the full type name has been written to '/home/asmita/personal/project2_bitcoin/clarus/target/debug/deps/clarus_runtime-45a1e633dfb15d6d.long-type-7556966523782775049.txt'
    = note: required for `Block<Header<u32, BlakeTwo256>, UncheckedExtrinsic<MultiAddress<AccountId32, u32>, RuntimeCall, ..., ...>>` to implement `sp_api::BlockT`
    = note: the full type name has been written to '/home/asmita/personal/project2_bitcoin/clarus/target/debug/deps/clarus_runtime-45a1e633dfb15d6d.long-type-9781536913168560711.txt'

error[E0277]: the trait bound `sp_runtime::generic::UncheckedExtrinsic<MultiAddress<AccountId32, u32>, RuntimeCall, MultiSignature, (CheckNonZeroSender<Runtime>, CheckSpecVersion<Runtime>, CheckTxVersion<Runtime>, CheckGenesis<Runtime>, CheckEra<Runtime>, CheckNonce<Runtime>, CheckWeight<Runtime>, ChargeTransactionPayment<Runtime>)>: Encode` is not satisfied
   --> runtime/src/lib.rs:496:10
    |
496 |     impl sp_transaction_pool::runtime_api::TaggedTransactionQueue<Block> for Runtime {
    |          ^^^^^^^^^^^^^^^^^^^^^^^^^^^^^^^^^^^^^^^^^^^^^^^^^^^^^^^^^^^^^^^ the trait `Encode` is not implemented for `sp_runtime::generic::UncheckedExtrinsic<MultiAddress<AccountId32, u32>, RuntimeCall, MultiSignature, (CheckNonZeroSender<Runtime>, CheckSpecVersion<Runtime>, CheckTxVersion<Runtime>, CheckGenesis<Runtime>, CheckEra<Runtime>, CheckNonce<Runtime>, CheckWeight<Runtime>, ChargeTransactionPayment<Runtime>)>`
    |
    = help: the trait `Encode` is implemented for `sp_runtime::generic::UncheckedExtrinsic<Address, Call, Signature, Extra>`
    = note: required for `UncheckedExtrinsic<MultiAddress<AccountId32, u32>, RuntimeCall, MultiSignature, ...>` to implement `Codec`
    = note: the full type name has been written to '/home/asmita/personal/project2_bitcoin/clarus/target/debug/deps/clarus_runtime-45a1e633dfb15d6d.long-type-7556966523782775049.txt'
    = note: required for `Block<Header<u32, BlakeTwo256>, UncheckedExtrinsic<MultiAddress<AccountId32, u32>, RuntimeCall, ..., ...>>` to implement `sp_api::BlockT`
    = note: the full type name has been written to '/home/asmita/personal/project2_bitcoin/clarus/target/debug/deps/clarus_runtime-45a1e633dfb15d6d.long-type-9781536913168560711.txt'

error[E0277]: the trait bound `clarus_mandate::Pallet<Runtime>: Callable<Runtime>` is not satisfied in `RuntimeCall`
   --> runtime/src/lib.rs:496:10
    |
496 |     impl sp_transaction_pool::runtime_api::TaggedTransactionQueue<Block> for Runtime {
    |          ^^^^^^^^^^^^^^^^^^^^^^^^^^^^^^^^^^^^^^^^^^^^^^^^^^^^^^^^^^^^^^^ within `RuntimeCall`, the trait `Callable<Runtime>` is not implemented for `clarus_mandate::Pallet<Runtime>`
    |
    = help: the following other types implement trait `Callable<T>`:
              pallet_authority_discovery::Pallet<T>
              pallet_timestamp::Pallet<T>
              pallet_indices::Pallet<T>
              pallet_offences::Pallet<T>
              pallet_sudo::Pallet<T>
              pallet_multisig::Pallet<T>
              pallet_session::historical::Pallet<T>
              pallet_grandpa::Pallet<T>
            and 12 others
note: required because it appears within the type `RuntimeCall`
   --> runtime/src/lib.rs:342:1
    |
342 | // construct_runtime!(
343 | ||     pub struct Runtime
344 | ||     {
345 | ||         Staking: pallet_staking::{Pallet, Storage, Config<T>, Event<T>} = 5,
...   ||
371 | ||     }
372 | || );
    | ||_- in this macro invocation
...   |
651 | |      }
652 | |
    | |__________^
    = note: required for `UncheckedExtrinsic<MultiAddress<AccountId32, u32>, RuntimeCall, MultiSignature, ...>` to implement `Extrinsic`
    = note: the full type name has been written to '/home/asmita/personal/project2_bitcoin/clarus/target/debug/deps/clarus_runtime-45a1e633dfb15d6d.long-type-7556966523782775049.txt'
    = note: required for `Block<Header<u32, BlakeTwo256>, UncheckedExtrinsic<MultiAddress<AccountId32, u32>, RuntimeCall, ..., ...>>` to implement `sp_api::BlockT`
    = note: the full type name has been written to '/home/asmita/personal/project2_bitcoin/clarus/target/debug/deps/clarus_runtime-45a1e633dfb15d6d.long-type-9781536913168560711.txt'
    = note: this error originates in the macro `frame_support::construct_runtime` which comes from the expansion of the macro `construct_runtime` (in Nightly builds, run with -Z macro-backtrace for more info)

error[E0277]: the trait bound `sp_runtime::generic::Block<sp_runtime::generic::Header<u32, sp_runtime::traits::BlakeTwo256>, sp_runtime::generic::UncheckedExtrinsic<MultiAddress<AccountId32, u32>, RuntimeCall, MultiSignature, (CheckNonZeroSender<Runtime>, CheckSpecVersion<Runtime>, CheckTxVersion<Runtime>, CheckGenesis<Runtime>, CheckEra<Runtime>, CheckNonce<Runtime>, CheckWeight<Runtime>, ChargeTransactionPayment<Runtime>)>>: Encode` is not satisfied
   --> runtime/src/lib.rs:506:10
    |
506 |     impl sp_offchain::OffchainWorkerApi<Block> for Runtime {
    |          ^^^^^^^^^^^^^^^^^^^^^^^^^^^^^^^^^^^^^ the trait `Encode` is not implemented for `sp_runtime::generic::Block<sp_runtime::generic::Header<u32, sp_runtime::traits::BlakeTwo256>, sp_runtime::generic::UncheckedExtrinsic<MultiAddress<AccountId32, u32>, RuntimeCall, MultiSignature, (CheckNonZeroSender<Runtime>, CheckSpecVersion<Runtime>, CheckTxVersion<Runtime>, CheckGenesis<Runtime>, CheckEra<Runtime>, CheckNonce<Runtime>, CheckWeight<Runtime>, ChargeTransactionPayment<Runtime>)>>`
    |
    = help: the trait `Encode` is implemented for `sp_runtime::generic::Block<Header, Extrinsic>`
    = note: required for `Block<Header<u32, BlakeTwo256>, UncheckedExtrinsic<MultiAddress<AccountId32, u32>, RuntimeCall, ..., ...>>` to implement `Codec`
    = note: the full type name has been written to '/home/asmita/personal/project2_bitcoin/clarus/target/debug/deps/clarus_runtime-45a1e633dfb15d6d.long-type-9781536913168560711.txt'
    = note: required for `Block<Header<u32, BlakeTwo256>, UncheckedExtrinsic<MultiAddress<AccountId32, u32>, RuntimeCall, ..., ...>>` to implement `sp_api::BlockT`
    = note: the full type name has been written to '/home/asmita/personal/project2_bitcoin/clarus/target/debug/deps/clarus_runtime-45a1e633dfb15d6d.long-type-9781536913168560711.txt'
note: required by a bound in `OffchainWorkerApiV2`
   --> /home/asmita/.cargo/git/checkouts/polkadot-sdk-cff69157b985ed76/a3e4fce/substrate/primitives/offchain/src/lib.rs:26:1
    |
26  | / sp_api::decl_runtime_apis! {
27  | |     /// The offchain worker api.
28  | |     #[api_version(2)]
29  | |     pub trait OffchainWorkerApi {
...   |
36  | |     }
37  | | }
    | |_^ required by this bound in `OffchainWorkerApiV2`
    = note: this error originates in the macro `sp_api::decl_runtime_apis` (in Nightly builds, run with -Z macro-backtrace for more info)

error[E0277]: the trait bound `sp_runtime::generic::Block<sp_runtime::generic::Header<u32, sp_runtime::traits::BlakeTwo256>, sp_runtime::generic::UncheckedExtrinsic<MultiAddress<AccountId32, u32>, RuntimeCall, MultiSignature, (CheckNonZeroSender<Runtime>, CheckSpecVersion<Runtime>, CheckTxVersion<Runtime>, CheckGenesis<Runtime>, CheckEra<Runtime>, CheckNonce<Runtime>, CheckWeight<Runtime>, ChargeTransactionPayment<Runtime>)>>: Decode` is not satisfied
   --> runtime/src/lib.rs:506:10
    |
506 |     impl sp_offchain::OffchainWorkerApi<Block> for Runtime {
    |          ^^^^^^^^^^^^^^^^^^^^^^^^^^^^^^^^^^^^^ the trait `Decode` is not implemented for `sp_runtime::generic::Block<sp_runtime::generic::Header<u32, sp_runtime::traits::BlakeTwo256>, sp_runtime::generic::UncheckedExtrinsic<MultiAddress<AccountId32, u32>, RuntimeCall, MultiSignature, (CheckNonZeroSender<Runtime>, CheckSpecVersion<Runtime>, CheckTxVersion<Runtime>, CheckGenesis<Runtime>, CheckEra<Runtime>, CheckNonce<Runtime>, CheckWeight<Runtime>, ChargeTransactionPayment<Runtime>)>>`
    |
    = help: the trait `Decode` is implemented for `sp_runtime::generic::Block<Header, Extrinsic>`
    = note: required for `Block<Header<u32, BlakeTwo256>, UncheckedExtrinsic<MultiAddress<AccountId32, u32>, RuntimeCall, ..., ...>>` to implement `Codec`
    = note: the full type name has been written to '/home/asmita/personal/project2_bitcoin/clarus/target/debug/deps/clarus_runtime-45a1e633dfb15d6d.long-type-9781536913168560711.txt'
    = note: required for `Block<Header<u32, BlakeTwo256>, UncheckedExtrinsic<MultiAddress<AccountId32, u32>, RuntimeCall, ..., ...>>` to implement `sp_api::BlockT`
    = note: the full type name has been written to '/home/asmita/personal/project2_bitcoin/clarus/target/debug/deps/clarus_runtime-45a1e633dfb15d6d.long-type-9781536913168560711.txt'
note: required by a bound in `OffchainWorkerApiV2`
   --> /home/asmita/.cargo/git/checkouts/polkadot-sdk-cff69157b985ed76/a3e4fce/substrate/primitives/offchain/src/lib.rs:26:1
    |
26  | / sp_api::decl_runtime_apis! {
27  | |     /// The offchain worker api.
28  | |     #[api_version(2)]
29  | |     pub trait OffchainWorkerApi {
...   |
36  | |     }
37  | | }
    | |_^ required by this bound in `OffchainWorkerApiV2`
    = note: this error originates in the macro `sp_api::decl_runtime_apis` (in Nightly builds, run with -Z macro-backtrace for more info)

error[E0277]: the trait bound `sp_runtime::generic::UncheckedExtrinsic<MultiAddress<AccountId32, u32>, RuntimeCall, MultiSignature, (CheckNonZeroSender<Runtime>, CheckSpecVersion<Runtime>, CheckTxVersion<Runtime>, CheckGenesis<Runtime>, CheckEra<Runtime>, CheckNonce<Runtime>, CheckWeight<Runtime>, ChargeTransactionPayment<Runtime>)>: Decode` is not satisfied
   --> runtime/src/lib.rs:506:10
    |
506 |     impl sp_offchain::OffchainWorkerApi<Block> for Runtime {
    |          ^^^^^^^^^^^^^^^^^^^^^^^^^^^^^^^^^^^^^ the trait `Decode` is not implemented for `sp_runtime::generic::UncheckedExtrinsic<MultiAddress<AccountId32, u32>, RuntimeCall, MultiSignature, (CheckNonZeroSender<Runtime>, CheckSpecVersion<Runtime>, CheckTxVersion<Runtime>, CheckGenesis<Runtime>, CheckEra<Runtime>, CheckNonce<Runtime>, CheckWeight<Runtime>, ChargeTransactionPayment<Runtime>)>`
    |
    = help: the trait `Decode` is implemented for `sp_runtime::generic::UncheckedExtrinsic<Address, Call, Signature, Extra>`
    = note: required for `UncheckedExtrinsic<MultiAddress<AccountId32, u32>, RuntimeCall, MultiSignature, ...>` to implement `Codec`
    = note: the full type name has been written to '/home/asmita/personal/project2_bitcoin/clarus/target/debug/deps/clarus_runtime-45a1e633dfb15d6d.long-type-7556966523782775049.txt'
    = note: required for `Block<Header<u32, BlakeTwo256>, UncheckedExtrinsic<MultiAddress<AccountId32, u32>, RuntimeCall, ..., ...>>` to implement `sp_api::BlockT`
    = note: the full type name has been written to '/home/asmita/personal/project2_bitcoin/clarus/target/debug/deps/clarus_runtime-45a1e633dfb15d6d.long-type-9781536913168560711.txt'

error[E0277]: the trait bound `sp_runtime::generic::UncheckedExtrinsic<MultiAddress<AccountId32, u32>, RuntimeCall, MultiSignature, (CheckNonZeroSender<Runtime>, CheckSpecVersion<Runtime>, CheckTxVersion<Runtime>, CheckGenesis<Runtime>, CheckEra<Runtime>, CheckNonce<Runtime>, CheckWeight<Runtime>, ChargeTransactionPayment<Runtime>)>: Encode` is not satisfied
   --> runtime/src/lib.rs:506:10
    |
506 |     impl sp_offchain::OffchainWorkerApi<Block> for Runtime {
    |          ^^^^^^^^^^^^^^^^^^^^^^^^^^^^^^^^^^^^^ the trait `Encode` is not implemented for `sp_runtime::generic::UncheckedExtrinsic<MultiAddress<AccountId32, u32>, RuntimeCall, MultiSignature, (CheckNonZeroSender<Runtime>, CheckSpecVersion<Runtime>, CheckTxVersion<Runtime>, CheckGenesis<Runtime>, CheckEra<Runtime>, CheckNonce<Runtime>, CheckWeight<Runtime>, ChargeTransactionPayment<Runtime>)>`
    |
    = help: the trait `Encode` is implemented for `sp_runtime::generic::UncheckedExtrinsic<Address, Call, Signature, Extra>`
    = note: required for `UncheckedExtrinsic<MultiAddress<AccountId32, u32>, RuntimeCall, MultiSignature, ...>` to implement `Codec`
    = note: the full type name has been written to '/home/asmita/personal/project2_bitcoin/clarus/target/debug/deps/clarus_runtime-45a1e633dfb15d6d.long-type-7556966523782775049.txt'
    = note: required for `Block<Header<u32, BlakeTwo256>, UncheckedExtrinsic<MultiAddress<AccountId32, u32>, RuntimeCall, ..., ...>>` to implement `sp_api::BlockT`
    = note: the full type name has been written to '/home/asmita/personal/project2_bitcoin/clarus/target/debug/deps/clarus_runtime-45a1e633dfb15d6d.long-type-9781536913168560711.txt'

error[E0277]: the trait bound `clarus_mandate::Pallet<Runtime>: Callable<Runtime>` is not satisfied in `RuntimeCall`
   --> runtime/src/lib.rs:506:10
    |
506 |     impl sp_offchain::OffchainWorkerApi<Block> for Runtime {
    |          ^^^^^^^^^^^^^^^^^^^^^^^^^^^^^^^^^^^^^ within `RuntimeCall`, the trait `Callable<Runtime>` is not implemented for `clarus_mandate::Pallet<Runtime>`
    |
    = help: the following other types implement trait `Callable<T>`:
              pallet_authority_discovery::Pallet<T>
              pallet_timestamp::Pallet<T>
              pallet_indices::Pallet<T>
              pallet_offences::Pallet<T>
              pallet_sudo::Pallet<T>
              pallet_multisig::Pallet<T>
              pallet_session::historical::Pallet<T>
              pallet_grandpa::Pallet<T>
            and 12 others
note: required because it appears within the type `RuntimeCall`
   --> runtime/src/lib.rs:342:1
    |
342 | // construct_runtime!(
343 | ||     pub struct Runtime
344 | ||     {
345 | ||         Staking: pallet_staking::{Pallet, Storage, Config<T>, Event<T>} = 5,
...   ||
371 | ||     }
372 | || );
    | ||_- in this macro invocation
...   |
651 | |      }
652 | |
    | |__________^
    = note: required for `UncheckedExtrinsic<MultiAddress<AccountId32, u32>, RuntimeCall, MultiSignature, ...>` to implement `Extrinsic`
    = note: the full type name has been written to '/home/asmita/personal/project2_bitcoin/clarus/target/debug/deps/clarus_runtime-45a1e633dfb15d6d.long-type-7556966523782775049.txt'
    = note: required for `Block<Header<u32, BlakeTwo256>, UncheckedExtrinsic<MultiAddress<AccountId32, u32>, RuntimeCall, ..., ...>>` to implement `sp_api::BlockT`
    = note: the full type name has been written to '/home/asmita/personal/project2_bitcoin/clarus/target/debug/deps/clarus_runtime-45a1e633dfb15d6d.long-type-9781536913168560711.txt'
    = note: this error originates in the macro `frame_support::construct_runtime` which comes from the expansion of the macro `construct_runtime` (in Nightly builds, run with -Z macro-backtrace for more info)

error[E0277]: the trait bound `sp_runtime::generic::Block<sp_runtime::generic::Header<u32, sp_runtime::traits::BlakeTwo256>, sp_runtime::generic::UncheckedExtrinsic<MultiAddress<AccountId32, u32>, RuntimeCall, MultiSignature, (CheckNonZeroSender<Runtime>, CheckSpecVersion<Runtime>, CheckTxVersion<Runtime>, CheckGenesis<Runtime>, CheckEra<Runtime>, CheckNonce<Runtime>, CheckWeight<Runtime>, ChargeTransactionPayment<Runtime>)>>: Encode` is not satisfied
   --> runtime/src/lib.rs:512:10
    |
512 |     impl fg_primitives::GrandpaApi<Block> for Runtime {
    |          ^^^^^^^^^^^^^^^^^^^^^^^^^^^^^^^^ the trait `Encode` is not implemented for `sp_runtime::generic::Block<sp_runtime::generic::Header<u32, sp_runtime::traits::BlakeTwo256>, sp_runtime::generic::UncheckedExtrinsic<MultiAddress<AccountId32, u32>, RuntimeCall, MultiSignature, (CheckNonZeroSender<Runtime>, CheckSpecVersion<Runtime>, CheckTxVersion<Runtime>, CheckGenesis<Runtime>, CheckEra<Runtime>, CheckNonce<Runtime>, CheckWeight<Runtime>, ChargeTransactionPayment<Runtime>)>>`
    |
    = help: the trait `Encode` is implemented for `sp_runtime::generic::Block<Header, Extrinsic>`
    = note: required for `Block<Header<u32, BlakeTwo256>, UncheckedExtrinsic<MultiAddress<AccountId32, u32>, RuntimeCall, ..., ...>>` to implement `Codec`
    = note: the full type name has been written to '/home/asmita/personal/project2_bitcoin/clarus/target/debug/deps/clarus_runtime-45a1e633dfb15d6d.long-type-9781536913168560711.txt'
    = note: required for `Block<Header<u32, BlakeTwo256>, UncheckedExtrinsic<MultiAddress<AccountId32, u32>, RuntimeCall, ..., ...>>` to implement `sp_api::BlockT`
    = note: the full type name has been written to '/home/asmita/personal/project2_bitcoin/clarus/target/debug/deps/clarus_runtime-45a1e633dfb15d6d.long-type-9781536913168560711.txt'
note: required by a bound in `GrandpaApiV3`
   --> /home/asmita/.cargo/git/checkouts/polkadot-sdk-cff69157b985ed76/a3e4fce/substrate/primitives/consensus/grandpa/src/lib.rs:483:1
    |
483 | / sp_api::decl_runtime_apis! {
484 | |     /// APIs for integrating the GRANDPA finality gadget into runtimes.
485 | |     /// This should be implemented on the runtime side.
486 | |     ///
...   |
534 | |     }
535 | | }
    | |_^ required by this bound in `GrandpaApiV3`
    = note: this error originates in the macro `sp_api::decl_runtime_apis` (in Nightly builds, run with -Z macro-backtrace for more info)

error[E0277]: the trait bound `sp_runtime::generic::Block<sp_runtime::generic::Header<u32, sp_runtime::traits::BlakeTwo256>, sp_runtime::generic::UncheckedExtrinsic<MultiAddress<AccountId32, u32>, RuntimeCall, MultiSignature, (CheckNonZeroSender<Runtime>, CheckSpecVersion<Runtime>, CheckTxVersion<Runtime>, CheckGenesis<Runtime>, CheckEra<Runtime>, CheckNonce<Runtime>, CheckWeight<Runtime>, ChargeTransactionPayment<Runtime>)>>: Decode` is not satisfied
   --> runtime/src/lib.rs:512:10
    |
512 |     impl fg_primitives::GrandpaApi<Block> for Runtime {
    |          ^^^^^^^^^^^^^^^^^^^^^^^^^^^^^^^^ the trait `Decode` is not implemented for `sp_runtime::generic::Block<sp_runtime::generic::Header<u32, sp_runtime::traits::BlakeTwo256>, sp_runtime::generic::UncheckedExtrinsic<MultiAddress<AccountId32, u32>, RuntimeCall, MultiSignature, (CheckNonZeroSender<Runtime>, CheckSpecVersion<Runtime>, CheckTxVersion<Runtime>, CheckGenesis<Runtime>, CheckEra<Runtime>, CheckNonce<Runtime>, CheckWeight<Runtime>, ChargeTransactionPayment<Runtime>)>>`
    |
    = help: the trait `Decode` is implemented for `sp_runtime::generic::Block<Header, Extrinsic>`
    = note: required for `Block<Header<u32, BlakeTwo256>, UncheckedExtrinsic<MultiAddress<AccountId32, u32>, RuntimeCall, ..., ...>>` to implement `Codec`
    = note: the full type name has been written to '/home/asmita/personal/project2_bitcoin/clarus/target/debug/deps/clarus_runtime-45a1e633dfb15d6d.long-type-9781536913168560711.txt'
    = note: required for `Block<Header<u32, BlakeTwo256>, UncheckedExtrinsic<MultiAddress<AccountId32, u32>, RuntimeCall, ..., ...>>` to implement `sp_api::BlockT`
    = note: the full type name has been written to '/home/asmita/personal/project2_bitcoin/clarus/target/debug/deps/clarus_runtime-45a1e633dfb15d6d.long-type-9781536913168560711.txt'
note: required by a bound in `GrandpaApiV3`
   --> /home/asmita/.cargo/git/checkouts/polkadot-sdk-cff69157b985ed76/a3e4fce/substrate/primitives/consensus/grandpa/src/lib.rs:483:1
    |
483 | / sp_api::decl_runtime_apis! {
484 | |     /// APIs for integrating the GRANDPA finality gadget into runtimes.
485 | |     /// This should be implemented on the runtime side.
486 | |     ///
...   |
534 | |     }
535 | | }
    | |_^ required by this bound in `GrandpaApiV3`
    = note: this error originates in the macro `sp_api::decl_runtime_apis` (in Nightly builds, run with -Z macro-backtrace for more info)

error[E0277]: the trait bound `sp_runtime::generic::UncheckedExtrinsic<MultiAddress<AccountId32, u32>, RuntimeCall, MultiSignature, (CheckNonZeroSender<Runtime>, CheckSpecVersion<Runtime>, CheckTxVersion<Runtime>, CheckGenesis<Runtime>, CheckEra<Runtime>, CheckNonce<Runtime>, CheckWeight<Runtime>, ChargeTransactionPayment<Runtime>)>: Decode` is not satisfied
   --> runtime/src/lib.rs:512:10
    |
512 |     impl fg_primitives::GrandpaApi<Block> for Runtime {
    |          ^^^^^^^^^^^^^^^^^^^^^^^^^^^^^^^^ the trait `Decode` is not implemented for `sp_runtime::generic::UncheckedExtrinsic<MultiAddress<AccountId32, u32>, RuntimeCall, MultiSignature, (CheckNonZeroSender<Runtime>, CheckSpecVersion<Runtime>, CheckTxVersion<Runtime>, CheckGenesis<Runtime>, CheckEra<Runtime>, CheckNonce<Runtime>, CheckWeight<Runtime>, ChargeTransactionPayment<Runtime>)>`
    |
    = help: the trait `Decode` is implemented for `sp_runtime::generic::UncheckedExtrinsic<Address, Call, Signature, Extra>`
    = note: required for `UncheckedExtrinsic<MultiAddress<AccountId32, u32>, RuntimeCall, MultiSignature, ...>` to implement `Codec`
    = note: the full type name has been written to '/home/asmita/personal/project2_bitcoin/clarus/target/debug/deps/clarus_runtime-45a1e633dfb15d6d.long-type-7556966523782775049.txt'
    = note: required for `Block<Header<u32, BlakeTwo256>, UncheckedExtrinsic<MultiAddress<AccountId32, u32>, RuntimeCall, ..., ...>>` to implement `sp_api::BlockT`
    = note: the full type name has been written to '/home/asmita/personal/project2_bitcoin/clarus/target/debug/deps/clarus_runtime-45a1e633dfb15d6d.long-type-9781536913168560711.txt'

error[E0277]: the trait bound `sp_runtime::generic::UncheckedExtrinsic<MultiAddress<AccountId32, u32>, RuntimeCall, MultiSignature, (CheckNonZeroSender<Runtime>, CheckSpecVersion<Runtime>, CheckTxVersion<Runtime>, CheckGenesis<Runtime>, CheckEra<Runtime>, CheckNonce<Runtime>, CheckWeight<Runtime>, ChargeTransactionPayment<Runtime>)>: Encode` is not satisfied
   --> runtime/src/lib.rs:512:10
    |
512 |     impl fg_primitives::GrandpaApi<Block> for Runtime {
    |          ^^^^^^^^^^^^^^^^^^^^^^^^^^^^^^^^ the trait `Encode` is not implemented for `sp_runtime::generic::UncheckedExtrinsic<MultiAddress<AccountId32, u32>, RuntimeCall, MultiSignature, (CheckNonZeroSender<Runtime>, CheckSpecVersion<Runtime>, CheckTxVersion<Runtime>, CheckGenesis<Runtime>, CheckEra<Runtime>, CheckNonce<Runtime>, CheckWeight<Runtime>, ChargeTransactionPayment<Runtime>)>`
    |
    = help: the trait `Encode` is implemented for `sp_runtime::generic::UncheckedExtrinsic<Address, Call, Signature, Extra>`
    = note: required for `UncheckedExtrinsic<MultiAddress<AccountId32, u32>, RuntimeCall, MultiSignature, ...>` to implement `Codec`
    = note: the full type name has been written to '/home/asmita/personal/project2_bitcoin/clarus/target/debug/deps/clarus_runtime-45a1e633dfb15d6d.long-type-7556966523782775049.txt'
    = note: required for `Block<Header<u32, BlakeTwo256>, UncheckedExtrinsic<MultiAddress<AccountId32, u32>, RuntimeCall, ..., ...>>` to implement `sp_api::BlockT`
    = note: the full type name has been written to '/home/asmita/personal/project2_bitcoin/clarus/target/debug/deps/clarus_runtime-45a1e633dfb15d6d.long-type-9781536913168560711.txt'

error[E0277]: the trait bound `clarus_mandate::Pallet<Runtime>: Callable<Runtime>` is not satisfied in `RuntimeCall`
   --> runtime/src/lib.rs:512:10
    |
512 |     impl fg_primitives::GrandpaApi<Block> for Runtime {
    |          ^^^^^^^^^^^^^^^^^^^^^^^^^^^^^^^^ within `RuntimeCall`, the trait `Callable<Runtime>` is not implemented for `clarus_mandate::Pallet<Runtime>`
    |
    = help: the following other types implement trait `Callable<T>`:
              pallet_authority_discovery::Pallet<T>
              pallet_timestamp::Pallet<T>
              pallet_indices::Pallet<T>
              pallet_offences::Pallet<T>
              pallet_sudo::Pallet<T>
              pallet_multisig::Pallet<T>
              pallet_session::historical::Pallet<T>
              pallet_grandpa::Pallet<T>
            and 12 others
note: required because it appears within the type `RuntimeCall`
   --> runtime/src/lib.rs:342:1
    |
342 | // construct_runtime!(
343 | ||     pub struct Runtime
344 | ||     {
345 | ||         Staking: pallet_staking::{Pallet, Storage, Config<T>, Event<T>} = 5,
...   ||
371 | ||     }
372 | || );
    | ||_- in this macro invocation
...   |
651 | |      }
652 | |
    | |__________^
    = note: required for `UncheckedExtrinsic<MultiAddress<AccountId32, u32>, RuntimeCall, MultiSignature, ...>` to implement `Extrinsic`
    = note: the full type name has been written to '/home/asmita/personal/project2_bitcoin/clarus/target/debug/deps/clarus_runtime-45a1e633dfb15d6d.long-type-7556966523782775049.txt'
    = note: required for `Block<Header<u32, BlakeTwo256>, UncheckedExtrinsic<MultiAddress<AccountId32, u32>, RuntimeCall, ..., ...>>` to implement `sp_api::BlockT`
    = note: the full type name has been written to '/home/asmita/personal/project2_bitcoin/clarus/target/debug/deps/clarus_runtime-45a1e633dfb15d6d.long-type-9781536913168560711.txt'
    = note: this error originates in the macro `frame_support::construct_runtime` which comes from the expansion of the macro `construct_runtime` (in Nightly builds, run with -Z macro-backtrace for more info)

error[E0277]: the trait bound `sp_runtime::generic::Block<sp_runtime::generic::Header<u32, sp_runtime::traits::BlakeTwo256>, sp_runtime::generic::UncheckedExtrinsic<MultiAddress<AccountId32, u32>, RuntimeCall, MultiSignature, (CheckNonZeroSender<Runtime>, CheckSpecVersion<Runtime>, CheckTxVersion<Runtime>, CheckGenesis<Runtime>, CheckEra<Runtime>, CheckNonce<Runtime>, CheckWeight<Runtime>, ChargeTransactionPayment<Runtime>)>>: Encode` is not satisfied
   --> runtime/src/lib.rs:548:10
    |
548 |     impl sp_consensus_babe::BabeApi<Block> for Runtime {
    |          ^^^^^^^^^^^^^^^^^^^^^^^^^^^^^^^^^ the trait `Encode` is not implemented for `sp_runtime::generic::Block<sp_runtime::generic::Header<u32, sp_runtime::traits::BlakeTwo256>, sp_runtime::generic::UncheckedExtrinsic<MultiAddress<AccountId32, u32>, RuntimeCall, MultiSignature, (CheckNonZeroSender<Runtime>, CheckSpecVersion<Runtime>, CheckTxVersion<Runtime>, CheckGenesis<Runtime>, CheckEra<Runtime>, CheckNonce<Runtime>, CheckWeight<Runtime>, ChargeTransactionPayment<Runtime>)>>`
    |
    = help: the trait `Encode` is implemented for `sp_runtime::generic::Block<Header, Extrinsic>`
    = note: required for `Block<Header<u32, BlakeTwo256>, UncheckedExtrinsic<MultiAddress<AccountId32, u32>, RuntimeCall, ..., ...>>` to implement `Codec`
    = note: the full type name has been written to '/home/asmita/personal/project2_bitcoin/clarus/target/debug/deps/clarus_runtime-45a1e633dfb15d6d.long-type-9781536913168560711.txt'
    = note: required for `Block<Header<u32, BlakeTwo256>, UncheckedExtrinsic<MultiAddress<AccountId32, u32>, RuntimeCall, ..., ...>>` to implement `sp_api::BlockT`
    = note: the full type name has been written to '/home/asmita/personal/project2_bitcoin/clarus/target/debug/deps/clarus_runtime-45a1e633dfb15d6d.long-type-9781536913168560711.txt'
note: required by a bound in `BabeApiV2`
   --> /home/asmita/.cargo/git/checkouts/polkadot-sdk-cff69157b985ed76/a3e4fce/substrate/primitives/consensus/babe/src/lib.rs:377:1
    |
377 | / sp_api::decl_runtime_apis! {
378 | |     /// API necessary for block authorship with BABE.
379 | |     #[api_version(2)]
380 | |     pub trait BabeApi {
...   |
426 | |     }
427 | | }
    | |_^ required by this bound in `BabeApiV2`
    = note: this error originates in the macro `sp_api::decl_runtime_apis` (in Nightly builds, run with -Z macro-backtrace for more info)

error[E0277]: the trait bound `sp_runtime::generic::Block<sp_runtime::generic::Header<u32, sp_runtime::traits::BlakeTwo256>, sp_runtime::generic::UncheckedExtrinsic<MultiAddress<AccountId32, u32>, RuntimeCall, MultiSignature, (CheckNonZeroSender<Runtime>, CheckSpecVersion<Runtime>, CheckTxVersion<Runtime>, CheckGenesis<Runtime>, CheckEra<Runtime>, CheckNonce<Runtime>, CheckWeight<Runtime>, ChargeTransactionPayment<Runtime>)>>: Decode` is not satisfied
   --> runtime/src/lib.rs:548:10
    |
548 |     impl sp_consensus_babe::BabeApi<Block> for Runtime {
    |          ^^^^^^^^^^^^^^^^^^^^^^^^^^^^^^^^^ the trait `Decode` is not implemented for `sp_runtime::generic::Block<sp_runtime::generic::Header<u32, sp_runtime::traits::BlakeTwo256>, sp_runtime::generic::UncheckedExtrinsic<MultiAddress<AccountId32, u32>, RuntimeCall, MultiSignature, (CheckNonZeroSender<Runtime>, CheckSpecVersion<Runtime>, CheckTxVersion<Runtime>, CheckGenesis<Runtime>, CheckEra<Runtime>, CheckNonce<Runtime>, CheckWeight<Runtime>, ChargeTransactionPayment<Runtime>)>>`
    |
    = help: the trait `Decode` is implemented for `sp_runtime::generic::Block<Header, Extrinsic>`
    = note: required for `Block<Header<u32, BlakeTwo256>, UncheckedExtrinsic<MultiAddress<AccountId32, u32>, RuntimeCall, ..., ...>>` to implement `Codec`
    = note: the full type name has been written to '/home/asmita/personal/project2_bitcoin/clarus/target/debug/deps/clarus_runtime-45a1e633dfb15d6d.long-type-9781536913168560711.txt'
    = note: required for `Block<Header<u32, BlakeTwo256>, UncheckedExtrinsic<MultiAddress<AccountId32, u32>, RuntimeCall, ..., ...>>` to implement `sp_api::BlockT`
    = note: the full type name has been written to '/home/asmita/personal/project2_bitcoin/clarus/target/debug/deps/clarus_runtime-45a1e633dfb15d6d.long-type-9781536913168560711.txt'
note: required by a bound in `BabeApiV2`
   --> /home/asmita/.cargo/git/checkouts/polkadot-sdk-cff69157b985ed76/a3e4fce/substrate/primitives/consensus/babe/src/lib.rs:377:1
    |
377 | / sp_api::decl_runtime_apis! {
378 | |     /// API necessary for block authorship with BABE.
379 | |     #[api_version(2)]
380 | |     pub trait BabeApi {
...   |
426 | |     }
427 | | }
    | |_^ required by this bound in `BabeApiV2`
    = note: this error originates in the macro `sp_api::decl_runtime_apis` (in Nightly builds, run with -Z macro-backtrace for more info)

error[E0277]: the trait bound `sp_runtime::generic::UncheckedExtrinsic<MultiAddress<AccountId32, u32>, RuntimeCall, MultiSignature, (CheckNonZeroSender<Runtime>, CheckSpecVersion<Runtime>, CheckTxVersion<Runtime>, CheckGenesis<Runtime>, CheckEra<Runtime>, CheckNonce<Runtime>, CheckWeight<Runtime>, ChargeTransactionPayment<Runtime>)>: Decode` is not satisfied
   --> runtime/src/lib.rs:548:10
    |
548 |     impl sp_consensus_babe::BabeApi<Block> for Runtime {
    |          ^^^^^^^^^^^^^^^^^^^^^^^^^^^^^^^^^ the trait `Decode` is not implemented for `sp_runtime::generic::UncheckedExtrinsic<MultiAddress<AccountId32, u32>, RuntimeCall, MultiSignature, (CheckNonZeroSender<Runtime>, CheckSpecVersion<Runtime>, CheckTxVersion<Runtime>, CheckGenesis<Runtime>, CheckEra<Runtime>, CheckNonce<Runtime>, CheckWeight<Runtime>, ChargeTransactionPayment<Runtime>)>`
    |
    = help: the trait `Decode` is implemented for `sp_runtime::generic::UncheckedExtrinsic<Address, Call, Signature, Extra>`
    = note: required for `UncheckedExtrinsic<MultiAddress<AccountId32, u32>, RuntimeCall, MultiSignature, ...>` to implement `Codec`
    = note: the full type name has been written to '/home/asmita/personal/project2_bitcoin/clarus/target/debug/deps/clarus_runtime-45a1e633dfb15d6d.long-type-7556966523782775049.txt'
    = note: required for `Block<Header<u32, BlakeTwo256>, UncheckedExtrinsic<MultiAddress<AccountId32, u32>, RuntimeCall, ..., ...>>` to implement `sp_api::BlockT`
    = note: the full type name has been written to '/home/asmita/personal/project2_bitcoin/clarus/target/debug/deps/clarus_runtime-45a1e633dfb15d6d.long-type-9781536913168560711.txt'

error[E0277]: the trait bound `sp_runtime::generic::UncheckedExtrinsic<MultiAddress<AccountId32, u32>, RuntimeCall, MultiSignature, (CheckNonZeroSender<Runtime>, CheckSpecVersion<Runtime>, CheckTxVersion<Runtime>, CheckGenesis<Runtime>, CheckEra<Runtime>, CheckNonce<Runtime>, CheckWeight<Runtime>, ChargeTransactionPayment<Runtime>)>: Encode` is not satisfied
   --> runtime/src/lib.rs:548:10
    |
548 |     impl sp_consensus_babe::BabeApi<Block> for Runtime {
    |          ^^^^^^^^^^^^^^^^^^^^^^^^^^^^^^^^^ the trait `Encode` is not implemented for `sp_runtime::generic::UncheckedExtrinsic<MultiAddress<AccountId32, u32>, RuntimeCall, MultiSignature, (CheckNonZeroSender<Runtime>, CheckSpecVersion<Runtime>, CheckTxVersion<Runtime>, CheckGenesis<Runtime>, CheckEra<Runtime>, CheckNonce<Runtime>, CheckWeight<Runtime>, ChargeTransactionPayment<Runtime>)>`
    |
    = help: the trait `Encode` is implemented for `sp_runtime::generic::UncheckedExtrinsic<Address, Call, Signature, Extra>`
    = note: required for `UncheckedExtrinsic<MultiAddress<AccountId32, u32>, RuntimeCall, MultiSignature, ...>` to implement `Codec`
    = note: the full type name has been written to '/home/asmita/personal/project2_bitcoin/clarus/target/debug/deps/clarus_runtime-45a1e633dfb15d6d.long-type-7556966523782775049.txt'
    = note: required for `Block<Header<u32, BlakeTwo256>, UncheckedExtrinsic<MultiAddress<AccountId32, u32>, RuntimeCall, ..., ...>>` to implement `sp_api::BlockT`
    = note: the full type name has been written to '/home/asmita/personal/project2_bitcoin/clarus/target/debug/deps/clarus_runtime-45a1e633dfb15d6d.long-type-9781536913168560711.txt'

error[E0277]: the trait bound `clarus_mandate::Pallet<Runtime>: Callable<Runtime>` is not satisfied in `RuntimeCall`
   --> runtime/src/lib.rs:548:10
    |
548 |     impl sp_consensus_babe::BabeApi<Block> for Runtime {
    |          ^^^^^^^^^^^^^^^^^^^^^^^^^^^^^^^^^ within `RuntimeCall`, the trait `Callable<Runtime>` is not implemented for `clarus_mandate::Pallet<Runtime>`
    |
    = help: the following other types implement trait `Callable<T>`:
              pallet_authority_discovery::Pallet<T>
              pallet_timestamp::Pallet<T>
              pallet_indices::Pallet<T>
              pallet_offences::Pallet<T>
              pallet_sudo::Pallet<T>
              pallet_multisig::Pallet<T>
              pallet_session::historical::Pallet<T>
              pallet_grandpa::Pallet<T>
            and 12 others
note: required because it appears within the type `RuntimeCall`
   --> runtime/src/lib.rs:342:1
    |
342 | // construct_runtime!(
343 | ||     pub struct Runtime
344 | ||     {
345 | ||         Staking: pallet_staking::{Pallet, Storage, Config<T>, Event<T>} = 5,
...   ||
371 | ||     }
372 | || );
    | ||_- in this macro invocation
...   |
651 | |      }
652 | |
    | |__________^
    = note: required for `UncheckedExtrinsic<MultiAddress<AccountId32, u32>, RuntimeCall, MultiSignature, ...>` to implement `Extrinsic`
    = note: the full type name has been written to '/home/asmita/personal/project2_bitcoin/clarus/target/debug/deps/clarus_runtime-45a1e633dfb15d6d.long-type-7556966523782775049.txt'
    = note: required for `Block<Header<u32, BlakeTwo256>, UncheckedExtrinsic<MultiAddress<AccountId32, u32>, RuntimeCall, ..., ...>>` to implement `sp_api::BlockT`
    = note: the full type name has been written to '/home/asmita/personal/project2_bitcoin/clarus/target/debug/deps/clarus_runtime-45a1e633dfb15d6d.long-type-9781536913168560711.txt'
    = note: this error originates in the macro `frame_support::construct_runtime` which comes from the expansion of the macro `construct_runtime` (in Nightly builds, run with -Z macro-backtrace for more info)

error[E0277]: the trait bound `sp_runtime::generic::Block<sp_runtime::generic::Header<u32, sp_runtime::traits::BlakeTwo256>, sp_runtime::generic::UncheckedExtrinsic<MultiAddress<AccountId32, u32>, RuntimeCall, MultiSignature, (CheckNonZeroSender<Runtime>, CheckSpecVersion<Runtime>, CheckTxVersion<Runtime>, CheckGenesis<Runtime>, CheckEra<Runtime>, CheckNonce<Runtime>, CheckWeight<Runtime>, ChargeTransactionPayment<Runtime>)>>: Encode` is not satisfied
   --> runtime/src/lib.rs:597:10
    |
597 |     impl sp_authority_discovery::AuthorityDiscoveryApi<Block> for Runtime {
    |          ^^^^^^^^^^^^^^^^^^^^^^^^^^^^^^^^^^^^^^^^^^^^^^^^^^^^ the trait `Encode` is not implemented for `sp_runtime::generic::Block<sp_runtime::generic::Header<u32, sp_runtime::traits::BlakeTwo256>, sp_runtime::generic::UncheckedExtrinsic<MultiAddress<AccountId32, u32>, RuntimeCall, MultiSignature, (CheckNonZeroSender<Runtime>, CheckSpecVersion<Runtime>, CheckTxVersion<Runtime>, CheckGenesis<Runtime>, CheckEra<Runtime>, CheckNonce<Runtime>, CheckWeight<Runtime>, ChargeTransactionPayment<Runtime>)>>`
    |
    = help: the trait `Encode` is implemented for `sp_runtime::generic::Block<Header, Extrinsic>`
    = note: required for `Block<Header<u32, BlakeTwo256>, UncheckedExtrinsic<MultiAddress<AccountId32, u32>, RuntimeCall, ..., ...>>` to implement `Codec`
    = note: the full type name has been written to '/home/asmita/personal/project2_bitcoin/clarus/target/debug/deps/clarus_runtime-45a1e633dfb15d6d.long-type-9781536913168560711.txt'
    = note: required for `Block<Header<u32, BlakeTwo256>, UncheckedExtrinsic<MultiAddress<AccountId32, u32>, RuntimeCall, ..., ...>>` to implement `sp_api::BlockT`
    = note: the full type name has been written to '/home/asmita/personal/project2_bitcoin/clarus/target/debug/deps/clarus_runtime-45a1e633dfb15d6d.long-type-9781536913168560711.txt'
note: required by a bound in `AuthorityDiscoveryApiV1`
   --> /home/asmita/.cargo/git/checkouts/polkadot-sdk-cff69157b985ed76/a3e4fce/substrate/primitives/authority-discovery/src/lib.rs:40:1
    |
40  | / sp_api::decl_runtime_apis! {
41  | |     /// The authority discovery api.
42  | |     ///
43  | |     /// This api is used by the `client/authority-discovery` module to retrieve identifiers
...   |
48  | |     }
49  | | }
    | |_^ required by this bound in `AuthorityDiscoveryApiV1`
    = note: this error originates in the macro `sp_api::decl_runtime_apis` (in Nightly builds, run with -Z macro-backtrace for more info)

error[E0277]: the trait bound `sp_runtime::generic::Block<sp_runtime::generic::Header<u32, sp_runtime::traits::BlakeTwo256>, sp_runtime::generic::UncheckedExtrinsic<MultiAddress<AccountId32, u32>, RuntimeCall, MultiSignature, (CheckNonZeroSender<Runtime>, CheckSpecVersion<Runtime>, CheckTxVersion<Runtime>, CheckGenesis<Runtime>, CheckEra<Runtime>, CheckNonce<Runtime>, CheckWeight<Runtime>, ChargeTransactionPayment<Runtime>)>>: Decode` is not satisfied
   --> runtime/src/lib.rs:597:10
    |
597 |     impl sp_authority_discovery::AuthorityDiscoveryApi<Block> for Runtime {
    |          ^^^^^^^^^^^^^^^^^^^^^^^^^^^^^^^^^^^^^^^^^^^^^^^^^^^^ the trait `Decode` is not implemented for `sp_runtime::generic::Block<sp_runtime::generic::Header<u32, sp_runtime::traits::BlakeTwo256>, sp_runtime::generic::UncheckedExtrinsic<MultiAddress<AccountId32, u32>, RuntimeCall, MultiSignature, (CheckNonZeroSender<Runtime>, CheckSpecVersion<Runtime>, CheckTxVersion<Runtime>, CheckGenesis<Runtime>, CheckEra<Runtime>, CheckNonce<Runtime>, CheckWeight<Runtime>, ChargeTransactionPayment<Runtime>)>>`
    |
    = help: the trait `Decode` is implemented for `sp_runtime::generic::Block<Header, Extrinsic>`
    = note: required for `Block<Header<u32, BlakeTwo256>, UncheckedExtrinsic<MultiAddress<AccountId32, u32>, RuntimeCall, ..., ...>>` to implement `Codec`
    = note: the full type name has been written to '/home/asmita/personal/project2_bitcoin/clarus/target/debug/deps/clarus_runtime-45a1e633dfb15d6d.long-type-9781536913168560711.txt'
    = note: required for `Block<Header<u32, BlakeTwo256>, UncheckedExtrinsic<MultiAddress<AccountId32, u32>, RuntimeCall, ..., ...>>` to implement `sp_api::BlockT`
    = note: the full type name has been written to '/home/asmita/personal/project2_bitcoin/clarus/target/debug/deps/clarus_runtime-45a1e633dfb15d6d.long-type-9781536913168560711.txt'
note: required by a bound in `AuthorityDiscoveryApiV1`
   --> /home/asmita/.cargo/git/checkouts/polkadot-sdk-cff69157b985ed76/a3e4fce/substrate/primitives/authority-discovery/src/lib.rs:40:1
    |
40  | / sp_api::decl_runtime_apis! {
41  | |     /// The authority discovery api.
42  | |     ///
43  | |     /// This api is used by the `client/authority-discovery` module to retrieve identifiers
...   |
48  | |     }
49  | | }
    | |_^ required by this bound in `AuthorityDiscoveryApiV1`
    = note: this error originates in the macro `sp_api::decl_runtime_apis` (in Nightly builds, run with -Z macro-backtrace for more info)

error[E0277]: the trait bound `sp_runtime::generic::UncheckedExtrinsic<MultiAddress<AccountId32, u32>, RuntimeCall, MultiSignature, (CheckNonZeroSender<Runtime>, CheckSpecVersion<Runtime>, CheckTxVersion<Runtime>, CheckGenesis<Runtime>, CheckEra<Runtime>, CheckNonce<Runtime>, CheckWeight<Runtime>, ChargeTransactionPayment<Runtime>)>: Decode` is not satisfied
   --> runtime/src/lib.rs:597:10
    |
597 |     impl sp_authority_discovery::AuthorityDiscoveryApi<Block> for Runtime {
    |          ^^^^^^^^^^^^^^^^^^^^^^^^^^^^^^^^^^^^^^^^^^^^^^^^^^^^ the trait `Decode` is not implemented for `sp_runtime::generic::UncheckedExtrinsic<MultiAddress<AccountId32, u32>, RuntimeCall, MultiSignature, (CheckNonZeroSender<Runtime>, CheckSpecVersion<Runtime>, CheckTxVersion<Runtime>, CheckGenesis<Runtime>, CheckEra<Runtime>, CheckNonce<Runtime>, CheckWeight<Runtime>, ChargeTransactionPayment<Runtime>)>`
    |
    = help: the trait `Decode` is implemented for `sp_runtime::generic::UncheckedExtrinsic<Address, Call, Signature, Extra>`
    = note: required for `UncheckedExtrinsic<MultiAddress<AccountId32, u32>, RuntimeCall, MultiSignature, ...>` to implement `Codec`
    = note: the full type name has been written to '/home/asmita/personal/project2_bitcoin/clarus/target/debug/deps/clarus_runtime-45a1e633dfb15d6d.long-type-7556966523782775049.txt'
    = note: required for `Block<Header<u32, BlakeTwo256>, UncheckedExtrinsic<MultiAddress<AccountId32, u32>, RuntimeCall, ..., ...>>` to implement `sp_api::BlockT`
    = note: the full type name has been written to '/home/asmita/personal/project2_bitcoin/clarus/target/debug/deps/clarus_runtime-45a1e633dfb15d6d.long-type-9781536913168560711.txt'

error[E0277]: the trait bound `sp_runtime::generic::UncheckedExtrinsic<MultiAddress<AccountId32, u32>, RuntimeCall, MultiSignature, (CheckNonZeroSender<Runtime>, CheckSpecVersion<Runtime>, CheckTxVersion<Runtime>, CheckGenesis<Runtime>, CheckEra<Runtime>, CheckNonce<Runtime>, CheckWeight<Runtime>, ChargeTransactionPayment<Runtime>)>: Encode` is not satisfied
   --> runtime/src/lib.rs:597:10
    |
597 |     impl sp_authority_discovery::AuthorityDiscoveryApi<Block> for Runtime {
    |          ^^^^^^^^^^^^^^^^^^^^^^^^^^^^^^^^^^^^^^^^^^^^^^^^^^^^ the trait `Encode` is not implemented for `sp_runtime::generic::UncheckedExtrinsic<MultiAddress<AccountId32, u32>, RuntimeCall, MultiSignature, (CheckNonZeroSender<Runtime>, CheckSpecVersion<Runtime>, CheckTxVersion<Runtime>, CheckGenesis<Runtime>, CheckEra<Runtime>, CheckNonce<Runtime>, CheckWeight<Runtime>, ChargeTransactionPayment<Runtime>)>`
    |
    = help: the trait `Encode` is implemented for `sp_runtime::generic::UncheckedExtrinsic<Address, Call, Signature, Extra>`
    = note: required for `UncheckedExtrinsic<MultiAddress<AccountId32, u32>, RuntimeCall, MultiSignature, ...>` to implement `Codec`
    = note: the full type name has been written to '/home/asmita/personal/project2_bitcoin/clarus/target/debug/deps/clarus_runtime-45a1e633dfb15d6d.long-type-7556966523782775049.txt'
    = note: required for `Block<Header<u32, BlakeTwo256>, UncheckedExtrinsic<MultiAddress<AccountId32, u32>, RuntimeCall, ..., ...>>` to implement `sp_api::BlockT`
    = note: the full type name has been written to '/home/asmita/personal/project2_bitcoin/clarus/target/debug/deps/clarus_runtime-45a1e633dfb15d6d.long-type-9781536913168560711.txt'

error[E0277]: the trait bound `clarus_mandate::Pallet<Runtime>: Callable<Runtime>` is not satisfied in `RuntimeCall`
   --> runtime/src/lib.rs:597:10
    |
597 |     impl sp_authority_discovery::AuthorityDiscoveryApi<Block> for Runtime {
    |          ^^^^^^^^^^^^^^^^^^^^^^^^^^^^^^^^^^^^^^^^^^^^^^^^^^^^ within `RuntimeCall`, the trait `Callable<Runtime>` is not implemented for `clarus_mandate::Pallet<Runtime>`
    |
    = help: the following other types implement trait `Callable<T>`:
              pallet_authority_discovery::Pallet<T>
              pallet_timestamp::Pallet<T>
              pallet_indices::Pallet<T>
              pallet_offences::Pallet<T>
              pallet_sudo::Pallet<T>
              pallet_multisig::Pallet<T>
              pallet_session::historical::Pallet<T>
              pallet_grandpa::Pallet<T>
            and 12 others
note: required because it appears within the type `RuntimeCall`
   --> runtime/src/lib.rs:342:1
    |
342 | // construct_runtime!(
343 | ||     pub struct Runtime
344 | ||     {
345 | ||         Staking: pallet_staking::{Pallet, Storage, Config<T>, Event<T>} = 5,
...   ||
371 | ||     }
372 | || );
    | ||_- in this macro invocation
...   |
651 | |      }
652 | |
    | |__________^
    = note: required for `UncheckedExtrinsic<MultiAddress<AccountId32, u32>, RuntimeCall, MultiSignature, ...>` to implement `Extrinsic`
    = note: the full type name has been written to '/home/asmita/personal/project2_bitcoin/clarus/target/debug/deps/clarus_runtime-45a1e633dfb15d6d.long-type-7556966523782775049.txt'
    = note: required for `Block<Header<u32, BlakeTwo256>, UncheckedExtrinsic<MultiAddress<AccountId32, u32>, RuntimeCall, ..., ...>>` to implement `sp_api::BlockT`
    = note: the full type name has been written to '/home/asmita/personal/project2_bitcoin/clarus/target/debug/deps/clarus_runtime-45a1e633dfb15d6d.long-type-9781536913168560711.txt'
    = note: this error originates in the macro `frame_support::construct_runtime` which comes from the expansion of the macro `construct_runtime` (in Nightly builds, run with -Z macro-backtrace for more info)

error[E0277]: the trait bound `sp_runtime::generic::Block<sp_runtime::generic::Header<u32, sp_runtime::traits::BlakeTwo256>, sp_runtime::generic::UncheckedExtrinsic<MultiAddress<AccountId32, u32>, RuntimeCall, MultiSignature, (CheckNonZeroSender<Runtime>, CheckSpecVersion<Runtime>, CheckTxVersion<Runtime>, CheckGenesis<Runtime>, CheckEra<Runtime>, CheckNonce<Runtime>, CheckWeight<Runtime>, ChargeTransactionPayment<Runtime>)>>: Encode` is not satisfied
   --> runtime/src/lib.rs:603:10
    |
603 |     impl frame_system_rpc_runtime_api::AccountNonceApi<Block, AccountId, Nonce> for Runtime {
    |          ^^^^^^^^^^^^^^^^^^^^^^^^^^^^^^^^^^^^^^^^^^^^^^^^^^^^^^^^^^^^^^^^^^^^^^ the trait `Encode` is not implemented for `sp_runtime::generic::Block<sp_runtime::generic::Header<u32, sp_runtime::traits::BlakeTwo256>, sp_runtime::generic::UncheckedExtrinsic<MultiAddress<AccountId32, u32>, RuntimeCall, MultiSignature, (CheckNonZeroSender<Runtime>, CheckSpecVersion<Runtime>, CheckTxVersion<Runtime>, CheckGenesis<Runtime>, CheckEra<Runtime>, CheckNonce<Runtime>, CheckWeight<Runtime>, ChargeTransactionPayment<Runtime>)>>`
    |
    = help: the trait `Encode` is implemented for `sp_runtime::generic::Block<Header, Extrinsic>`
    = note: required for `Block<Header<u32, BlakeTwo256>, UncheckedExtrinsic<MultiAddress<AccountId32, u32>, RuntimeCall, ..., ...>>` to implement `Codec`
    = note: the full type name has been written to '/home/asmita/personal/project2_bitcoin/clarus/target/debug/deps/clarus_runtime-45a1e633dfb15d6d.long-type-9781536913168560711.txt'
    = note: required for `Block<Header<u32, BlakeTwo256>, UncheckedExtrinsic<MultiAddress<AccountId32, u32>, RuntimeCall, ..., ...>>` to implement `sp_api::BlockT`
    = note: the full type name has been written to '/home/asmita/personal/project2_bitcoin/clarus/target/debug/deps/clarus_runtime-45a1e633dfb15d6d.long-type-9781536913168560711.txt'
note: required by a bound in `AccountNonceApiV1`
   --> /home/asmita/.cargo/git/checkouts/polkadot-sdk-cff69157b985ed76/a3e4fce/substrate/frame/system/rpc/runtime-api/src/lib.rs:26:1
    |
26  | / sp_api::decl_runtime_apis! {
27  | |     /// The API to query account nonce.
28  | |     pub trait AccountNonceApi<AccountId, Nonce> where
29  | |         AccountId: codec::Codec,
...   |
34  | |     }
35  | | }
    | |_^ required by this bound in `AccountNonceApiV1`
    = note: this error originates in the macro `sp_api::decl_runtime_apis` (in Nightly builds, run with -Z macro-backtrace for more info)

error[E0277]: the trait bound `sp_runtime::generic::Block<sp_runtime::generic::Header<u32, sp_runtime::traits::BlakeTwo256>, sp_runtime::generic::UncheckedExtrinsic<MultiAddress<AccountId32, u32>, RuntimeCall, MultiSignature, (CheckNonZeroSender<Runtime>, CheckSpecVersion<Runtime>, CheckTxVersion<Runtime>, CheckGenesis<Runtime>, CheckEra<Runtime>, CheckNonce<Runtime>, CheckWeight<Runtime>, ChargeTransactionPayment<Runtime>)>>: Decode` is not satisfied
   --> runtime/src/lib.rs:603:10
    |
603 |     impl frame_system_rpc_runtime_api::AccountNonceApi<Block, AccountId, Nonce> for Runtime {
    |          ^^^^^^^^^^^^^^^^^^^^^^^^^^^^^^^^^^^^^^^^^^^^^^^^^^^^^^^^^^^^^^^^^^^^^^ the trait `Decode` is not implemented for `sp_runtime::generic::Block<sp_runtime::generic::Header<u32, sp_runtime::traits::BlakeTwo256>, sp_runtime::generic::UncheckedExtrinsic<MultiAddress<AccountId32, u32>, RuntimeCall, MultiSignature, (CheckNonZeroSender<Runtime>, CheckSpecVersion<Runtime>, CheckTxVersion<Runtime>, CheckGenesis<Runtime>, CheckEra<Runtime>, CheckNonce<Runtime>, CheckWeight<Runtime>, ChargeTransactionPayment<Runtime>)>>`
    |
    = help: the trait `Decode` is implemented for `sp_runtime::generic::Block<Header, Extrinsic>`
    = note: required for `Block<Header<u32, BlakeTwo256>, UncheckedExtrinsic<MultiAddress<AccountId32, u32>, RuntimeCall, ..., ...>>` to implement `Codec`
    = note: the full type name has been written to '/home/asmita/personal/project2_bitcoin/clarus/target/debug/deps/clarus_runtime-45a1e633dfb15d6d.long-type-9781536913168560711.txt'
    = note: required for `Block<Header<u32, BlakeTwo256>, UncheckedExtrinsic<MultiAddress<AccountId32, u32>, RuntimeCall, ..., ...>>` to implement `sp_api::BlockT`
    = note: the full type name has been written to '/home/asmita/personal/project2_bitcoin/clarus/target/debug/deps/clarus_runtime-45a1e633dfb15d6d.long-type-9781536913168560711.txt'
note: required by a bound in `AccountNonceApiV1`
   --> /home/asmita/.cargo/git/checkouts/polkadot-sdk-cff69157b985ed76/a3e4fce/substrate/frame/system/rpc/runtime-api/src/lib.rs:26:1
    |
26  | / sp_api::decl_runtime_apis! {
27  | |     /// The API to query account nonce.
28  | |     pub trait AccountNonceApi<AccountId, Nonce> where
29  | |         AccountId: codec::Codec,
...   |
34  | |     }
35  | | }
    | |_^ required by this bound in `AccountNonceApiV1`
    = note: this error originates in the macro `sp_api::decl_runtime_apis` (in Nightly builds, run with -Z macro-backtrace for more info)

error[E0277]: the trait bound `sp_runtime::generic::UncheckedExtrinsic<MultiAddress<AccountId32, u32>, RuntimeCall, MultiSignature, (CheckNonZeroSender<Runtime>, CheckSpecVersion<Runtime>, CheckTxVersion<Runtime>, CheckGenesis<Runtime>, CheckEra<Runtime>, CheckNonce<Runtime>, CheckWeight<Runtime>, ChargeTransactionPayment<Runtime>)>: Decode` is not satisfied
   --> runtime/src/lib.rs:603:10
    |
603 |     impl frame_system_rpc_runtime_api::AccountNonceApi<Block, AccountId, Nonce> for Runtime {
    |          ^^^^^^^^^^^^^^^^^^^^^^^^^^^^^^^^^^^^^^^^^^^^^^^^^^^^^^^^^^^^^^^^^^^^^^ the trait `Decode` is not implemented for `sp_runtime::generic::UncheckedExtrinsic<MultiAddress<AccountId32, u32>, RuntimeCall, MultiSignature, (CheckNonZeroSender<Runtime>, CheckSpecVersion<Runtime>, CheckTxVersion<Runtime>, CheckGenesis<Runtime>, CheckEra<Runtime>, CheckNonce<Runtime>, CheckWeight<Runtime>, ChargeTransactionPayment<Runtime>)>`
    |
    = help: the trait `Decode` is implemented for `sp_runtime::generic::UncheckedExtrinsic<Address, Call, Signature, Extra>`
    = note: required for `UncheckedExtrinsic<MultiAddress<AccountId32, u32>, RuntimeCall, MultiSignature, ...>` to implement `Codec`
    = note: the full type name has been written to '/home/asmita/personal/project2_bitcoin/clarus/target/debug/deps/clarus_runtime-45a1e633dfb15d6d.long-type-7556966523782775049.txt'
    = note: required for `Block<Header<u32, BlakeTwo256>, UncheckedExtrinsic<MultiAddress<AccountId32, u32>, RuntimeCall, ..., ...>>` to implement `sp_api::BlockT`
    = note: the full type name has been written to '/home/asmita/personal/project2_bitcoin/clarus/target/debug/deps/clarus_runtime-45a1e633dfb15d6d.long-type-9781536913168560711.txt'

error[E0277]: the trait bound `sp_runtime::generic::UncheckedExtrinsic<MultiAddress<AccountId32, u32>, RuntimeCall, MultiSignature, (CheckNonZeroSender<Runtime>, CheckSpecVersion<Runtime>, CheckTxVersion<Runtime>, CheckGenesis<Runtime>, CheckEra<Runtime>, CheckNonce<Runtime>, CheckWeight<Runtime>, ChargeTransactionPayment<Runtime>)>: Encode` is not satisfied
   --> runtime/src/lib.rs:603:10
    |
603 |     impl frame_system_rpc_runtime_api::AccountNonceApi<Block, AccountId, Nonce> for Runtime {
    |          ^^^^^^^^^^^^^^^^^^^^^^^^^^^^^^^^^^^^^^^^^^^^^^^^^^^^^^^^^^^^^^^^^^^^^^ the trait `Encode` is not implemented for `sp_runtime::generic::UncheckedExtrinsic<MultiAddress<AccountId32, u32>, RuntimeCall, MultiSignature, (CheckNonZeroSender<Runtime>, CheckSpecVersion<Runtime>, CheckTxVersion<Runtime>, CheckGenesis<Runtime>, CheckEra<Runtime>, CheckNonce<Runtime>, CheckWeight<Runtime>, ChargeTransactionPayment<Runtime>)>`
    |
    = help: the trait `Encode` is implemented for `sp_runtime::generic::UncheckedExtrinsic<Address, Call, Signature, Extra>`
    = note: required for `UncheckedExtrinsic<MultiAddress<AccountId32, u32>, RuntimeCall, MultiSignature, ...>` to implement `Codec`
    = note: the full type name has been written to '/home/asmita/personal/project2_bitcoin/clarus/target/debug/deps/clarus_runtime-45a1e633dfb15d6d.long-type-7556966523782775049.txt'
    = note: required for `Block<Header<u32, BlakeTwo256>, UncheckedExtrinsic<MultiAddress<AccountId32, u32>, RuntimeCall, ..., ...>>` to implement `sp_api::BlockT`
    = note: the full type name has been written to '/home/asmita/personal/project2_bitcoin/clarus/target/debug/deps/clarus_runtime-45a1e633dfb15d6d.long-type-9781536913168560711.txt'

error[E0277]: the trait bound `clarus_mandate::Pallet<Runtime>: Callable<Runtime>` is not satisfied in `RuntimeCall`
   --> runtime/src/lib.rs:603:10
    |
603 |     impl frame_system_rpc_runtime_api::AccountNonceApi<Block, AccountId, Nonce> for Runtime {
    |          ^^^^^^^^^^^^^^^^^^^^^^^^^^^^^^^^^^^^^^^^^^^^^^^^^^^^^^^^^^^^^^^^^^^^^^ within `RuntimeCall`, the trait `Callable<Runtime>` is not implemented for `clarus_mandate::Pallet<Runtime>`
    |
    = help: the following other types implement trait `Callable<T>`:
              pallet_authority_discovery::Pallet<T>
              pallet_timestamp::Pallet<T>
              pallet_indices::Pallet<T>
              pallet_offences::Pallet<T>
              pallet_sudo::Pallet<T>
              pallet_multisig::Pallet<T>
              pallet_session::historical::Pallet<T>
              pallet_grandpa::Pallet<T>
            and 12 others
note: required because it appears within the type `RuntimeCall`
   --> runtime/src/lib.rs:342:1
    |
342 | // construct_runtime!(
343 | ||     pub struct Runtime
344 | ||     {
345 | ||         Staking: pallet_staking::{Pallet, Storage, Config<T>, Event<T>} = 5,
...   ||
371 | ||     }
372 | || );
    | ||_- in this macro invocation
...   |
651 | |      }
652 | |
    | |__________^
    = note: required for `UncheckedExtrinsic<MultiAddress<AccountId32, u32>, RuntimeCall, MultiSignature, ...>` to implement `Extrinsic`
    = note: the full type name has been written to '/home/asmita/personal/project2_bitcoin/clarus/target/debug/deps/clarus_runtime-45a1e633dfb15d6d.long-type-7556966523782775049.txt'
    = note: required for `Block<Header<u32, BlakeTwo256>, UncheckedExtrinsic<MultiAddress<AccountId32, u32>, RuntimeCall, ..., ...>>` to implement `sp_api::BlockT`
    = note: the full type name has been written to '/home/asmita/personal/project2_bitcoin/clarus/target/debug/deps/clarus_runtime-45a1e633dfb15d6d.long-type-9781536913168560711.txt'
    = note: this error originates in the macro `frame_support::construct_runtime` which comes from the expansion of the macro `construct_runtime` (in Nightly builds, run with -Z macro-backtrace for more info)

error[E0277]: the trait bound `sp_runtime::generic::Block<sp_runtime::generic::Header<u32, sp_runtime::traits::BlakeTwo256>, sp_runtime::generic::UncheckedExtrinsic<MultiAddress<AccountId32, u32>, RuntimeCall, MultiSignature, (CheckNonZeroSender<Runtime>, CheckSpecVersion<Runtime>, CheckTxVersion<Runtime>, CheckGenesis<Runtime>, CheckEra<Runtime>, CheckNonce<Runtime>, CheckWeight<Runtime>, ChargeTransactionPayment<Runtime>)>>: Encode` is not satisfied
   --> runtime/src/lib.rs:609:10
    |
609 |       impl pallet_transaction_payment_rpc_runtime_api::TransactionPaymentApi<
    |  __________^
610 | |         Block,
611 | |         Balance,
612 | |     > for Runtime {
    | |_____^ the trait `Encode` is not implemented for `sp_runtime::generic::Block<sp_runtime::generic::Header<u32, sp_runtime::traits::BlakeTwo256>, sp_runtime::generic::UncheckedExtrinsic<MultiAddress<AccountId32, u32>, RuntimeCall, MultiSignature, (CheckNonZeroSender<Runtime>, CheckSpecVersion<Runtime>, CheckTxVersion<Runtime>, CheckGenesis<Runtime>, CheckEra<Runtime>, CheckNonce<Runtime>, CheckWeight<Runtime>, ChargeTransactionPayment<Runtime>)>>`
    |
    = help: the trait `Encode` is implemented for `sp_runtime::generic::Block<Header, Extrinsic>`
    = note: required for `Block<Header<u32, BlakeTwo256>, UncheckedExtrinsic<MultiAddress<AccountId32, u32>, RuntimeCall, ..., ...>>` to implement `Codec`
    = note: the full type name has been written to '/home/asmita/personal/project2_bitcoin/clarus/target/debug/deps/clarus_runtime-45a1e633dfb15d6d.long-type-9781536913168560711.txt'
    = note: required for `Block<Header<u32, BlakeTwo256>, UncheckedExtrinsic<MultiAddress<AccountId32, u32>, RuntimeCall, ..., ...>>` to implement `sp_api::BlockT`
    = note: the full type name has been written to '/home/asmita/personal/project2_bitcoin/clarus/target/debug/deps/clarus_runtime-45a1e633dfb15d6d.long-type-9781536913168560711.txt'
note: required by a bound in `TransactionPaymentApiV4`
   --> /home/asmita/.cargo/git/checkouts/polkadot-sdk-cff69157b985ed76/a3e4fce/substrate/frame/transaction-payment/rpc/runtime-api/src/lib.rs:27:1
    |
27  | / sp_api::decl_runtime_apis! {
28  | |     #[api_version(4)]
29  | |     pub trait TransactionPaymentApi<Balance> where
30  | |         Balance: Codec + MaybeDisplay,
...   |
55  | |     }
56  | | }
    | |_^ required by this bound in `TransactionPaymentApiV4`
    = note: this error originates in the macro `sp_api::decl_runtime_apis` (in Nightly builds, run with -Z macro-backtrace for more info)

error[E0277]: the trait bound `sp_runtime::generic::Block<sp_runtime::generic::Header<u32, sp_runtime::traits::BlakeTwo256>, sp_runtime::generic::UncheckedExtrinsic<MultiAddress<AccountId32, u32>, RuntimeCall, MultiSignature, (CheckNonZeroSender<Runtime>, CheckSpecVersion<Runtime>, CheckTxVersion<Runtime>, CheckGenesis<Runtime>, CheckEra<Runtime>, CheckNonce<Runtime>, CheckWeight<Runtime>, ChargeTransactionPayment<Runtime>)>>: Decode` is not satisfied
   --> runtime/src/lib.rs:609:10
    |
609 |       impl pallet_transaction_payment_rpc_runtime_api::TransactionPaymentApi<
    |  __________^
610 | |         Block,
611 | |         Balance,
612 | |     > for Runtime {
    | |_____^ the trait `Decode` is not implemented for `sp_runtime::generic::Block<sp_runtime::generic::Header<u32, sp_runtime::traits::BlakeTwo256>, sp_runtime::generic::UncheckedExtrinsic<MultiAddress<AccountId32, u32>, RuntimeCall, MultiSignature, (CheckNonZeroSender<Runtime>, CheckSpecVersion<Runtime>, CheckTxVersion<Runtime>, CheckGenesis<Runtime>, CheckEra<Runtime>, CheckNonce<Runtime>, CheckWeight<Runtime>, ChargeTransactionPayment<Runtime>)>>`
    |
    = help: the trait `Decode` is implemented for `sp_runtime::generic::Block<Header, Extrinsic>`
    = note: required for `Block<Header<u32, BlakeTwo256>, UncheckedExtrinsic<MultiAddress<AccountId32, u32>, RuntimeCall, ..., ...>>` to implement `Codec`
    = note: the full type name has been written to '/home/asmita/personal/project2_bitcoin/clarus/target/debug/deps/clarus_runtime-45a1e633dfb15d6d.long-type-9781536913168560711.txt'
    = note: required for `Block<Header<u32, BlakeTwo256>, UncheckedExtrinsic<MultiAddress<AccountId32, u32>, RuntimeCall, ..., ...>>` to implement `sp_api::BlockT`
    = note: the full type name has been written to '/home/asmita/personal/project2_bitcoin/clarus/target/debug/deps/clarus_runtime-45a1e633dfb15d6d.long-type-9781536913168560711.txt'
note: required by a bound in `TransactionPaymentApiV4`
   --> /home/asmita/.cargo/git/checkouts/polkadot-sdk-cff69157b985ed76/a3e4fce/substrate/frame/transaction-payment/rpc/runtime-api/src/lib.rs:27:1
    |
27  | / sp_api::decl_runtime_apis! {
28  | |     #[api_version(4)]
29  | |     pub trait TransactionPaymentApi<Balance> where
30  | |         Balance: Codec + MaybeDisplay,
...   |
55  | |     }
56  | | }
    | |_^ required by this bound in `TransactionPaymentApiV4`
    = note: this error originates in the macro `sp_api::decl_runtime_apis` (in Nightly builds, run with -Z macro-backtrace for more info)

error[E0277]: the trait bound `sp_runtime::generic::UncheckedExtrinsic<MultiAddress<AccountId32, u32>, RuntimeCall, MultiSignature, (CheckNonZeroSender<Runtime>, CheckSpecVersion<Runtime>, CheckTxVersion<Runtime>, CheckGenesis<Runtime>, CheckEra<Runtime>, CheckNonce<Runtime>, CheckWeight<Runtime>, ChargeTransactionPayment<Runtime>)>: Decode` is not satisfied
   --> runtime/src/lib.rs:609:10
    |
609 |       impl pallet_transaction_payment_rpc_runtime_api::TransactionPaymentApi<
    |  __________^
610 | |         Block,
611 | |         Balance,
612 | |     > for Runtime {
    | |_____^ the trait `Decode` is not implemented for `sp_runtime::generic::UncheckedExtrinsic<MultiAddress<AccountId32, u32>, RuntimeCall, MultiSignature, (CheckNonZeroSender<Runtime>, CheckSpecVersion<Runtime>, CheckTxVersion<Runtime>, CheckGenesis<Runtime>, CheckEra<Runtime>, CheckNonce<Runtime>, CheckWeight<Runtime>, ChargeTransactionPayment<Runtime>)>`
    |
    = help: the trait `Decode` is implemented for `sp_runtime::generic::UncheckedExtrinsic<Address, Call, Signature, Extra>`
    = note: required for `UncheckedExtrinsic<MultiAddress<AccountId32, u32>, RuntimeCall, MultiSignature, ...>` to implement `Codec`
    = note: the full type name has been written to '/home/asmita/personal/project2_bitcoin/clarus/target/debug/deps/clarus_runtime-45a1e633dfb15d6d.long-type-7556966523782775049.txt'
    = note: required for `Block<Header<u32, BlakeTwo256>, UncheckedExtrinsic<MultiAddress<AccountId32, u32>, RuntimeCall, ..., ...>>` to implement `sp_api::BlockT`
    = note: the full type name has been written to '/home/asmita/personal/project2_bitcoin/clarus/target/debug/deps/clarus_runtime-45a1e633dfb15d6d.long-type-9781536913168560711.txt'

error[E0277]: the trait bound `sp_runtime::generic::UncheckedExtrinsic<MultiAddress<AccountId32, u32>, RuntimeCall, MultiSignature, (CheckNonZeroSender<Runtime>, CheckSpecVersion<Runtime>, CheckTxVersion<Runtime>, CheckGenesis<Runtime>, CheckEra<Runtime>, CheckNonce<Runtime>, CheckWeight<Runtime>, ChargeTransactionPayment<Runtime>)>: Encode` is not satisfied
   --> runtime/src/lib.rs:609:10
    |
609 |       impl pallet_transaction_payment_rpc_runtime_api::TransactionPaymentApi<
    |  __________^
610 | |         Block,
611 | |         Balance,
612 | |     > for Runtime {
    | |_____^ the trait `Encode` is not implemented for `sp_runtime::generic::UncheckedExtrinsic<MultiAddress<AccountId32, u32>, RuntimeCall, MultiSignature, (CheckNonZeroSender<Runtime>, CheckSpecVersion<Runtime>, CheckTxVersion<Runtime>, CheckGenesis<Runtime>, CheckEra<Runtime>, CheckNonce<Runtime>, CheckWeight<Runtime>, ChargeTransactionPayment<Runtime>)>`
    |
    = help: the trait `Encode` is implemented for `sp_runtime::generic::UncheckedExtrinsic<Address, Call, Signature, Extra>`
    = note: required for `UncheckedExtrinsic<MultiAddress<AccountId32, u32>, RuntimeCall, MultiSignature, ...>` to implement `Codec`
    = note: the full type name has been written to '/home/asmita/personal/project2_bitcoin/clarus/target/debug/deps/clarus_runtime-45a1e633dfb15d6d.long-type-7556966523782775049.txt'
    = note: required for `Block<Header<u32, BlakeTwo256>, UncheckedExtrinsic<MultiAddress<AccountId32, u32>, RuntimeCall, ..., ...>>` to implement `sp_api::BlockT`
    = note: the full type name has been written to '/home/asmita/personal/project2_bitcoin/clarus/target/debug/deps/clarus_runtime-45a1e633dfb15d6d.long-type-9781536913168560711.txt'

error[E0277]: the trait bound `clarus_mandate::Pallet<Runtime>: Callable<Runtime>` is not satisfied in `RuntimeCall`
   --> runtime/src/lib.rs:609:10
    |
609 |       impl pallet_transaction_payment_rpc_runtime_api::TransactionPaymentApi<
    |  __________^
610 | |         Block,
611 | |         Balance,
612 | |     > for Runtime {
    | |_____^ within `RuntimeCall`, the trait `Callable<Runtime>` is not implemented for `clarus_mandate::Pallet<Runtime>`
    |
    = help: the following other types implement trait `Callable<T>`:
              pallet_authority_discovery::Pallet<T>
              pallet_timestamp::Pallet<T>
              pallet_indices::Pallet<T>
              pallet_offences::Pallet<T>
              pallet_sudo::Pallet<T>
              pallet_multisig::Pallet<T>
              pallet_session::historical::Pallet<T>
              pallet_grandpa::Pallet<T>
            and 12 others
note: required because it appears within the type `RuntimeCall`
   --> runtime/src/lib.rs:342:1
    |
342 | // construct_runtime!(
343 | ||     pub struct Runtime
344 | ||     {
345 | ||         Staking: pallet_staking::{Pallet, Storage, Config<T>, Event<T>} = 5,
...   ||
371 | ||     }
372 | || );
    | ||_- in this macro invocation
...   |
651 | |      }
652 | |
    | |__________^
    = note: required for `UncheckedExtrinsic<MultiAddress<AccountId32, u32>, RuntimeCall, MultiSignature, ...>` to implement `Extrinsic`
    = note: the full type name has been written to '/home/asmita/personal/project2_bitcoin/clarus/target/debug/deps/clarus_runtime-45a1e633dfb15d6d.long-type-7556966523782775049.txt'
    = note: required for `Block<Header<u32, BlakeTwo256>, UncheckedExtrinsic<MultiAddress<AccountId32, u32>, RuntimeCall, ..., ...>>` to implement `sp_api::BlockT`
    = note: the full type name has been written to '/home/asmita/personal/project2_bitcoin/clarus/target/debug/deps/clarus_runtime-45a1e633dfb15d6d.long-type-9781536913168560711.txt'
    = note: this error originates in the macro `frame_support::construct_runtime` which comes from the expansion of the macro `construct_runtime` (in Nightly builds, run with -Z macro-backtrace for more info)

error[E0277]: the trait bound `sp_runtime::generic::Block<sp_runtime::generic::Header<u32, sp_runtime::traits::BlakeTwo256>, sp_runtime::generic::UncheckedExtrinsic<MultiAddress<AccountId32, u32>, RuntimeCall, MultiSignature, (CheckNonZeroSender<Runtime>, CheckSpecVersion<Runtime>, CheckTxVersion<Runtime>, CheckGenesis<Runtime>, CheckEra<Runtime>, CheckNonce<Runtime>, CheckWeight<Runtime>, ChargeTransactionPayment<Runtime>)>>: Encode` is not satisfied
   --> runtime/src/lib.rs:627:10
    |
627 |     impl sp_session::SessionKeys<Block> for Runtime {
    |          ^^^^^^^^^^^^^^^^^^^^^^^^^^^^^^ the trait `Encode` is not implemented for `sp_runtime::generic::Block<sp_runtime::generic::Header<u32, sp_runtime::traits::BlakeTwo256>, sp_runtime::generic::UncheckedExtrinsic<MultiAddress<AccountId32, u32>, RuntimeCall, MultiSignature, (CheckNonZeroSender<Runtime>, CheckSpecVersion<Runtime>, CheckTxVersion<Runtime>, CheckGenesis<Runtime>, CheckEra<Runtime>, CheckNonce<Runtime>, CheckWeight<Runtime>, ChargeTransactionPayment<Runtime>)>>`
    |
    = help: the trait `Encode` is implemented for `sp_runtime::generic::Block<Header, Extrinsic>`
    = note: required for `Block<Header<u32, BlakeTwo256>, UncheckedExtrinsic<MultiAddress<AccountId32, u32>, RuntimeCall, ..., ...>>` to implement `Codec`
    = note: the full type name has been written to '/home/asmita/personal/project2_bitcoin/clarus/target/debug/deps/clarus_runtime-45a1e633dfb15d6d.long-type-9781536913168560711.txt'
    = note: required for `Block<Header<u32, BlakeTwo256>, UncheckedExtrinsic<MultiAddress<AccountId32, u32>, RuntimeCall, ..., ...>>` to implement `sp_api::BlockT`
    = note: the full type name has been written to '/home/asmita/personal/project2_bitcoin/clarus/target/debug/deps/clarus_runtime-45a1e633dfb15d6d.long-type-9781536913168560711.txt'
note: required by a bound in `SessionKeysV1`
   --> /home/asmita/.cargo/git/checkouts/polkadot-sdk-cff69157b985ed76/a3e4fce/substrate/primitives/session/src/runtime_api.rs:21:1
    |
21  | / sp_api::decl_runtime_apis! {
22  | |     /// Session keys runtime api.
23  | |     pub trait SessionKeys {
24  | |         /// Generate a set of session keys with optionally using the given seed.
...   |
37  | |     }
38  | | }
    | |_^ required by this bound in `SessionKeysV1`
    = note: this error originates in the macro `sp_api::decl_runtime_apis` (in Nightly builds, run with -Z macro-backtrace for more info)

error[E0277]: the trait bound `sp_runtime::generic::Block<sp_runtime::generic::Header<u32, sp_runtime::traits::BlakeTwo256>, sp_runtime::generic::UncheckedExtrinsic<MultiAddress<AccountId32, u32>, RuntimeCall, MultiSignature, (CheckNonZeroSender<Runtime>, CheckSpecVersion<Runtime>, CheckTxVersion<Runtime>, CheckGenesis<Runtime>, CheckEra<Runtime>, CheckNonce<Runtime>, CheckWeight<Runtime>, ChargeTransactionPayment<Runtime>)>>: Decode` is not satisfied
   --> runtime/src/lib.rs:627:10
    |
627 |     impl sp_session::SessionKeys<Block> for Runtime {
    |          ^^^^^^^^^^^^^^^^^^^^^^^^^^^^^^ the trait `Decode` is not implemented for `sp_runtime::generic::Block<sp_runtime::generic::Header<u32, sp_runtime::traits::BlakeTwo256>, sp_runtime::generic::UncheckedExtrinsic<MultiAddress<AccountId32, u32>, RuntimeCall, MultiSignature, (CheckNonZeroSender<Runtime>, CheckSpecVersion<Runtime>, CheckTxVersion<Runtime>, CheckGenesis<Runtime>, CheckEra<Runtime>, CheckNonce<Runtime>, CheckWeight<Runtime>, ChargeTransactionPayment<Runtime>)>>`
    |
    = help: the trait `Decode` is implemented for `sp_runtime::generic::Block<Header, Extrinsic>`
    = note: required for `Block<Header<u32, BlakeTwo256>, UncheckedExtrinsic<MultiAddress<AccountId32, u32>, RuntimeCall, ..., ...>>` to implement `Codec`
    = note: the full type name has been written to '/home/asmita/personal/project2_bitcoin/clarus/target/debug/deps/clarus_runtime-45a1e633dfb15d6d.long-type-9781536913168560711.txt'
    = note: required for `Block<Header<u32, BlakeTwo256>, UncheckedExtrinsic<MultiAddress<AccountId32, u32>, RuntimeCall, ..., ...>>` to implement `sp_api::BlockT`
    = note: the full type name has been written to '/home/asmita/personal/project2_bitcoin/clarus/target/debug/deps/clarus_runtime-45a1e633dfb15d6d.long-type-9781536913168560711.txt'
note: required by a bound in `SessionKeysV1`
   --> /home/asmita/.cargo/git/checkouts/polkadot-sdk-cff69157b985ed76/a3e4fce/substrate/primitives/session/src/runtime_api.rs:21:1
    |
21  | / sp_api::decl_runtime_apis! {
22  | |     /// Session keys runtime api.
23  | |     pub trait SessionKeys {
24  | |         /// Generate a set of session keys with optionally using the given seed.
...   |
37  | |     }
38  | | }
    | |_^ required by this bound in `SessionKeysV1`
    = note: this error originates in the macro `sp_api::decl_runtime_apis` (in Nightly builds, run with -Z macro-backtrace for more info)

error[E0277]: the trait bound `sp_runtime::generic::UncheckedExtrinsic<MultiAddress<AccountId32, u32>, RuntimeCall, MultiSignature, (CheckNonZeroSender<Runtime>, CheckSpecVersion<Runtime>, CheckTxVersion<Runtime>, CheckGenesis<Runtime>, CheckEra<Runtime>, CheckNonce<Runtime>, CheckWeight<Runtime>, ChargeTransactionPayment<Runtime>)>: Decode` is not satisfied
   --> runtime/src/lib.rs:627:10
    |
627 |     impl sp_session::SessionKeys<Block> for Runtime {
    |          ^^^^^^^^^^^^^^^^^^^^^^^^^^^^^^ the trait `Decode` is not implemented for `sp_runtime::generic::UncheckedExtrinsic<MultiAddress<AccountId32, u32>, RuntimeCall, MultiSignature, (CheckNonZeroSender<Runtime>, CheckSpecVersion<Runtime>, CheckTxVersion<Runtime>, CheckGenesis<Runtime>, CheckEra<Runtime>, CheckNonce<Runtime>, CheckWeight<Runtime>, ChargeTransactionPayment<Runtime>)>`
    |
    = help: the trait `Decode` is implemented for `sp_runtime::generic::UncheckedExtrinsic<Address, Call, Signature, Extra>`
    = note: required for `UncheckedExtrinsic<MultiAddress<AccountId32, u32>, RuntimeCall, MultiSignature, ...>` to implement `Codec`
    = note: the full type name has been written to '/home/asmita/personal/project2_bitcoin/clarus/target/debug/deps/clarus_runtime-45a1e633dfb15d6d.long-type-7556966523782775049.txt'
    = note: required for `Block<Header<u32, BlakeTwo256>, UncheckedExtrinsic<MultiAddress<AccountId32, u32>, RuntimeCall, ..., ...>>` to implement `sp_api::BlockT`
    = note: the full type name has been written to '/home/asmita/personal/project2_bitcoin/clarus/target/debug/deps/clarus_runtime-45a1e633dfb15d6d.long-type-9781536913168560711.txt'

error[E0277]: the trait bound `sp_runtime::generic::UncheckedExtrinsic<MultiAddress<AccountId32, u32>, RuntimeCall, MultiSignature, (CheckNonZeroSender<Runtime>, CheckSpecVersion<Runtime>, CheckTxVersion<Runtime>, CheckGenesis<Runtime>, CheckEra<Runtime>, CheckNonce<Runtime>, CheckWeight<Runtime>, ChargeTransactionPayment<Runtime>)>: Encode` is not satisfied
   --> runtime/src/lib.rs:627:10
    |
627 |     impl sp_session::SessionKeys<Block> for Runtime {
    |          ^^^^^^^^^^^^^^^^^^^^^^^^^^^^^^ the trait `Encode` is not implemented for `sp_runtime::generic::UncheckedExtrinsic<MultiAddress<AccountId32, u32>, RuntimeCall, MultiSignature, (CheckNonZeroSender<Runtime>, CheckSpecVersion<Runtime>, CheckTxVersion<Runtime>, CheckGenesis<Runtime>, CheckEra<Runtime>, CheckNonce<Runtime>, CheckWeight<Runtime>, ChargeTransactionPayment<Runtime>)>`
    |
    = help: the trait `Encode` is implemented for `sp_runtime::generic::UncheckedExtrinsic<Address, Call, Signature, Extra>`
    = note: required for `UncheckedExtrinsic<MultiAddress<AccountId32, u32>, RuntimeCall, MultiSignature, ...>` to implement `Codec`
    = note: the full type name has been written to '/home/asmita/personal/project2_bitcoin/clarus/target/debug/deps/clarus_runtime-45a1e633dfb15d6d.long-type-7556966523782775049.txt'
    = note: required for `Block<Header<u32, BlakeTwo256>, UncheckedExtrinsic<MultiAddress<AccountId32, u32>, RuntimeCall, ..., ...>>` to implement `sp_api::BlockT`
    = note: the full type name has been written to '/home/asmita/personal/project2_bitcoin/clarus/target/debug/deps/clarus_runtime-45a1e633dfb15d6d.long-type-9781536913168560711.txt'

error[E0277]: the trait bound `clarus_mandate::Pallet<Runtime>: Callable<Runtime>` is not satisfied in `RuntimeCall`
   --> runtime/src/lib.rs:627:10
    |
627 |     impl sp_session::SessionKeys<Block> for Runtime {
    |          ^^^^^^^^^^^^^^^^^^^^^^^^^^^^^^ within `RuntimeCall`, the trait `Callable<Runtime>` is not implemented for `clarus_mandate::Pallet<Runtime>`
    |
    = help: the following other types implement trait `Callable<T>`:
              pallet_authority_discovery::Pallet<T>
              pallet_timestamp::Pallet<T>
              pallet_indices::Pallet<T>
              pallet_offences::Pallet<T>
              pallet_sudo::Pallet<T>
              pallet_multisig::Pallet<T>
              pallet_session::historical::Pallet<T>
              pallet_grandpa::Pallet<T>
            and 12 others
note: required because it appears within the type `RuntimeCall`
   --> runtime/src/lib.rs:342:1
    |
342 | // construct_runtime!(
343 | ||     pub struct Runtime
344 | ||     {
345 | ||         Staking: pallet_staking::{Pallet, Storage, Config<T>, Event<T>} = 5,
...   ||
371 | ||     }
372 | || );
    | ||_- in this macro invocation
...   |
651 | |      }
652 | |
    | |__________^
    = note: required for `UncheckedExtrinsic<MultiAddress<AccountId32, u32>, RuntimeCall, MultiSignature, ...>` to implement `Extrinsic`
    = note: the full type name has been written to '/home/asmita/personal/project2_bitcoin/clarus/target/debug/deps/clarus_runtime-45a1e633dfb15d6d.long-type-7556966523782775049.txt'
    = note: required for `Block<Header<u32, BlakeTwo256>, UncheckedExtrinsic<MultiAddress<AccountId32, u32>, RuntimeCall, ..., ...>>` to implement `sp_api::BlockT`
    = note: the full type name has been written to '/home/asmita/personal/project2_bitcoin/clarus/target/debug/deps/clarus_runtime-45a1e633dfb15d6d.long-type-9781536913168560711.txt'
    = note: this error originates in the macro `frame_support::construct_runtime` which comes from the expansion of the macro `construct_runtime` (in Nightly builds, run with -Z macro-backtrace for more info)

error[E0277]: the trait bound `sp_runtime::generic::Block<sp_runtime::generic::Header<u32, sp_runtime::traits::BlakeTwo256>, sp_runtime::generic::UncheckedExtrinsic<MultiAddress<AccountId32, u32>, RuntimeCall, MultiSignature, (CheckNonZeroSender<Runtime>, CheckSpecVersion<Runtime>, CheckTxVersion<Runtime>, CheckGenesis<Runtime>, CheckEra<Runtime>, CheckNonce<Runtime>, CheckWeight<Runtime>, ChargeTransactionPayment<Runtime>)>>: Encode` is not satisfied
   --> runtime/src/lib.rs:639:10
    |
639 |     impl pallet_nomination_pools_runtime_api::NominationPoolsApi<Block, AccountId, Balance> for Runtime {
    |          ^^^^^^^^^^^^^^^^^^^^^^^^^^^^^^^^^^^^^^^^^^^^^^^^^^^^^^^^^^^^^^^^^^^^^^^^^^^^^^^^^^ the trait `Encode` is not implemented for `sp_runtime::generic::Block<sp_runtime::generic::Header<u32, sp_runtime::traits::BlakeTwo256>, sp_runtime::generic::UncheckedExtrinsic<MultiAddress<AccountId32, u32>, RuntimeCall, MultiSignature, (CheckNonZeroSender<Runtime>, CheckSpecVersion<Runtime>, CheckTxVersion<Runtime>, CheckGenesis<Runtime>, CheckEra<Runtime>, CheckNonce<Runtime>, CheckWeight<Runtime>, ChargeTransactionPayment<Runtime>)>>`
    |
    = help: the trait `Encode` is implemented for `sp_runtime::generic::Block<Header, Extrinsic>`
    = note: required for `Block<Header<u32, BlakeTwo256>, UncheckedExtrinsic<MultiAddress<AccountId32, u32>, RuntimeCall, ..., ...>>` to implement `Codec`
    = note: the full type name has been written to '/home/asmita/personal/project2_bitcoin/clarus/target/debug/deps/clarus_runtime-45a1e633dfb15d6d.long-type-9781536913168560711.txt'
    = note: required for `Block<Header<u32, BlakeTwo256>, UncheckedExtrinsic<MultiAddress<AccountId32, u32>, RuntimeCall, ..., ...>>` to implement `sp_api::BlockT`
    = note: the full type name has been written to '/home/asmita/personal/project2_bitcoin/clarus/target/debug/deps/clarus_runtime-45a1e633dfb15d6d.long-type-9781536913168560711.txt'
note: required by a bound in `NominationPoolsApiV1`
   --> /home/asmita/.cargo/git/checkouts/polkadot-sdk-cff69157b985ed76/a3e4fce/substrate/frame/nomination-pools/runtime-api/src/lib.rs:26:1
    |
26  | / sp_api::decl_runtime_apis! {
27  | |     /// Runtime api for accessing information about nomination pools.
28  | |     pub trait NominationPoolsApi<AccountId, Balance>
29  | |         where
...   |
41  | |     }
42  | | }
    | |_^ required by this bound in `NominationPoolsApiV1`
    = note: this error originates in the macro `sp_api::decl_runtime_apis` (in Nightly builds, run with -Z macro-backtrace for more info)

error[E0277]: the trait bound `sp_runtime::generic::Block<sp_runtime::generic::Header<u32, sp_runtime::traits::BlakeTwo256>, sp_runtime::generic::UncheckedExtrinsic<MultiAddress<AccountId32, u32>, RuntimeCall, MultiSignature, (CheckNonZeroSender<Runtime>, CheckSpecVersion<Runtime>, CheckTxVersion<Runtime>, CheckGenesis<Runtime>, CheckEra<Runtime>, CheckNonce<Runtime>, CheckWeight<Runtime>, ChargeTransactionPayment<Runtime>)>>: Decode` is not satisfied
   --> runtime/src/lib.rs:639:10
    |
639 |     impl pallet_nomination_pools_runtime_api::NominationPoolsApi<Block, AccountId, Balance> for Runtime {
    |          ^^^^^^^^^^^^^^^^^^^^^^^^^^^^^^^^^^^^^^^^^^^^^^^^^^^^^^^^^^^^^^^^^^^^^^^^^^^^^^^^^^ the trait `Decode` is not implemented for `sp_runtime::generic::Block<sp_runtime::generic::Header<u32, sp_runtime::traits::BlakeTwo256>, sp_runtime::generic::UncheckedExtrinsic<MultiAddress<AccountId32, u32>, RuntimeCall, MultiSignature, (CheckNonZeroSender<Runtime>, CheckSpecVersion<Runtime>, CheckTxVersion<Runtime>, CheckGenesis<Runtime>, CheckEra<Runtime>, CheckNonce<Runtime>, CheckWeight<Runtime>, ChargeTransactionPayment<Runtime>)>>`
    |
    = help: the trait `Decode` is implemented for `sp_runtime::generic::Block<Header, Extrinsic>`
    = note: required for `Block<Header<u32, BlakeTwo256>, UncheckedExtrinsic<MultiAddress<AccountId32, u32>, RuntimeCall, ..., ...>>` to implement `Codec`
    = note: the full type name has been written to '/home/asmita/personal/project2_bitcoin/clarus/target/debug/deps/clarus_runtime-45a1e633dfb15d6d.long-type-9781536913168560711.txt'
    = note: required for `Block<Header<u32, BlakeTwo256>, UncheckedExtrinsic<MultiAddress<AccountId32, u32>, RuntimeCall, ..., ...>>` to implement `sp_api::BlockT`
    = note: the full type name has been written to '/home/asmita/personal/project2_bitcoin/clarus/target/debug/deps/clarus_runtime-45a1e633dfb15d6d.long-type-9781536913168560711.txt'
note: required by a bound in `NominationPoolsApiV1`
   --> /home/asmita/.cargo/git/checkouts/polkadot-sdk-cff69157b985ed76/a3e4fce/substrate/frame/nomination-pools/runtime-api/src/lib.rs:26:1
    |
26  | / sp_api::decl_runtime_apis! {
27  | |     /// Runtime api for accessing information about nomination pools.
28  | |     pub trait NominationPoolsApi<AccountId, Balance>
29  | |         where
...   |
41  | |     }
42  | | }
    | |_^ required by this bound in `NominationPoolsApiV1`
    = note: this error originates in the macro `sp_api::decl_runtime_apis` (in Nightly builds, run with -Z macro-backtrace for more info)

error[E0277]: the trait bound `sp_runtime::generic::UncheckedExtrinsic<MultiAddress<AccountId32, u32>, RuntimeCall, MultiSignature, (CheckNonZeroSender<Runtime>, CheckSpecVersion<Runtime>, CheckTxVersion<Runtime>, CheckGenesis<Runtime>, CheckEra<Runtime>, CheckNonce<Runtime>, CheckWeight<Runtime>, ChargeTransactionPayment<Runtime>)>: Decode` is not satisfied
   --> runtime/src/lib.rs:639:10
    |
639 |     impl pallet_nomination_pools_runtime_api::NominationPoolsApi<Block, AccountId, Balance> for Runtime {
    |          ^^^^^^^^^^^^^^^^^^^^^^^^^^^^^^^^^^^^^^^^^^^^^^^^^^^^^^^^^^^^^^^^^^^^^^^^^^^^^^^^^^ the trait `Decode` is not implemented for `sp_runtime::generic::UncheckedExtrinsic<MultiAddress<AccountId32, u32>, RuntimeCall, MultiSignature, (CheckNonZeroSender<Runtime>, CheckSpecVersion<Runtime>, CheckTxVersion<Runtime>, CheckGenesis<Runtime>, CheckEra<Runtime>, CheckNonce<Runtime>, CheckWeight<Runtime>, ChargeTransactionPayment<Runtime>)>`
    |
    = help: the trait `Decode` is implemented for `sp_runtime::generic::UncheckedExtrinsic<Address, Call, Signature, Extra>`
    = note: required for `UncheckedExtrinsic<MultiAddress<AccountId32, u32>, RuntimeCall, MultiSignature, ...>` to implement `Codec`
    = note: the full type name has been written to '/home/asmita/personal/project2_bitcoin/clarus/target/debug/deps/clarus_runtime-45a1e633dfb15d6d.long-type-7556966523782775049.txt'
    = note: required for `Block<Header<u32, BlakeTwo256>, UncheckedExtrinsic<MultiAddress<AccountId32, u32>, RuntimeCall, ..., ...>>` to implement `sp_api::BlockT`
    = note: the full type name has been written to '/home/asmita/personal/project2_bitcoin/clarus/target/debug/deps/clarus_runtime-45a1e633dfb15d6d.long-type-9781536913168560711.txt'

error[E0277]: the trait bound `sp_runtime::generic::UncheckedExtrinsic<MultiAddress<AccountId32, u32>, RuntimeCall, MultiSignature, (CheckNonZeroSender<Runtime>, CheckSpecVersion<Runtime>, CheckTxVersion<Runtime>, CheckGenesis<Runtime>, CheckEra<Runtime>, CheckNonce<Runtime>, CheckWeight<Runtime>, ChargeTransactionPayment<Runtime>)>: Encode` is not satisfied
   --> runtime/src/lib.rs:639:10
    |
639 |     impl pallet_nomination_pools_runtime_api::NominationPoolsApi<Block, AccountId, Balance> for Runtime {
    |          ^^^^^^^^^^^^^^^^^^^^^^^^^^^^^^^^^^^^^^^^^^^^^^^^^^^^^^^^^^^^^^^^^^^^^^^^^^^^^^^^^^ the trait `Encode` is not implemented for `sp_runtime::generic::UncheckedExtrinsic<MultiAddress<AccountId32, u32>, RuntimeCall, MultiSignature, (CheckNonZeroSender<Runtime>, CheckSpecVersion<Runtime>, CheckTxVersion<Runtime>, CheckGenesis<Runtime>, CheckEra<Runtime>, CheckNonce<Runtime>, CheckWeight<Runtime>, ChargeTransactionPayment<Runtime>)>`
    |
    = help: the trait `Encode` is implemented for `sp_runtime::generic::UncheckedExtrinsic<Address, Call, Signature, Extra>`
    = note: required for `UncheckedExtrinsic<MultiAddress<AccountId32, u32>, RuntimeCall, MultiSignature, ...>` to implement `Codec`
    = note: the full type name has been written to '/home/asmita/personal/project2_bitcoin/clarus/target/debug/deps/clarus_runtime-45a1e633dfb15d6d.long-type-7556966523782775049.txt'
    = note: required for `Block<Header<u32, BlakeTwo256>, UncheckedExtrinsic<MultiAddress<AccountId32, u32>, RuntimeCall, ..., ...>>` to implement `sp_api::BlockT`
    = note: the full type name has been written to '/home/asmita/personal/project2_bitcoin/clarus/target/debug/deps/clarus_runtime-45a1e633dfb15d6d.long-type-9781536913168560711.txt'

error[E0277]: the trait bound `clarus_mandate::Pallet<Runtime>: Callable<Runtime>` is not satisfied in `RuntimeCall`
   --> runtime/src/lib.rs:639:10
    |
639 |     impl pallet_nomination_pools_runtime_api::NominationPoolsApi<Block, AccountId, Balance> for Runtime {
    |          ^^^^^^^^^^^^^^^^^^^^^^^^^^^^^^^^^^^^^^^^^^^^^^^^^^^^^^^^^^^^^^^^^^^^^^^^^^^^^^^^^^ within `RuntimeCall`, the trait `Callable<Runtime>` is not implemented for `clarus_mandate::Pallet<Runtime>`
    |
    = help: the following other types implement trait `Callable<T>`:
              pallet_authority_discovery::Pallet<T>
              pallet_timestamp::Pallet<T>
              pallet_indices::Pallet<T>
              pallet_offences::Pallet<T>
              pallet_sudo::Pallet<T>
              pallet_multisig::Pallet<T>
              pallet_session::historical::Pallet<T>
              pallet_grandpa::Pallet<T>
            and 12 others
note: required because it appears within the type `RuntimeCall`
   --> runtime/src/lib.rs:342:1
    |
342 | // construct_runtime!(
343 | ||     pub struct Runtime
344 | ||     {
345 | ||         Staking: pallet_staking::{Pallet, Storage, Config<T>, Event<T>} = 5,
...   ||
371 | ||     }
372 | || );
    | ||_- in this macro invocation
...   |
651 | |      }
652 | |
    | |__________^
    = note: required for `UncheckedExtrinsic<MultiAddress<AccountId32, u32>, RuntimeCall, MultiSignature, ...>` to implement `Extrinsic`
    = note: the full type name has been written to '/home/asmita/personal/project2_bitcoin/clarus/target/debug/deps/clarus_runtime-45a1e633dfb15d6d.long-type-7556966523782775049.txt'
    = note: required for `Block<Header<u32, BlakeTwo256>, UncheckedExtrinsic<MultiAddress<AccountId32, u32>, RuntimeCall, ..., ...>>` to implement `sp_api::BlockT`
    = note: the full type name has been written to '/home/asmita/personal/project2_bitcoin/clarus/target/debug/deps/clarus_runtime-45a1e633dfb15d6d.long-type-9781536913168560711.txt'
    = note: this error originates in the macro `frame_support::construct_runtime` which comes from the expansion of the macro `construct_runtime` (in Nightly builds, run with -Z macro-backtrace for more info)

error[E0277]: the trait bound `clarus_mandate::Pallet<Runtime>: Callable<Runtime>` is not satisfied in `RuntimeCall`
   --> runtime/src/lib.rs:342:1
    |
342 | // construct_runtime!(
343 | ||     pub struct Runtime
344 | ||     {
345 | ||         Staking: pallet_staking::{Pallet, Storage, Config<T>, Event<T>} = 5,
...   ||
371 | ||     }
372 | || );
    | ||_- in this macro invocation
...   |
651 | |      }
652 | |
    | |__________^ within `RuntimeCall`, the trait `Callable<Runtime>` is not implemented for `clarus_mandate::Pallet<Runtime>`
    |
    = help: the following other types implement trait `Callable<T>`:
              pallet_authority_discovery::Pallet<T>
              pallet_timestamp::Pallet<T>
              pallet_indices::Pallet<T>
              pallet_offences::Pallet<T>
              pallet_sudo::Pallet<T>
              pallet_multisig::Pallet<T>
              pallet_session::historical::Pallet<T>
              pallet_grandpa::Pallet<T>
            and 12 others
note: required because it appears within the type `RuntimeCall`
   --> runtime/src/lib.rs:342:1
    |
342 | // construct_runtime!(
343 | ||     pub struct Runtime
344 | ||     {
345 | ||         Staking: pallet_staking::{Pallet, Storage, Config<T>, Event<T>} = 5,
...   ||
371 | ||     }
372 | || );
    | ||_- in this macro invocation
...   |
651 | |      }
652 | |
    | |__________^
note: required by a bound in `Result`
   --> /home/asmita/.rustup/toolchains/nightly-2023-09-27-x86_64-unknown-linux-gnu/lib/rustlib/src/rust/library/core/src/result.rs:502:17
    |
502 | pub enum Result<T, E> {
    |                 ^ required by this bound in `Result`
    = note: this error originates in the derive macro `self::sp_api_hidden_includes_construct_runtime::hidden_include::__private::codec::Decode` which comes from the expansion of the macro `construct_runtime` (in Nightly builds, run with -Z macro-backtrace for more info)

error[E0277]: the trait bound `sp_runtime::generic::UncheckedExtrinsic<MultiAddress<AccountId32, u32>, RuntimeCall, MultiSignature, (CheckNonZeroSender<Runtime>, CheckSpecVersion<Runtime>, CheckTxVersion<Runtime>, CheckGenesis<Runtime>, CheckEra<Runtime>, CheckNonce<Runtime>, CheckWeight<Runtime>, ChargeTransactionPayment<Runtime>)>: Decode` is not satisfied
   --> runtime/src/lib.rs:342:1
    |
342 | // construct_runtime!(
343 | ||     pub struct Runtime
344 | ||     {
345 | ||         Staking: pallet_staking::{Pallet, Storage, Config<T>, Event<T>} = 5,
...   ||
371 | ||     }
372 | || );
    | ||_- in this macro invocation
...   |
651 | |      }
652 | |
    | |__________^ the trait `Decode` is not implemented for `sp_runtime::generic::UncheckedExtrinsic<MultiAddress<AccountId32, u32>, RuntimeCall, MultiSignature, (CheckNonZeroSender<Runtime>, CheckSpecVersion<Runtime>, CheckTxVersion<Runtime>, CheckGenesis<Runtime>, CheckEra<Runtime>, CheckNonce<Runtime>, CheckWeight<Runtime>, ChargeTransactionPayment<Runtime>)>`
    |
    = help: the trait `Decode` is implemented for `sp_runtime::generic::UncheckedExtrinsic<Address, Call, Signature, Extra>`
    = note: required for `UncheckedExtrinsic<MultiAddress<AccountId32, u32>, RuntimeCall, MultiSignature, ...>` to implement `Codec`
    = note: the full type name has been written to '/home/asmita/personal/project2_bitcoin/clarus/target/debug/deps/clarus_runtime-45a1e633dfb15d6d.long-type-7556966523782775049.txt'
    = note: required for `Block<Header<u32, BlakeTwo256>, UncheckedExtrinsic<MultiAddress<AccountId32, u32>, RuntimeCall, ..., ...>>` to implement `sp_api::BlockT`
    = note: the full type name has been written to '/home/asmita/personal/project2_bitcoin/clarus/target/debug/deps/clarus_runtime-45a1e633dfb15d6d.long-type-9781536913168560711.txt'
    = note: this error originates in the macro `frame_support::construct_runtime` which comes from the expansion of the macro `construct_runtime` (in Nightly builds, run with -Z macro-backtrace for more info)

error[E0277]: the trait bound `sp_runtime::generic::UncheckedExtrinsic<MultiAddress<AccountId32, u32>, RuntimeCall, MultiSignature, (CheckNonZeroSender<Runtime>, CheckSpecVersion<Runtime>, CheckTxVersion<Runtime>, CheckGenesis<Runtime>, CheckEra<Runtime>, CheckNonce<Runtime>, CheckWeight<Runtime>, ChargeTransactionPayment<Runtime>)>: Encode` is not satisfied
   --> runtime/src/lib.rs:342:1
    |
342 | // construct_runtime!(
343 | ||     pub struct Runtime
344 | ||     {
345 | ||         Staking: pallet_staking::{Pallet, Storage, Config<T>, Event<T>} = 5,
...   ||
371 | ||     }
372 | || );
    | ||_- in this macro invocation
...   |
651 | |      }
652 | |
    | |__________^ the trait `Encode` is not implemented for `sp_runtime::generic::UncheckedExtrinsic<MultiAddress<AccountId32, u32>, RuntimeCall, MultiSignature, (CheckNonZeroSender<Runtime>, CheckSpecVersion<Runtime>, CheckTxVersion<Runtime>, CheckGenesis<Runtime>, CheckEra<Runtime>, CheckNonce<Runtime>, CheckWeight<Runtime>, ChargeTransactionPayment<Runtime>)>`
    |
    = help: the trait `Encode` is implemented for `sp_runtime::generic::UncheckedExtrinsic<Address, Call, Signature, Extra>`
    = note: required for `UncheckedExtrinsic<MultiAddress<AccountId32, u32>, RuntimeCall, MultiSignature, ...>` to implement `Codec`
    = note: the full type name has been written to '/home/asmita/personal/project2_bitcoin/clarus/target/debug/deps/clarus_runtime-45a1e633dfb15d6d.long-type-7556966523782775049.txt'
    = note: required for `Block<Header<u32, BlakeTwo256>, UncheckedExtrinsic<MultiAddress<AccountId32, u32>, RuntimeCall, ..., ...>>` to implement `sp_api::BlockT`
    = note: the full type name has been written to '/home/asmita/personal/project2_bitcoin/clarus/target/debug/deps/clarus_runtime-45a1e633dfb15d6d.long-type-9781536913168560711.txt'
    = note: this error originates in the macro `frame_support::construct_runtime` which comes from the expansion of the macro `construct_runtime` (in Nightly builds, run with -Z macro-backtrace for more info)

error[E0277]: the trait bound `clarus_mandate::Pallet<Runtime>: Callable<Runtime>` is not satisfied in `RuntimeCall`
   --> runtime/src/lib.rs:342:1
    |
342 | // construct_runtime!(
343 | ||     pub struct Runtime
344 | ||     {
345 | ||         Staking: pallet_staking::{Pallet, Storage, Config<T>, Event<T>} = 5,
...   ||
371 | ||     }
372 | || );
    | ||_- in this macro invocation
...   |
651 | |      }
652 | |
    | |__________^ within `RuntimeCall`, the trait `Callable<Runtime>` is not implemented for `clarus_mandate::Pallet<Runtime>`
    |
    = help: the following other types implement trait `Callable<T>`:
              pallet_authority_discovery::Pallet<T>
              pallet_timestamp::Pallet<T>
              pallet_indices::Pallet<T>
              pallet_offences::Pallet<T>
              pallet_sudo::Pallet<T>
              pallet_multisig::Pallet<T>
              pallet_session::historical::Pallet<T>
              pallet_grandpa::Pallet<T>
            and 12 others
note: required because it appears within the type `RuntimeCall`
   --> runtime/src/lib.rs:342:1
    |
342 | // construct_runtime!(
343 | ||     pub struct Runtime
344 | ||     {
345 | ||         Staking: pallet_staking::{Pallet, Storage, Config<T>, Event<T>} = 5,
...   ||
371 | ||     }
372 | || );
    | ||_- in this macro invocation
...   |
651 | |      }
652 | |
    | |__________^
    = note: required for `UncheckedExtrinsic<MultiAddress<AccountId32, u32>, RuntimeCall, MultiSignature, ...>` to implement `Extrinsic`
    = note: the full type name has been written to '/home/asmita/personal/project2_bitcoin/clarus/target/debug/deps/clarus_runtime-45a1e633dfb15d6d.long-type-7556966523782775049.txt'
    = note: required for `Block<Header<u32, BlakeTwo256>, UncheckedExtrinsic<MultiAddress<AccountId32, u32>, RuntimeCall, ..., ...>>` to implement `sp_api::BlockT`
    = note: the full type name has been written to '/home/asmita/personal/project2_bitcoin/clarus/target/debug/deps/clarus_runtime-45a1e633dfb15d6d.long-type-9781536913168560711.txt'
    = note: this error originates in the macro `frame_support::construct_runtime` which comes from the expansion of the macro `construct_runtime` (in Nightly builds, run with -Z macro-backtrace for more info)

error[E0277]: the trait bound `clarus_mandate::Pallet<Runtime>: Callable<Runtime>` is not satisfied in `RuntimeCall`
   --> runtime/src/lib.rs:455:33
    |
455 |         fn execute_block(block: Block) {
    |                                 ^^^^^ within `RuntimeCall`, the trait `Callable<Runtime>` is not implemented for `clarus_mandate::Pallet<Runtime>`
    |
    = help: the following other types implement trait `Callable<T>`:
              pallet_authority_discovery::Pallet<T>
              pallet_timestamp::Pallet<T>
              pallet_indices::Pallet<T>
              pallet_offences::Pallet<T>
              pallet_sudo::Pallet<T>
              pallet_multisig::Pallet<T>
              pallet_session::historical::Pallet<T>
              pallet_grandpa::Pallet<T>
            and 12 others
note: required because it appears within the type `RuntimeCall`
   --> runtime/src/lib.rs:342:1
    |
342 | // construct_runtime!(
343 | ||     pub struct Runtime
344 | ||     {
345 | ||         Staking: pallet_staking::{Pallet, Storage, Config<T>, Event<T>} = 5,
...   ||
371 | ||     }
372 | || );
    | ||_- in this macro invocation
...   |
651 | |      }
652 | |
    | |__________^
note: required by a bound in `sp_runtime::generic::UncheckedExtrinsic`
   --> /home/asmita/.cargo/git/checkouts/polkadot-sdk-cff69157b985ed76/a3e4fce/substrate/primitives/runtime/src/generic/unchecked_extrinsic.rs:49:40
    |
49  | pub struct UncheckedExtrinsic<Address, Call, Signature, Extra>
    |                                        ^^^^ required by this bound in `UncheckedExtrinsic`
    = note: this error originates in the macro `frame_support::construct_runtime` which comes from the expansion of the macro `construct_runtime` (in Nightly builds, run with -Z macro-backtrace for more info)

error[E0277]: the trait bound `sp_runtime::generic::UncheckedExtrinsic<MultiAddress<AccountId32, u32>, RuntimeCall, MultiSignature, (CheckNonZeroSender<Runtime>, CheckSpecVersion<Runtime>, CheckTxVersion<Runtime>, CheckGenesis<Runtime>, CheckEra<Runtime>, CheckNonce<Runtime>, CheckWeight<Runtime>, ChargeTransactionPayment<Runtime>)>: Decode` is not satisfied
   --> runtime/src/lib.rs:459:38
    |
459 |         fn initialize_block(header: &<Block as BlockT>::Header) {
    |                                      ^^^^^^^^^^^^^^^^^^^^^^^^^ the trait `Decode` is not implemented for `sp_runtime::generic::UncheckedExtrinsic<MultiAddress<AccountId32, u32>, RuntimeCall, MultiSignature, (CheckNonZeroSender<Runtime>, CheckSpecVersion<Runtime>, CheckTxVersion<Runtime>, CheckGenesis<Runtime>, CheckEra<Runtime>, CheckNonce<Runtime>, CheckWeight<Runtime>, ChargeTransactionPayment<Runtime>)>`
    |
    = help: the trait `Decode` is implemented for `sp_runtime::generic::UncheckedExtrinsic<Address, Call, Signature, Extra>`
    = note: required for `UncheckedExtrinsic<MultiAddress<AccountId32, u32>, RuntimeCall, MultiSignature, ...>` to implement `Codec`
    = note: the full type name has been written to '/home/asmita/personal/project2_bitcoin/clarus/target/debug/deps/clarus_runtime-45a1e633dfb15d6d.long-type-7556966523782775049.txt'
    = note: required for `Block<Header<u32, BlakeTwo256>, UncheckedExtrinsic<MultiAddress<AccountId32, u32>, RuntimeCall, ..., ...>>` to implement `sp_api::BlockT`
    = note: the full type name has been written to '/home/asmita/personal/project2_bitcoin/clarus/target/debug/deps/clarus_runtime-45a1e633dfb15d6d.long-type-9781536913168560711.txt'

error[E0277]: the trait bound `sp_runtime::generic::UncheckedExtrinsic<MultiAddress<AccountId32, u32>, RuntimeCall, MultiSignature, (CheckNonZeroSender<Runtime>, CheckSpecVersion<Runtime>, CheckTxVersion<Runtime>, CheckGenesis<Runtime>, CheckEra<Runtime>, CheckNonce<Runtime>, CheckWeight<Runtime>, ChargeTransactionPayment<Runtime>)>: Encode` is not satisfied
   --> runtime/src/lib.rs:459:38
    |
459 |         fn initialize_block(header: &<Block as BlockT>::Header) {
    |                                      ^^^^^^^^^^^^^^^^^^^^^^^^^ the trait `Encode` is not implemented for `sp_runtime::generic::UncheckedExtrinsic<MultiAddress<AccountId32, u32>, RuntimeCall, MultiSignature, (CheckNonZeroSender<Runtime>, CheckSpecVersion<Runtime>, CheckTxVersion<Runtime>, CheckGenesis<Runtime>, CheckEra<Runtime>, CheckNonce<Runtime>, CheckWeight<Runtime>, ChargeTransactionPayment<Runtime>)>`
    |
    = help: the trait `Encode` is implemented for `sp_runtime::generic::UncheckedExtrinsic<Address, Call, Signature, Extra>`
    = note: required for `UncheckedExtrinsic<MultiAddress<AccountId32, u32>, RuntimeCall, MultiSignature, ...>` to implement `Codec`
    = note: the full type name has been written to '/home/asmita/personal/project2_bitcoin/clarus/target/debug/deps/clarus_runtime-45a1e633dfb15d6d.long-type-7556966523782775049.txt'
    = note: required for `Block<Header<u32, BlakeTwo256>, UncheckedExtrinsic<MultiAddress<AccountId32, u32>, RuntimeCall, ..., ...>>` to implement `sp_api::BlockT`
    = note: the full type name has been written to '/home/asmita/personal/project2_bitcoin/clarus/target/debug/deps/clarus_runtime-45a1e633dfb15d6d.long-type-9781536913168560711.txt'

error[E0277]: the trait bound `clarus_mandate::Pallet<Runtime>: Callable<Runtime>` is not satisfied in `RuntimeCall`
   --> runtime/src/lib.rs:459:39
    |
459 |         fn initialize_block(header: &<Block as BlockT>::Header) {
    |                                       ^^^^^ within `RuntimeCall`, the trait `Callable<Runtime>` is not implemented for `clarus_mandate::Pallet<Runtime>`
    |
    = help: the following other types implement trait `Callable<T>`:
              pallet_authority_discovery::Pallet<T>
              pallet_timestamp::Pallet<T>
              pallet_indices::Pallet<T>
              pallet_offences::Pallet<T>
              pallet_sudo::Pallet<T>
              pallet_multisig::Pallet<T>
              pallet_session::historical::Pallet<T>
              pallet_grandpa::Pallet<T>
            and 12 others
note: required because it appears within the type `RuntimeCall`
   --> runtime/src/lib.rs:342:1
    |
342 | // construct_runtime!(
343 | ||     pub struct Runtime
344 | ||     {
345 | ||         Staking: pallet_staking::{Pallet, Storage, Config<T>, Event<T>} = 5,
...   ||
371 | ||     }
372 | || );
    | ||_- in this macro invocation
...   |
651 | |      }
652 | |
    | |__________^
note: required by a bound in `sp_runtime::generic::UncheckedExtrinsic`
   --> /home/asmita/.cargo/git/checkouts/polkadot-sdk-cff69157b985ed76/a3e4fce/substrate/primitives/runtime/src/generic/unchecked_extrinsic.rs:49:40
    |
49  | pub struct UncheckedExtrinsic<Address, Call, Signature, Extra>
    |                                        ^^^^ required by this bound in `UncheckedExtrinsic`
    = note: this error originates in the macro `frame_support::construct_runtime` which comes from the expansion of the macro `construct_runtime` (in Nightly builds, run with -Z macro-backtrace for more info)

error[E0277]: the trait bound `sp_runtime::generic::UncheckedExtrinsic<MultiAddress<AccountId32, u32>, RuntimeCall, MultiSignature, (CheckNonZeroSender<Runtime>, CheckSpecVersion<Runtime>, CheckTxVersion<Runtime>, CheckGenesis<Runtime>, CheckEra<Runtime>, CheckNonce<Runtime>, CheckWeight<Runtime>, ChargeTransactionPayment<Runtime>)>: Decode` is not satisfied
   --> runtime/src/lib.rs:479:39
    |
479 |         fn apply_extrinsic(extrinsic: <Block as BlockT>::Extrinsic) -> ApplyExtrinsicResult {
    |                                       ^^^^^^^^^^^^^^^^^^^^^^^^^^^^ the trait `Decode` is not implemented for `sp_runtime::generic::UncheckedExtrinsic<MultiAddress<AccountId32, u32>, RuntimeCall, MultiSignature, (CheckNonZeroSender<Runtime>, CheckSpecVersion<Runtime>, CheckTxVersion<Runtime>, CheckGenesis<Runtime>, CheckEra<Runtime>, CheckNonce<Runtime>, CheckWeight<Runtime>, ChargeTransactionPayment<Runtime>)>`
    |
    = help: the trait `Decode` is implemented for `sp_runtime::generic::UncheckedExtrinsic<Address, Call, Signature, Extra>`
    = note: required for `UncheckedExtrinsic<MultiAddress<AccountId32, u32>, RuntimeCall, MultiSignature, ...>` to implement `Codec`
    = note: the full type name has been written to '/home/asmita/personal/project2_bitcoin/clarus/target/debug/deps/clarus_runtime-45a1e633dfb15d6d.long-type-7556966523782775049.txt'
    = note: required for `Block<Header<u32, BlakeTwo256>, UncheckedExtrinsic<MultiAddress<AccountId32, u32>, RuntimeCall, ..., ...>>` to implement `sp_api::BlockT`
    = note: the full type name has been written to '/home/asmita/personal/project2_bitcoin/clarus/target/debug/deps/clarus_runtime-45a1e633dfb15d6d.long-type-9781536913168560711.txt'

error[E0277]: the trait bound `sp_runtime::generic::UncheckedExtrinsic<MultiAddress<AccountId32, u32>, RuntimeCall, MultiSignature, (CheckNonZeroSender<Runtime>, CheckSpecVersion<Runtime>, CheckTxVersion<Runtime>, CheckGenesis<Runtime>, CheckEra<Runtime>, CheckNonce<Runtime>, CheckWeight<Runtime>, ChargeTransactionPayment<Runtime>)>: Encode` is not satisfied
   --> runtime/src/lib.rs:479:39
    |
479 |         fn apply_extrinsic(extrinsic: <Block as BlockT>::Extrinsic) -> ApplyExtrinsicResult {
    |                                       ^^^^^^^^^^^^^^^^^^^^^^^^^^^^ the trait `Encode` is not implemented for `sp_runtime::generic::UncheckedExtrinsic<MultiAddress<AccountId32, u32>, RuntimeCall, MultiSignature, (CheckNonZeroSender<Runtime>, CheckSpecVersion<Runtime>, CheckTxVersion<Runtime>, CheckGenesis<Runtime>, CheckEra<Runtime>, CheckNonce<Runtime>, CheckWeight<Runtime>, ChargeTransactionPayment<Runtime>)>`
    |
    = help: the trait `Encode` is implemented for `sp_runtime::generic::UncheckedExtrinsic<Address, Call, Signature, Extra>`
    = note: required for `UncheckedExtrinsic<MultiAddress<AccountId32, u32>, RuntimeCall, MultiSignature, ...>` to implement `Codec`
    = note: the full type name has been written to '/home/asmita/personal/project2_bitcoin/clarus/target/debug/deps/clarus_runtime-45a1e633dfb15d6d.long-type-7556966523782775049.txt'
    = note: required for `Block<Header<u32, BlakeTwo256>, UncheckedExtrinsic<MultiAddress<AccountId32, u32>, RuntimeCall, ..., ...>>` to implement `sp_api::BlockT`
    = note: the full type name has been written to '/home/asmita/personal/project2_bitcoin/clarus/target/debug/deps/clarus_runtime-45a1e633dfb15d6d.long-type-9781536913168560711.txt'

error[E0277]: the trait bound `clarus_mandate::Pallet<Runtime>: Callable<Runtime>` is not satisfied in `RuntimeCall`
   --> runtime/src/lib.rs:479:40
    |
479 |         fn apply_extrinsic(extrinsic: <Block as BlockT>::Extrinsic) -> ApplyExtrinsicResult {
    |                                        ^^^^^ within `RuntimeCall`, the trait `Callable<Runtime>` is not implemented for `clarus_mandate::Pallet<Runtime>`
    |
    = help: the following other types implement trait `Callable<T>`:
              pallet_authority_discovery::Pallet<T>
              pallet_timestamp::Pallet<T>
              pallet_indices::Pallet<T>
              pallet_offences::Pallet<T>
              pallet_sudo::Pallet<T>
              pallet_multisig::Pallet<T>
              pallet_session::historical::Pallet<T>
              pallet_grandpa::Pallet<T>
            and 12 others
note: required because it appears within the type `RuntimeCall`
   --> runtime/src/lib.rs:342:1
    |
342 | // construct_runtime!(
343 | ||     pub struct Runtime
344 | ||     {
345 | ||         Staking: pallet_staking::{Pallet, Storage, Config<T>, Event<T>} = 5,
...   ||
371 | ||     }
372 | || );
    | ||_- in this macro invocation
...   |
651 | |      }
652 | |
    | |__________^
note: required by a bound in `sp_runtime::generic::UncheckedExtrinsic`
   --> /home/asmita/.cargo/git/checkouts/polkadot-sdk-cff69157b985ed76/a3e4fce/substrate/primitives/runtime/src/generic/unchecked_extrinsic.rs:49:40
    |
49  | pub struct UncheckedExtrinsic<Address, Call, Signature, Extra>
    |                                        ^^^^ required by this bound in `UncheckedExtrinsic`
    = note: this error originates in the macro `frame_support::construct_runtime` which comes from the expansion of the macro `construct_runtime` (in Nightly builds, run with -Z macro-backtrace for more info)

error[E0277]: the trait bound `sp_runtime::generic::UncheckedExtrinsic<MultiAddress<AccountId32, u32>, RuntimeCall, MultiSignature, (CheckNonZeroSender<Runtime>, CheckSpecVersion<Runtime>, CheckTxVersion<Runtime>, CheckGenesis<Runtime>, CheckEra<Runtime>, CheckNonce<Runtime>, CheckWeight<Runtime>, ChargeTransactionPayment<Runtime>)>: Decode` is not satisfied
   --> runtime/src/lib.rs:483:32
    |
483 |         fn finalize_block() -> <Block as BlockT>::Header {
    |                                ^^^^^^^^^^^^^^^^^^^^^^^^^ the trait `Decode` is not implemented for `sp_runtime::generic::UncheckedExtrinsic<MultiAddress<AccountId32, u32>, RuntimeCall, MultiSignature, (CheckNonZeroSender<Runtime>, CheckSpecVersion<Runtime>, CheckTxVersion<Runtime>, CheckGenesis<Runtime>, CheckEra<Runtime>, CheckNonce<Runtime>, CheckWeight<Runtime>, ChargeTransactionPayment<Runtime>)>`
    |
    = help: the trait `Decode` is implemented for `sp_runtime::generic::UncheckedExtrinsic<Address, Call, Signature, Extra>`
    = note: required for `UncheckedExtrinsic<MultiAddress<AccountId32, u32>, RuntimeCall, MultiSignature, ...>` to implement `Codec`
    = note: the full type name has been written to '/home/asmita/personal/project2_bitcoin/clarus/target/debug/deps/clarus_runtime-45a1e633dfb15d6d.long-type-7556966523782775049.txt'
    = note: required for `Block<Header<u32, BlakeTwo256>, UncheckedExtrinsic<MultiAddress<AccountId32, u32>, RuntimeCall, ..., ...>>` to implement `sp_api::BlockT`
    = note: the full type name has been written to '/home/asmita/personal/project2_bitcoin/clarus/target/debug/deps/clarus_runtime-45a1e633dfb15d6d.long-type-9781536913168560711.txt'

error[E0277]: the trait bound `sp_runtime::generic::UncheckedExtrinsic<MultiAddress<AccountId32, u32>, RuntimeCall, MultiSignature, (CheckNonZeroSender<Runtime>, CheckSpecVersion<Runtime>, CheckTxVersion<Runtime>, CheckGenesis<Runtime>, CheckEra<Runtime>, CheckNonce<Runtime>, CheckWeight<Runtime>, ChargeTransactionPayment<Runtime>)>: Encode` is not satisfied
   --> runtime/src/lib.rs:483:32
    |
483 |         fn finalize_block() -> <Block as BlockT>::Header {
    |                                ^^^^^^^^^^^^^^^^^^^^^^^^^ the trait `Encode` is not implemented for `sp_runtime::generic::UncheckedExtrinsic<MultiAddress<AccountId32, u32>, RuntimeCall, MultiSignature, (CheckNonZeroSender<Runtime>, CheckSpecVersion<Runtime>, CheckTxVersion<Runtime>, CheckGenesis<Runtime>, CheckEra<Runtime>, CheckNonce<Runtime>, CheckWeight<Runtime>, ChargeTransactionPayment<Runtime>)>`
    |
    = help: the trait `Encode` is implemented for `sp_runtime::generic::UncheckedExtrinsic<Address, Call, Signature, Extra>`
    = note: required for `UncheckedExtrinsic<MultiAddress<AccountId32, u32>, RuntimeCall, MultiSignature, ...>` to implement `Codec`
    = note: the full type name has been written to '/home/asmita/personal/project2_bitcoin/clarus/target/debug/deps/clarus_runtime-45a1e633dfb15d6d.long-type-7556966523782775049.txt'
    = note: required for `Block<Header<u32, BlakeTwo256>, UncheckedExtrinsic<MultiAddress<AccountId32, u32>, RuntimeCall, ..., ...>>` to implement `sp_api::BlockT`
    = note: the full type name has been written to '/home/asmita/personal/project2_bitcoin/clarus/target/debug/deps/clarus_runtime-45a1e633dfb15d6d.long-type-9781536913168560711.txt'

error[E0277]: the trait bound `clarus_mandate::Pallet<Runtime>: Callable<Runtime>` is not satisfied in `RuntimeCall`
   --> runtime/src/lib.rs:483:33
    |
483 |         fn finalize_block() -> <Block as BlockT>::Header {
    |                                 ^^^^^ within `RuntimeCall`, the trait `Callable<Runtime>` is not implemented for `clarus_mandate::Pallet<Runtime>`
    |
    = help: the following other types implement trait `Callable<T>`:
              pallet_authority_discovery::Pallet<T>
              pallet_timestamp::Pallet<T>
              pallet_indices::Pallet<T>
              pallet_offences::Pallet<T>
              pallet_sudo::Pallet<T>
              pallet_multisig::Pallet<T>
              pallet_session::historical::Pallet<T>
              pallet_grandpa::Pallet<T>
            and 12 others
note: required because it appears within the type `RuntimeCall`
   --> runtime/src/lib.rs:342:1
    |
342 | // construct_runtime!(
343 | ||     pub struct Runtime
344 | ||     {
345 | ||         Staking: pallet_staking::{Pallet, Storage, Config<T>, Event<T>} = 5,
...   ||
371 | ||     }
372 | || );
    | ||_- in this macro invocation
...   |
651 | |      }
652 | |
    | |__________^
note: required by a bound in `sp_runtime::generic::UncheckedExtrinsic`
   --> /home/asmita/.cargo/git/checkouts/polkadot-sdk-cff69157b985ed76/a3e4fce/substrate/primitives/runtime/src/generic/unchecked_extrinsic.rs:49:40
    |
49  | pub struct UncheckedExtrinsic<Address, Call, Signature, Extra>
    |                                        ^^^^ required by this bound in `UncheckedExtrinsic`
    = note: this error originates in the macro `frame_support::construct_runtime` which comes from the expansion of the macro `construct_runtime` (in Nightly builds, run with -Z macro-backtrace for more info)

error[E0277]: the trait bound `sp_runtime::generic::UncheckedExtrinsic<MultiAddress<AccountId32, u32>, RuntimeCall, MultiSignature, (CheckNonZeroSender<Runtime>, CheckSpecVersion<Runtime>, CheckTxVersion<Runtime>, CheckGenesis<Runtime>, CheckEra<Runtime>, CheckNonce<Runtime>, CheckWeight<Runtime>, ChargeTransactionPayment<Runtime>)>: Decode` is not satisfied
   --> runtime/src/lib.rs:487:59
    |
487 |         fn inherent_extrinsics(data: InherentData) -> Vec<<Block as BlockT>::Extrinsic> {
    |                                                           ^^^^^^^^^^^^^^^^^^^^^^^^^^^^ the trait `Decode` is not implemented for `sp_runtime::generic::UncheckedExtrinsic<MultiAddress<AccountId32, u32>, RuntimeCall, MultiSignature, (CheckNonZeroSender<Runtime>, CheckSpecVersion<Runtime>, CheckTxVersion<Runtime>, CheckGenesis<Runtime>, CheckEra<Runtime>, CheckNonce<Runtime>, CheckWeight<Runtime>, ChargeTransactionPayment<Runtime>)>`
    |
    = help: the trait `Decode` is implemented for `sp_runtime::generic::UncheckedExtrinsic<Address, Call, Signature, Extra>`
    = note: required for `UncheckedExtrinsic<MultiAddress<AccountId32, u32>, RuntimeCall, MultiSignature, ...>` to implement `Codec`
    = note: the full type name has been written to '/home/asmita/personal/project2_bitcoin/clarus/target/debug/deps/clarus_runtime-45a1e633dfb15d6d.long-type-7556966523782775049.txt'
    = note: required for `Block<Header<u32, BlakeTwo256>, UncheckedExtrinsic<MultiAddress<AccountId32, u32>, RuntimeCall, ..., ...>>` to implement `sp_api::BlockT`
    = note: the full type name has been written to '/home/asmita/personal/project2_bitcoin/clarus/target/debug/deps/clarus_runtime-45a1e633dfb15d6d.long-type-9781536913168560711.txt'

error[E0277]: the trait bound `sp_runtime::generic::UncheckedExtrinsic<MultiAddress<AccountId32, u32>, RuntimeCall, MultiSignature, (CheckNonZeroSender<Runtime>, CheckSpecVersion<Runtime>, CheckTxVersion<Runtime>, CheckGenesis<Runtime>, CheckEra<Runtime>, CheckNonce<Runtime>, CheckWeight<Runtime>, ChargeTransactionPayment<Runtime>)>: Encode` is not satisfied
   --> runtime/src/lib.rs:487:59
    |
487 |         fn inherent_extrinsics(data: InherentData) -> Vec<<Block as BlockT>::Extrinsic> {
    |                                                           ^^^^^^^^^^^^^^^^^^^^^^^^^^^^ the trait `Encode` is not implemented for `sp_runtime::generic::UncheckedExtrinsic<MultiAddress<AccountId32, u32>, RuntimeCall, MultiSignature, (CheckNonZeroSender<Runtime>, CheckSpecVersion<Runtime>, CheckTxVersion<Runtime>, CheckGenesis<Runtime>, CheckEra<Runtime>, CheckNonce<Runtime>, CheckWeight<Runtime>, ChargeTransactionPayment<Runtime>)>`
    |
    = help: the trait `Encode` is implemented for `sp_runtime::generic::UncheckedExtrinsic<Address, Call, Signature, Extra>`
    = note: required for `UncheckedExtrinsic<MultiAddress<AccountId32, u32>, RuntimeCall, MultiSignature, ...>` to implement `Codec`
    = note: the full type name has been written to '/home/asmita/personal/project2_bitcoin/clarus/target/debug/deps/clarus_runtime-45a1e633dfb15d6d.long-type-7556966523782775049.txt'
    = note: required for `Block<Header<u32, BlakeTwo256>, UncheckedExtrinsic<MultiAddress<AccountId32, u32>, RuntimeCall, ..., ...>>` to implement `sp_api::BlockT`
    = note: the full type name has been written to '/home/asmita/personal/project2_bitcoin/clarus/target/debug/deps/clarus_runtime-45a1e633dfb15d6d.long-type-9781536913168560711.txt'

error[E0277]: the trait bound `clarus_mandate::Pallet<Runtime>: Callable<Runtime>` is not satisfied in `RuntimeCall`
   --> runtime/src/lib.rs:487:60
    |
487 |         fn inherent_extrinsics(data: InherentData) -> Vec<<Block as BlockT>::Extrinsic> {
    |                                                            ^^^^^ within `RuntimeCall`, the trait `Callable<Runtime>` is not implemented for `clarus_mandate::Pallet<Runtime>`
    |
    = help: the following other types implement trait `Callable<T>`:
              pallet_authority_discovery::Pallet<T>
              pallet_timestamp::Pallet<T>
              pallet_indices::Pallet<T>
              pallet_offences::Pallet<T>
              pallet_sudo::Pallet<T>
              pallet_multisig::Pallet<T>
              pallet_session::historical::Pallet<T>
              pallet_grandpa::Pallet<T>
            and 12 others
note: required because it appears within the type `RuntimeCall`
   --> runtime/src/lib.rs:342:1
    |
342 | // construct_runtime!(
343 | ||     pub struct Runtime
344 | ||     {
345 | ||         Staking: pallet_staking::{Pallet, Storage, Config<T>, Event<T>} = 5,
...   ||
371 | ||     }
372 | || );
    | ||_- in this macro invocation
...   |
651 | |      }
652 | |
    | |__________^
note: required by a bound in `sp_runtime::generic::UncheckedExtrinsic`
   --> /home/asmita/.cargo/git/checkouts/polkadot-sdk-cff69157b985ed76/a3e4fce/substrate/primitives/runtime/src/generic/unchecked_extrinsic.rs:49:40
    |
49  | pub struct UncheckedExtrinsic<Address, Call, Signature, Extra>
    |                                        ^^^^ required by this bound in `UncheckedExtrinsic`
    = note: this error originates in the macro `frame_support::construct_runtime` which comes from the expansion of the macro `construct_runtime` (in Nightly builds, run with -Z macro-backtrace for more info)

error[E0277]: the trait bound `clarus_mandate::Pallet<Runtime>: Callable<Runtime>` is not satisfied in `RuntimeCall`
   --> runtime/src/lib.rs:491:35
    |
491 |         fn check_inherents(block: Block, data: InherentData) -> CheckInherentsResult {
    |                                   ^^^^^ within `RuntimeCall`, the trait `Callable<Runtime>` is not implemented for `clarus_mandate::Pallet<Runtime>`
    |
    = help: the following other types implement trait `Callable<T>`:
              pallet_authority_discovery::Pallet<T>
              pallet_timestamp::Pallet<T>
              pallet_indices::Pallet<T>
              pallet_offences::Pallet<T>
              pallet_sudo::Pallet<T>
              pallet_multisig::Pallet<T>
              pallet_session::historical::Pallet<T>
              pallet_grandpa::Pallet<T>
            and 12 others
note: required because it appears within the type `RuntimeCall`
   --> runtime/src/lib.rs:342:1
    |
342 | // construct_runtime!(
343 | ||     pub struct Runtime
344 | ||     {
345 | ||         Staking: pallet_staking::{Pallet, Storage, Config<T>, Event<T>} = 5,
...   ||
371 | ||     }
372 | || );
    | ||_- in this macro invocation
...   |
651 | |      }
652 | |
    | |__________^
note: required by a bound in `sp_runtime::generic::UncheckedExtrinsic`
   --> /home/asmita/.cargo/git/checkouts/polkadot-sdk-cff69157b985ed76/a3e4fce/substrate/primitives/runtime/src/generic/unchecked_extrinsic.rs:49:40
    |
49  | pub struct UncheckedExtrinsic<Address, Call, Signature, Extra>
    |                                        ^^^^ required by this bound in `UncheckedExtrinsic`
    = note: this error originates in the macro `frame_support::construct_runtime` which comes from the expansion of the macro `construct_runtime` (in Nightly builds, run with -Z macro-backtrace for more info)

error[E0277]: the trait bound `sp_runtime::generic::UncheckedExtrinsic<MultiAddress<AccountId32, u32>, RuntimeCall, MultiSignature, (CheckNonZeroSender<Runtime>, CheckSpecVersion<Runtime>, CheckTxVersion<Runtime>, CheckGenesis<Runtime>, CheckEra<Runtime>, CheckNonce<Runtime>, CheckWeight<Runtime>, ChargeTransactionPayment<Runtime>)>: Decode` is not satisfied
   --> runtime/src/lib.rs:499:17
    |
499 |             tx: <Block as BlockT>::Extrinsic,
    |                 ^^^^^^^^^^^^^^^^^^^^^^^^^^^^ the trait `Decode` is not implemented for `sp_runtime::generic::UncheckedExtrinsic<MultiAddress<AccountId32, u32>, RuntimeCall, MultiSignature, (CheckNonZeroSender<Runtime>, CheckSpecVersion<Runtime>, CheckTxVersion<Runtime>, CheckGenesis<Runtime>, CheckEra<Runtime>, CheckNonce<Runtime>, CheckWeight<Runtime>, ChargeTransactionPayment<Runtime>)>`
    |
    = help: the trait `Decode` is implemented for `sp_runtime::generic::UncheckedExtrinsic<Address, Call, Signature, Extra>`
    = note: required for `UncheckedExtrinsic<MultiAddress<AccountId32, u32>, RuntimeCall, MultiSignature, ...>` to implement `Codec`
    = note: the full type name has been written to '/home/asmita/personal/project2_bitcoin/clarus/target/debug/deps/clarus_runtime-45a1e633dfb15d6d.long-type-7556966523782775049.txt'
    = note: required for `Block<Header<u32, BlakeTwo256>, UncheckedExtrinsic<MultiAddress<AccountId32, u32>, RuntimeCall, ..., ...>>` to implement `sp_api::BlockT`
    = note: the full type name has been written to '/home/asmita/personal/project2_bitcoin/clarus/target/debug/deps/clarus_runtime-45a1e633dfb15d6d.long-type-9781536913168560711.txt'

error[E0277]: the trait bound `sp_runtime::generic::UncheckedExtrinsic<MultiAddress<AccountId32, u32>, RuntimeCall, MultiSignature, (CheckNonZeroSender<Runtime>, CheckSpecVersion<Runtime>, CheckTxVersion<Runtime>, CheckGenesis<Runtime>, CheckEra<Runtime>, CheckNonce<Runtime>, CheckWeight<Runtime>, ChargeTransactionPayment<Runtime>)>: Encode` is not satisfied
   --> runtime/src/lib.rs:499:17
    |
499 |             tx: <Block as BlockT>::Extrinsic,
    |                 ^^^^^^^^^^^^^^^^^^^^^^^^^^^^ the trait `Encode` is not implemented for `sp_runtime::generic::UncheckedExtrinsic<MultiAddress<AccountId32, u32>, RuntimeCall, MultiSignature, (CheckNonZeroSender<Runtime>, CheckSpecVersion<Runtime>, CheckTxVersion<Runtime>, CheckGenesis<Runtime>, CheckEra<Runtime>, CheckNonce<Runtime>, CheckWeight<Runtime>, ChargeTransactionPayment<Runtime>)>`
    |
    = help: the trait `Encode` is implemented for `sp_runtime::generic::UncheckedExtrinsic<Address, Call, Signature, Extra>`
    = note: required for `UncheckedExtrinsic<MultiAddress<AccountId32, u32>, RuntimeCall, MultiSignature, ...>` to implement `Codec`
    = note: the full type name has been written to '/home/asmita/personal/project2_bitcoin/clarus/target/debug/deps/clarus_runtime-45a1e633dfb15d6d.long-type-7556966523782775049.txt'
    = note: required for `Block<Header<u32, BlakeTwo256>, UncheckedExtrinsic<MultiAddress<AccountId32, u32>, RuntimeCall, ..., ...>>` to implement `sp_api::BlockT`
    = note: the full type name has been written to '/home/asmita/personal/project2_bitcoin/clarus/target/debug/deps/clarus_runtime-45a1e633dfb15d6d.long-type-9781536913168560711.txt'

error[E0277]: the trait bound `clarus_mandate::Pallet<Runtime>: Callable<Runtime>` is not satisfied in `RuntimeCall`
   --> runtime/src/lib.rs:499:18
    |
499 |             tx: <Block as BlockT>::Extrinsic,
    |                  ^^^^^ within `RuntimeCall`, the trait `Callable<Runtime>` is not implemented for `clarus_mandate::Pallet<Runtime>`
    |
    = help: the following other types implement trait `Callable<T>`:
              pallet_authority_discovery::Pallet<T>
              pallet_timestamp::Pallet<T>
              pallet_indices::Pallet<T>
              pallet_offences::Pallet<T>
              pallet_sudo::Pallet<T>
              pallet_multisig::Pallet<T>
              pallet_session::historical::Pallet<T>
              pallet_grandpa::Pallet<T>
            and 12 others
note: required because it appears within the type `RuntimeCall`
   --> runtime/src/lib.rs:342:1
    |
342 | // construct_runtime!(
343 | ||     pub struct Runtime
344 | ||     {
345 | ||         Staking: pallet_staking::{Pallet, Storage, Config<T>, Event<T>} = 5,
...   ||
371 | ||     }
372 | || );
    | ||_- in this macro invocation
...   |
651 | |      }
652 | |
    | |__________^
note: required by a bound in `sp_runtime::generic::UncheckedExtrinsic`
   --> /home/asmita/.cargo/git/checkouts/polkadot-sdk-cff69157b985ed76/a3e4fce/substrate/primitives/runtime/src/generic/unchecked_extrinsic.rs:49:40
    |
49  | pub struct UncheckedExtrinsic<Address, Call, Signature, Extra>
    |                                        ^^^^ required by this bound in `UncheckedExtrinsic`
    = note: this error originates in the macro `frame_support::construct_runtime` which comes from the expansion of the macro `construct_runtime` (in Nightly builds, run with -Z macro-backtrace for more info)

error[E0277]: the trait bound `sp_runtime::generic::UncheckedExtrinsic<MultiAddress<AccountId32, u32>, RuntimeCall, MultiSignature, (CheckNonZeroSender<Runtime>, CheckSpecVersion<Runtime>, CheckTxVersion<Runtime>, CheckGenesis<Runtime>, CheckEra<Runtime>, CheckNonce<Runtime>, CheckWeight<Runtime>, ChargeTransactionPayment<Runtime>)>: Decode` is not satisfied
   --> runtime/src/lib.rs:500:25
    |
500 |             block_hash: <Block as BlockT>::Hash,
    |                         ^^^^^^^^^^^^^^^^^^^^^^^ the trait `Decode` is not implemented for `sp_runtime::generic::UncheckedExtrinsic<MultiAddress<AccountId32, u32>, RuntimeCall, MultiSignature, (CheckNonZeroSender<Runtime>, CheckSpecVersion<Runtime>, CheckTxVersion<Runtime>, CheckGenesis<Runtime>, CheckEra<Runtime>, CheckNonce<Runtime>, CheckWeight<Runtime>, ChargeTransactionPayment<Runtime>)>`
    |
    = help: the trait `Decode` is implemented for `sp_runtime::generic::UncheckedExtrinsic<Address, Call, Signature, Extra>`
    = note: required for `UncheckedExtrinsic<MultiAddress<AccountId32, u32>, RuntimeCall, MultiSignature, ...>` to implement `Codec`
    = note: the full type name has been written to '/home/asmita/personal/project2_bitcoin/clarus/target/debug/deps/clarus_runtime-45a1e633dfb15d6d.long-type-7556966523782775049.txt'
    = note: required for `Block<Header<u32, BlakeTwo256>, UncheckedExtrinsic<MultiAddress<AccountId32, u32>, RuntimeCall, ..., ...>>` to implement `sp_api::BlockT`
    = note: the full type name has been written to '/home/asmita/personal/project2_bitcoin/clarus/target/debug/deps/clarus_runtime-45a1e633dfb15d6d.long-type-9781536913168560711.txt'

error[E0277]: the trait bound `sp_runtime::generic::UncheckedExtrinsic<MultiAddress<AccountId32, u32>, RuntimeCall, MultiSignature, (CheckNonZeroSender<Runtime>, CheckSpecVersion<Runtime>, CheckTxVersion<Runtime>, CheckGenesis<Runtime>, CheckEra<Runtime>, CheckNonce<Runtime>, CheckWeight<Runtime>, ChargeTransactionPayment<Runtime>)>: Encode` is not satisfied
   --> runtime/src/lib.rs:500:25
    |
500 |             block_hash: <Block as BlockT>::Hash,
    |                         ^^^^^^^^^^^^^^^^^^^^^^^ the trait `Encode` is not implemented for `sp_runtime::generic::UncheckedExtrinsic<MultiAddress<AccountId32, u32>, RuntimeCall, MultiSignature, (CheckNonZeroSender<Runtime>, CheckSpecVersion<Runtime>, CheckTxVersion<Runtime>, CheckGenesis<Runtime>, CheckEra<Runtime>, CheckNonce<Runtime>, CheckWeight<Runtime>, ChargeTransactionPayment<Runtime>)>`
    |
    = help: the trait `Encode` is implemented for `sp_runtime::generic::UncheckedExtrinsic<Address, Call, Signature, Extra>`
    = note: required for `UncheckedExtrinsic<MultiAddress<AccountId32, u32>, RuntimeCall, MultiSignature, ...>` to implement `Codec`
    = note: the full type name has been written to '/home/asmita/personal/project2_bitcoin/clarus/target/debug/deps/clarus_runtime-45a1e633dfb15d6d.long-type-7556966523782775049.txt'
    = note: required for `Block<Header<u32, BlakeTwo256>, UncheckedExtrinsic<MultiAddress<AccountId32, u32>, RuntimeCall, ..., ...>>` to implement `sp_api::BlockT`
    = note: the full type name has been written to '/home/asmita/personal/project2_bitcoin/clarus/target/debug/deps/clarus_runtime-45a1e633dfb15d6d.long-type-9781536913168560711.txt'

error[E0277]: the trait bound `clarus_mandate::Pallet<Runtime>: Callable<Runtime>` is not satisfied in `RuntimeCall`
   --> runtime/src/lib.rs:500:26
    |
500 |             block_hash: <Block as BlockT>::Hash,
    |                          ^^^^^ within `RuntimeCall`, the trait `Callable<Runtime>` is not implemented for `clarus_mandate::Pallet<Runtime>`
    |
    = help: the following other types implement trait `Callable<T>`:
              pallet_authority_discovery::Pallet<T>
              pallet_timestamp::Pallet<T>
              pallet_indices::Pallet<T>
              pallet_offences::Pallet<T>
              pallet_sudo::Pallet<T>
              pallet_multisig::Pallet<T>
              pallet_session::historical::Pallet<T>
              pallet_grandpa::Pallet<T>
            and 12 others
note: required because it appears within the type `RuntimeCall`
   --> runtime/src/lib.rs:342:1
    |
342 | // construct_runtime!(
343 | ||     pub struct Runtime
344 | ||     {
345 | ||         Staking: pallet_staking::{Pallet, Storage, Config<T>, Event<T>} = 5,
...   ||
371 | ||     }
372 | || );
    | ||_- in this macro invocation
...   |
651 | |      }
652 | |
    | |__________^
note: required by a bound in `sp_runtime::generic::UncheckedExtrinsic`
   --> /home/asmita/.cargo/git/checkouts/polkadot-sdk-cff69157b985ed76/a3e4fce/substrate/primitives/runtime/src/generic/unchecked_extrinsic.rs:49:40
    |
49  | pub struct UncheckedExtrinsic<Address, Call, Signature, Extra>
    |                                        ^^^^ required by this bound in `UncheckedExtrinsic`
    = note: this error originates in the macro `frame_support::construct_runtime` which comes from the expansion of the macro `construct_runtime` (in Nightly builds, run with -Z macro-backtrace for more info)

error[E0277]: the trait bound `sp_runtime::generic::UncheckedExtrinsic<MultiAddress<AccountId32, u32>, RuntimeCall, MultiSignature, (CheckNonZeroSender<Runtime>, CheckSpecVersion<Runtime>, CheckTxVersion<Runtime>, CheckGenesis<Runtime>, CheckEra<Runtime>, CheckNonce<Runtime>, CheckWeight<Runtime>, ChargeTransactionPayment<Runtime>)>: Decode` is not satisfied
   --> runtime/src/lib.rs:507:37
    |
507 |         fn offchain_worker(header: &<Block as BlockT>::Header) {
    |                                     ^^^^^^^^^^^^^^^^^^^^^^^^^ the trait `Decode` is not implemented for `sp_runtime::generic::UncheckedExtrinsic<MultiAddress<AccountId32, u32>, RuntimeCall, MultiSignature, (CheckNonZeroSender<Runtime>, CheckSpecVersion<Runtime>, CheckTxVersion<Runtime>, CheckGenesis<Runtime>, CheckEra<Runtime>, CheckNonce<Runtime>, CheckWeight<Runtime>, ChargeTransactionPayment<Runtime>)>`
    |
    = help: the trait `Decode` is implemented for `sp_runtime::generic::UncheckedExtrinsic<Address, Call, Signature, Extra>`
    = note: required for `UncheckedExtrinsic<MultiAddress<AccountId32, u32>, RuntimeCall, MultiSignature, ...>` to implement `Codec`
    = note: the full type name has been written to '/home/asmita/personal/project2_bitcoin/clarus/target/debug/deps/clarus_runtime-45a1e633dfb15d6d.long-type-7556966523782775049.txt'
    = note: required for `Block<Header<u32, BlakeTwo256>, UncheckedExtrinsic<MultiAddress<AccountId32, u32>, RuntimeCall, ..., ...>>` to implement `sp_api::BlockT`
    = note: the full type name has been written to '/home/asmita/personal/project2_bitcoin/clarus/target/debug/deps/clarus_runtime-45a1e633dfb15d6d.long-type-9781536913168560711.txt'

error[E0277]: the trait bound `sp_runtime::generic::UncheckedExtrinsic<MultiAddress<AccountId32, u32>, RuntimeCall, MultiSignature, (CheckNonZeroSender<Runtime>, CheckSpecVersion<Runtime>, CheckTxVersion<Runtime>, CheckGenesis<Runtime>, CheckEra<Runtime>, CheckNonce<Runtime>, CheckWeight<Runtime>, ChargeTransactionPayment<Runtime>)>: Encode` is not satisfied
   --> runtime/src/lib.rs:507:37
    |
507 |         fn offchain_worker(header: &<Block as BlockT>::Header) {
    |                                     ^^^^^^^^^^^^^^^^^^^^^^^^^ the trait `Encode` is not implemented for `sp_runtime::generic::UncheckedExtrinsic<MultiAddress<AccountId32, u32>, RuntimeCall, MultiSignature, (CheckNonZeroSender<Runtime>, CheckSpecVersion<Runtime>, CheckTxVersion<Runtime>, CheckGenesis<Runtime>, CheckEra<Runtime>, CheckNonce<Runtime>, CheckWeight<Runtime>, ChargeTransactionPayment<Runtime>)>`
    |
    = help: the trait `Encode` is implemented for `sp_runtime::generic::UncheckedExtrinsic<Address, Call, Signature, Extra>`
    = note: required for `UncheckedExtrinsic<MultiAddress<AccountId32, u32>, RuntimeCall, MultiSignature, ...>` to implement `Codec`
    = note: the full type name has been written to '/home/asmita/personal/project2_bitcoin/clarus/target/debug/deps/clarus_runtime-45a1e633dfb15d6d.long-type-7556966523782775049.txt'
    = note: required for `Block<Header<u32, BlakeTwo256>, UncheckedExtrinsic<MultiAddress<AccountId32, u32>, RuntimeCall, ..., ...>>` to implement `sp_api::BlockT`
    = note: the full type name has been written to '/home/asmita/personal/project2_bitcoin/clarus/target/debug/deps/clarus_runtime-45a1e633dfb15d6d.long-type-9781536913168560711.txt'

error[E0277]: the trait bound `clarus_mandate::Pallet<Runtime>: Callable<Runtime>` is not satisfied in `RuntimeCall`
   --> runtime/src/lib.rs:507:38
    |
507 |         fn offchain_worker(header: &<Block as BlockT>::Header) {
    |                                      ^^^^^ within `RuntimeCall`, the trait `Callable<Runtime>` is not implemented for `clarus_mandate::Pallet<Runtime>`
    |
    = help: the following other types implement trait `Callable<T>`:
              pallet_authority_discovery::Pallet<T>
              pallet_timestamp::Pallet<T>
              pallet_indices::Pallet<T>
              pallet_offences::Pallet<T>
              pallet_sudo::Pallet<T>
              pallet_multisig::Pallet<T>
              pallet_session::historical::Pallet<T>
              pallet_grandpa::Pallet<T>
            and 12 others
note: required because it appears within the type `RuntimeCall`
   --> runtime/src/lib.rs:342:1
    |
342 | // construct_runtime!(
343 | ||     pub struct Runtime
344 | ||     {
345 | ||         Staking: pallet_staking::{Pallet, Storage, Config<T>, Event<T>} = 5,
...   ||
371 | ||     }
372 | || );
    | ||_- in this macro invocation
...   |
651 | |      }
652 | |
    | |__________^
note: required by a bound in `sp_runtime::generic::UncheckedExtrinsic`
   --> /home/asmita/.cargo/git/checkouts/polkadot-sdk-cff69157b985ed76/a3e4fce/substrate/primitives/runtime/src/generic/unchecked_extrinsic.rs:49:40
    |
49  | pub struct UncheckedExtrinsic<Address, Call, Signature, Extra>
    |                                        ^^^^ required by this bound in `UncheckedExtrinsic`
    = note: this error originates in the macro `frame_support::construct_runtime` which comes from the expansion of the macro `construct_runtime` (in Nightly builds, run with -Z macro-backtrace for more info)

error[E0277]: the trait bound `sp_runtime::generic::UncheckedExtrinsic<MultiAddress<AccountId32, u32>, RuntimeCall, MultiSignature, (CheckNonZeroSender<Runtime>, CheckSpecVersion<Runtime>, CheckTxVersion<Runtime>, CheckGenesis<Runtime>, CheckEra<Runtime>, CheckNonce<Runtime>, CheckWeight<Runtime>, ChargeTransactionPayment<Runtime>)>: Decode` is not satisfied
   --> runtime/src/lib.rs:524:17
    |
524 |                 NumberFor<Block>,
    |                 ^^^^^^^^^^^^^^^^ the trait `Decode` is not implemented for `sp_runtime::generic::UncheckedExtrinsic<MultiAddress<AccountId32, u32>, RuntimeCall, MultiSignature, (CheckNonZeroSender<Runtime>, CheckSpecVersion<Runtime>, CheckTxVersion<Runtime>, CheckGenesis<Runtime>, CheckEra<Runtime>, CheckNonce<Runtime>, CheckWeight<Runtime>, ChargeTransactionPayment<Runtime>)>`
    |
    = help: the trait `Decode` is implemented for `sp_runtime::generic::UncheckedExtrinsic<Address, Call, Signature, Extra>`
    = note: required for `UncheckedExtrinsic<MultiAddress<AccountId32, u32>, RuntimeCall, MultiSignature, ...>` to implement `Codec`
    = note: the full type name has been written to '/home/asmita/personal/project2_bitcoin/clarus/target/debug/deps/clarus_runtime-45a1e633dfb15d6d.long-type-7556966523782775049.txt'
    = note: required for `Block<Header<u32, BlakeTwo256>, UncheckedExtrinsic<MultiAddress<AccountId32, u32>, RuntimeCall, ..., ...>>` to implement `sp_api::BlockT`
    = note: the full type name has been written to '/home/asmita/personal/project2_bitcoin/clarus/target/debug/deps/clarus_runtime-45a1e633dfb15d6d.long-type-9781536913168560711.txt'

error[E0277]: the trait bound `sp_runtime::generic::UncheckedExtrinsic<MultiAddress<AccountId32, u32>, RuntimeCall, MultiSignature, (CheckNonZeroSender<Runtime>, CheckSpecVersion<Runtime>, CheckTxVersion<Runtime>, CheckGenesis<Runtime>, CheckEra<Runtime>, CheckNonce<Runtime>, CheckWeight<Runtime>, ChargeTransactionPayment<Runtime>)>: Encode` is not satisfied
   --> runtime/src/lib.rs:524:17
    |
524 |                 NumberFor<Block>,
    |                 ^^^^^^^^^^^^^^^^ the trait `Encode` is not implemented for `sp_runtime::generic::UncheckedExtrinsic<MultiAddress<AccountId32, u32>, RuntimeCall, MultiSignature, (CheckNonZeroSender<Runtime>, CheckSpecVersion<Runtime>, CheckTxVersion<Runtime>, CheckGenesis<Runtime>, CheckEra<Runtime>, CheckNonce<Runtime>, CheckWeight<Runtime>, ChargeTransactionPayment<Runtime>)>`
    |
    = help: the trait `Encode` is implemented for `sp_runtime::generic::UncheckedExtrinsic<Address, Call, Signature, Extra>`
    = note: required for `UncheckedExtrinsic<MultiAddress<AccountId32, u32>, RuntimeCall, MultiSignature, ...>` to implement `Codec`
    = note: the full type name has been written to '/home/asmita/personal/project2_bitcoin/clarus/target/debug/deps/clarus_runtime-45a1e633dfb15d6d.long-type-7556966523782775049.txt'
    = note: required for `Block<Header<u32, BlakeTwo256>, UncheckedExtrinsic<MultiAddress<AccountId32, u32>, RuntimeCall, ..., ...>>` to implement `sp_api::BlockT`
    = note: the full type name has been written to '/home/asmita/personal/project2_bitcoin/clarus/target/debug/deps/clarus_runtime-45a1e633dfb15d6d.long-type-9781536913168560711.txt'

error[E0277]: the trait bound `clarus_mandate::Pallet<Runtime>: Callable<Runtime>` is not satisfied in `RuntimeCall`
   --> runtime/src/lib.rs:524:27
    |
524 |                 NumberFor<Block>,
    |                           ^^^^^ within `RuntimeCall`, the trait `Callable<Runtime>` is not implemented for `clarus_mandate::Pallet<Runtime>`
    |
    = help: the following other types implement trait `Callable<T>`:
              pallet_authority_discovery::Pallet<T>
              pallet_timestamp::Pallet<T>
              pallet_indices::Pallet<T>
              pallet_offences::Pallet<T>
              pallet_sudo::Pallet<T>
              pallet_multisig::Pallet<T>
              pallet_session::historical::Pallet<T>
              pallet_grandpa::Pallet<T>
            and 12 others
note: required because it appears within the type `RuntimeCall`
   --> runtime/src/lib.rs:342:1
    |
342 | // construct_runtime!(
343 | ||     pub struct Runtime
344 | ||     {
345 | ||         Staking: pallet_staking::{Pallet, Storage, Config<T>, Event<T>} = 5,
...   ||
371 | ||     }
372 | || );
    | ||_- in this macro invocation
...   |
651 | |      }
652 | |
    | |__________^
note: required by a bound in `sp_runtime::generic::UncheckedExtrinsic`
   --> /home/asmita/.cargo/git/checkouts/polkadot-sdk-cff69157b985ed76/a3e4fce/substrate/primitives/runtime/src/generic/unchecked_extrinsic.rs:49:40
    |
49  | pub struct UncheckedExtrinsic<Address, Call, Signature, Extra>
    |                                        ^^^^ required by this bound in `UncheckedExtrinsic`
    = note: this error originates in the macro `frame_support::construct_runtime` which comes from the expansion of the macro `construct_runtime` (in Nightly builds, run with -Z macro-backtrace for more info)

error[E0277]: the trait bound `sp_runtime::generic::UncheckedExtrinsic<MultiAddress<AccountId32, u32>, RuntimeCall, MultiSignature, (CheckNonZeroSender<Runtime>, CheckSpecVersion<Runtime>, CheckTxVersion<Runtime>, CheckGenesis<Runtime>, CheckEra<Runtime>, CheckNonce<Runtime>, CheckWeight<Runtime>, ChargeTransactionPayment<Runtime>)>: Decode` is not satisfied
   --> runtime/src/lib.rs:585:70
    |
585 |             equivocation_proof: sp_consensus_babe::EquivocationProof<<Block as BlockT>::Header>,
    |                                                                      ^^^^^^^^^^^^^^^^^^^^^^^^^ the trait `Decode` is not implemented for `sp_runtime::generic::UncheckedExtrinsic<MultiAddress<AccountId32, u32>, RuntimeCall, MultiSignature, (CheckNonZeroSender<Runtime>, CheckSpecVersion<Runtime>, CheckTxVersion<Runtime>, CheckGenesis<Runtime>, CheckEra<Runtime>, CheckNonce<Runtime>, CheckWeight<Runtime>, ChargeTransactionPayment<Runtime>)>`
    |
    = help: the trait `Decode` is implemented for `sp_runtime::generic::UncheckedExtrinsic<Address, Call, Signature, Extra>`
    = note: required for `UncheckedExtrinsic<MultiAddress<AccountId32, u32>, RuntimeCall, MultiSignature, ...>` to implement `Codec`
    = note: the full type name has been written to '/home/asmita/personal/project2_bitcoin/clarus/target/debug/deps/clarus_runtime-45a1e633dfb15d6d.long-type-7556966523782775049.txt'
    = note: required for `Block<Header<u32, BlakeTwo256>, UncheckedExtrinsic<MultiAddress<AccountId32, u32>, RuntimeCall, ..., ...>>` to implement `sp_api::BlockT`
    = note: the full type name has been written to '/home/asmita/personal/project2_bitcoin/clarus/target/debug/deps/clarus_runtime-45a1e633dfb15d6d.long-type-9781536913168560711.txt'

error[E0277]: the trait bound `sp_runtime::generic::UncheckedExtrinsic<MultiAddress<AccountId32, u32>, RuntimeCall, MultiSignature, (CheckNonZeroSender<Runtime>, CheckSpecVersion<Runtime>, CheckTxVersion<Runtime>, CheckGenesis<Runtime>, CheckEra<Runtime>, CheckNonce<Runtime>, CheckWeight<Runtime>, ChargeTransactionPayment<Runtime>)>: Encode` is not satisfied
   --> runtime/src/lib.rs:585:70
    |
585 |             equivocation_proof: sp_consensus_babe::EquivocationProof<<Block as BlockT>::Header>,
    |                                                                      ^^^^^^^^^^^^^^^^^^^^^^^^^ the trait `Encode` is not implemented for `sp_runtime::generic::UncheckedExtrinsic<MultiAddress<AccountId32, u32>, RuntimeCall, MultiSignature, (CheckNonZeroSender<Runtime>, CheckSpecVersion<Runtime>, CheckTxVersion<Runtime>, CheckGenesis<Runtime>, CheckEra<Runtime>, CheckNonce<Runtime>, CheckWeight<Runtime>, ChargeTransactionPayment<Runtime>)>`
    |
    = help: the trait `Encode` is implemented for `sp_runtime::generic::UncheckedExtrinsic<Address, Call, Signature, Extra>`
    = note: required for `UncheckedExtrinsic<MultiAddress<AccountId32, u32>, RuntimeCall, MultiSignature, ...>` to implement `Codec`
    = note: the full type name has been written to '/home/asmita/personal/project2_bitcoin/clarus/target/debug/deps/clarus_runtime-45a1e633dfb15d6d.long-type-7556966523782775049.txt'
    = note: required for `Block<Header<u32, BlakeTwo256>, UncheckedExtrinsic<MultiAddress<AccountId32, u32>, RuntimeCall, ..., ...>>` to implement `sp_api::BlockT`
    = note: the full type name has been written to '/home/asmita/personal/project2_bitcoin/clarus/target/debug/deps/clarus_runtime-45a1e633dfb15d6d.long-type-9781536913168560711.txt'

error[E0277]: the trait bound `clarus_mandate::Pallet<Runtime>: Callable<Runtime>` is not satisfied in `RuntimeCall`
   --> runtime/src/lib.rs:585:71
    |
585 |             equivocation_proof: sp_consensus_babe::EquivocationProof<<Block as BlockT>::Header>,
    |                                                                       ^^^^^ within `RuntimeCall`, the trait `Callable<Runtime>` is not implemented for `clarus_mandate::Pallet<Runtime>`
    |
    = help: the following other types implement trait `Callable<T>`:
              pallet_authority_discovery::Pallet<T>
              pallet_timestamp::Pallet<T>
              pallet_indices::Pallet<T>
              pallet_offences::Pallet<T>
              pallet_sudo::Pallet<T>
              pallet_multisig::Pallet<T>
              pallet_session::historical::Pallet<T>
              pallet_grandpa::Pallet<T>
            and 12 others
note: required because it appears within the type `RuntimeCall`
   --> runtime/src/lib.rs:342:1
    |
342 | // construct_runtime!(
343 | ||     pub struct Runtime
344 | ||     {
345 | ||         Staking: pallet_staking::{Pallet, Storage, Config<T>, Event<T>} = 5,
...   ||
371 | ||     }
372 | || );
    | ||_- in this macro invocation
...   |
651 | |      }
652 | |
    | |__________^
note: required by a bound in `sp_runtime::generic::UncheckedExtrinsic`
   --> /home/asmita/.cargo/git/checkouts/polkadot-sdk-cff69157b985ed76/a3e4fce/substrate/primitives/runtime/src/generic/unchecked_extrinsic.rs:49:40
    |
49  | pub struct UncheckedExtrinsic<Address, Call, Signature, Extra>
    |                                        ^^^^ required by this bound in `UncheckedExtrinsic`
    = note: this error originates in the macro `frame_support::construct_runtime` which comes from the expansion of the macro `construct_runtime` (in Nightly builds, run with -Z macro-backtrace for more info)

error[E0277]: the trait bound `sp_runtime::generic::UncheckedExtrinsic<MultiAddress<AccountId32, u32>, RuntimeCall, MultiSignature, (CheckNonZeroSender<Runtime>, CheckSpecVersion<Runtime>, CheckTxVersion<Runtime>, CheckGenesis<Runtime>, CheckEra<Runtime>, CheckNonce<Runtime>, CheckWeight<Runtime>, ChargeTransactionPayment<Runtime>)>: Decode` is not satisfied
   --> runtime/src/lib.rs:613:28
    |
613 |         fn query_info(uxt: <Block as BlockT>::Extrinsic, len: u32) -> pallet_transaction_payment::RuntimeDispatchInfo<Balance> {
    |                            ^^^^^^^^^^^^^^^^^^^^^^^^^^^^ the trait `Decode` is not implemented for `sp_runtime::generic::UncheckedExtrinsic<MultiAddress<AccountId32, u32>, RuntimeCall, MultiSignature, (CheckNonZeroSender<Runtime>, CheckSpecVersion<Runtime>, CheckTxVersion<Runtime>, CheckGenesis<Runtime>, CheckEra<Runtime>, CheckNonce<Runtime>, CheckWeight<Runtime>, ChargeTransactionPayment<Runtime>)>`
    |
    = help: the trait `Decode` is implemented for `sp_runtime::generic::UncheckedExtrinsic<Address, Call, Signature, Extra>`
    = note: required for `UncheckedExtrinsic<MultiAddress<AccountId32, u32>, RuntimeCall, MultiSignature, ...>` to implement `Codec`
    = note: the full type name has been written to '/home/asmita/personal/project2_bitcoin/clarus/target/debug/deps/clarus_runtime-45a1e633dfb15d6d.long-type-7556966523782775049.txt'
    = note: required for `Block<Header<u32, BlakeTwo256>, UncheckedExtrinsic<MultiAddress<AccountId32, u32>, RuntimeCall, ..., ...>>` to implement `sp_api::BlockT`
    = note: the full type name has been written to '/home/asmita/personal/project2_bitcoin/clarus/target/debug/deps/clarus_runtime-45a1e633dfb15d6d.long-type-9781536913168560711.txt'

error[E0277]: the trait bound `sp_runtime::generic::UncheckedExtrinsic<MultiAddress<AccountId32, u32>, RuntimeCall, MultiSignature, (CheckNonZeroSender<Runtime>, CheckSpecVersion<Runtime>, CheckTxVersion<Runtime>, CheckGenesis<Runtime>, CheckEra<Runtime>, CheckNonce<Runtime>, CheckWeight<Runtime>, ChargeTransactionPayment<Runtime>)>: Encode` is not satisfied
   --> runtime/src/lib.rs:613:28
    |
613 |         fn query_info(uxt: <Block as BlockT>::Extrinsic, len: u32) -> pallet_transaction_payment::RuntimeDispatchInfo<Balance> {
    |                            ^^^^^^^^^^^^^^^^^^^^^^^^^^^^ the trait `Encode` is not implemented for `sp_runtime::generic::UncheckedExtrinsic<MultiAddress<AccountId32, u32>, RuntimeCall, MultiSignature, (CheckNonZeroSender<Runtime>, CheckSpecVersion<Runtime>, CheckTxVersion<Runtime>, CheckGenesis<Runtime>, CheckEra<Runtime>, CheckNonce<Runtime>, CheckWeight<Runtime>, ChargeTransactionPayment<Runtime>)>`
    |
    = help: the trait `Encode` is implemented for `sp_runtime::generic::UncheckedExtrinsic<Address, Call, Signature, Extra>`
    = note: required for `UncheckedExtrinsic<MultiAddress<AccountId32, u32>, RuntimeCall, MultiSignature, ...>` to implement `Codec`
    = note: the full type name has been written to '/home/asmita/personal/project2_bitcoin/clarus/target/debug/deps/clarus_runtime-45a1e633dfb15d6d.long-type-7556966523782775049.txt'
    = note: required for `Block<Header<u32, BlakeTwo256>, UncheckedExtrinsic<MultiAddress<AccountId32, u32>, RuntimeCall, ..., ...>>` to implement `sp_api::BlockT`
    = note: the full type name has been written to '/home/asmita/personal/project2_bitcoin/clarus/target/debug/deps/clarus_runtime-45a1e633dfb15d6d.long-type-9781536913168560711.txt'

error[E0277]: the trait bound `clarus_mandate::Pallet<Runtime>: Callable<Runtime>` is not satisfied in `RuntimeCall`
   --> runtime/src/lib.rs:613:29
    |
613 |         fn query_info(uxt: <Block as BlockT>::Extrinsic, len: u32) -> pallet_transaction_payment::RuntimeDispatchInfo<Balance> {
    |                             ^^^^^ within `RuntimeCall`, the trait `Callable<Runtime>` is not implemented for `clarus_mandate::Pallet<Runtime>`
    |
    = help: the following other types implement trait `Callable<T>`:
              pallet_authority_discovery::Pallet<T>
              pallet_timestamp::Pallet<T>
              pallet_indices::Pallet<T>
              pallet_offences::Pallet<T>
              pallet_sudo::Pallet<T>
              pallet_multisig::Pallet<T>
              pallet_session::historical::Pallet<T>
              pallet_grandpa::Pallet<T>
            and 12 others
note: required because it appears within the type `RuntimeCall`
   --> runtime/src/lib.rs:342:1
    |
342 | // construct_runtime!(
343 | ||     pub struct Runtime
344 | ||     {
345 | ||         Staking: pallet_staking::{Pallet, Storage, Config<T>, Event<T>} = 5,
...   ||
371 | ||     }
372 | || );
    | ||_- in this macro invocation
...   |
651 | |      }
652 | |
    | |__________^
note: required by a bound in `sp_runtime::generic::UncheckedExtrinsic`
   --> /home/asmita/.cargo/git/checkouts/polkadot-sdk-cff69157b985ed76/a3e4fce/substrate/primitives/runtime/src/generic/unchecked_extrinsic.rs:49:40
    |
49  | pub struct UncheckedExtrinsic<Address, Call, Signature, Extra>
    |                                        ^^^^ required by this bound in `UncheckedExtrinsic`
    = note: this error originates in the macro `frame_support::construct_runtime` which comes from the expansion of the macro `construct_runtime` (in Nightly builds, run with -Z macro-backtrace for more info)

error[E0277]: the trait bound `sp_runtime::generic::UncheckedExtrinsic<MultiAddress<AccountId32, u32>, RuntimeCall, MultiSignature, (CheckNonZeroSender<Runtime>, CheckSpecVersion<Runtime>, CheckTxVersion<Runtime>, CheckGenesis<Runtime>, CheckEra<Runtime>, CheckNonce<Runtime>, CheckWeight<Runtime>, ChargeTransactionPayment<Runtime>)>: Decode` is not satisfied
   --> runtime/src/lib.rs:616:35
    |
616 |         fn query_fee_details(uxt: <Block as BlockT>::Extrinsic, len: u32) -> pallet_transaction_payment::FeeDetails<Balance> {
    |                                   ^^^^^^^^^^^^^^^^^^^^^^^^^^^^ the trait `Decode` is not implemented for `sp_runtime::generic::UncheckedExtrinsic<MultiAddress<AccountId32, u32>, RuntimeCall, MultiSignature, (CheckNonZeroSender<Runtime>, CheckSpecVersion<Runtime>, CheckTxVersion<Runtime>, CheckGenesis<Runtime>, CheckEra<Runtime>, CheckNonce<Runtime>, CheckWeight<Runtime>, ChargeTransactionPayment<Runtime>)>`
    |
    = help: the trait `Decode` is implemented for `sp_runtime::generic::UncheckedExtrinsic<Address, Call, Signature, Extra>`
    = note: required for `UncheckedExtrinsic<MultiAddress<AccountId32, u32>, RuntimeCall, MultiSignature, ...>` to implement `Codec`
    = note: the full type name has been written to '/home/asmita/personal/project2_bitcoin/clarus/target/debug/deps/clarus_runtime-45a1e633dfb15d6d.long-type-7556966523782775049.txt'
    = note: required for `Block<Header<u32, BlakeTwo256>, UncheckedExtrinsic<MultiAddress<AccountId32, u32>, RuntimeCall, ..., ...>>` to implement `sp_api::BlockT`
    = note: the full type name has been written to '/home/asmita/personal/project2_bitcoin/clarus/target/debug/deps/clarus_runtime-45a1e633dfb15d6d.long-type-9781536913168560711.txt'

error[E0277]: the trait bound `sp_runtime::generic::UncheckedExtrinsic<MultiAddress<AccountId32, u32>, RuntimeCall, MultiSignature, (CheckNonZeroSender<Runtime>, CheckSpecVersion<Runtime>, CheckTxVersion<Runtime>, CheckGenesis<Runtime>, CheckEra<Runtime>, CheckNonce<Runtime>, CheckWeight<Runtime>, ChargeTransactionPayment<Runtime>)>: Encode` is not satisfied
   --> runtime/src/lib.rs:616:35
    |
616 |         fn query_fee_details(uxt: <Block as BlockT>::Extrinsic, len: u32) -> pallet_transaction_payment::FeeDetails<Balance> {
    |                                   ^^^^^^^^^^^^^^^^^^^^^^^^^^^^ the trait `Encode` is not implemented for `sp_runtime::generic::UncheckedExtrinsic<MultiAddress<AccountId32, u32>, RuntimeCall, MultiSignature, (CheckNonZeroSender<Runtime>, CheckSpecVersion<Runtime>, CheckTxVersion<Runtime>, CheckGenesis<Runtime>, CheckEra<Runtime>, CheckNonce<Runtime>, CheckWeight<Runtime>, ChargeTransactionPayment<Runtime>)>`
    |
    = help: the trait `Encode` is implemented for `sp_runtime::generic::UncheckedExtrinsic<Address, Call, Signature, Extra>`
    = note: required for `UncheckedExtrinsic<MultiAddress<AccountId32, u32>, RuntimeCall, MultiSignature, ...>` to implement `Codec`
    = note: the full type name has been written to '/home/asmita/personal/project2_bitcoin/clarus/target/debug/deps/clarus_runtime-45a1e633dfb15d6d.long-type-7556966523782775049.txt'
    = note: required for `Block<Header<u32, BlakeTwo256>, UncheckedExtrinsic<MultiAddress<AccountId32, u32>, RuntimeCall, ..., ...>>` to implement `sp_api::BlockT`
    = note: the full type name has been written to '/home/asmita/personal/project2_bitcoin/clarus/target/debug/deps/clarus_runtime-45a1e633dfb15d6d.long-type-9781536913168560711.txt'

error[E0277]: the trait bound `clarus_mandate::Pallet<Runtime>: Callable<Runtime>` is not satisfied in `RuntimeCall`
   --> runtime/src/lib.rs:616:36
    |
616 |         fn query_fee_details(uxt: <Block as BlockT>::Extrinsic, len: u32) -> pallet_transaction_payment::FeeDetails<Balance> {
    |                                    ^^^^^ within `RuntimeCall`, the trait `Callable<Runtime>` is not implemented for `clarus_mandate::Pallet<Runtime>`
    |
    = help: the following other types implement trait `Callable<T>`:
              pallet_authority_discovery::Pallet<T>
              pallet_timestamp::Pallet<T>
              pallet_indices::Pallet<T>
              pallet_offences::Pallet<T>
              pallet_sudo::Pallet<T>
              pallet_multisig::Pallet<T>
              pallet_session::historical::Pallet<T>
              pallet_grandpa::Pallet<T>
            and 12 others
note: required because it appears within the type `RuntimeCall`
   --> runtime/src/lib.rs:342:1
    |
342 | // construct_runtime!(
343 | ||     pub struct Runtime
344 | ||     {
345 | ||         Staking: pallet_staking::{Pallet, Storage, Config<T>, Event<T>} = 5,
...   ||
371 | ||     }
372 | || );
    | ||_- in this macro invocation
...   |
651 | |      }
652 | |
    | |__________^
note: required by a bound in `sp_runtime::generic::UncheckedExtrinsic`
   --> /home/asmita/.cargo/git/checkouts/polkadot-sdk-cff69157b985ed76/a3e4fce/substrate/primitives/runtime/src/generic/unchecked_extrinsic.rs:49:40
    |
49  | pub struct UncheckedExtrinsic<Address, Call, Signature, Extra>
    |                                        ^^^^ required by this bound in `UncheckedExtrinsic`
    = note: this error originates in the macro `frame_support::construct_runtime` which comes from the expansion of the macro `construct_runtime` (in Nightly builds, run with -Z macro-backtrace for more info)

error[E0277]: the trait bound `Runtime: frame_system::pallet::Config` is not satisfied
   --> runtime/src/config.rs:342:33
    |
342 | impl clarus_mandate::Config for Runtime {
    |                                 ^^^^^^^ the trait `frame_system::pallet::Config` is not implemented for `Runtime`
    |
note: required by a bound in `clarus_mandate::Config`
   --> /home/asmita/personal/project2_bitcoin/clarus/pallet/mandate/src/lib.rs:38:23
    |
38  |     pub trait Config: frame_system::Config {
    |                       ^^^^^^^^^^^^^^^^^^^^ required by this bound in `Config`
    = note: `Config` is a "sealed trait", because to implement it you also need to implement `frame_system::pallet::Config`, which is not accessible; this is usually done to force you to use one of the provided types that already implement it

error[E0277]: the trait bound `clarus_mandate::Pallet<Runtime>: Callable<Runtime>` is not satisfied in `RuntimeCall`
   --> runtime/src/config.rs:312:18
    |
312 |     type Block = Block;
    |                  ^^^^^ within `RuntimeCall`, the trait `Callable<Runtime>` is not implemented for `clarus_mandate::Pallet<Runtime>`
    |
    = help: the following other types implement trait `Callable<T>`:
              pallet_authority_discovery::Pallet<T>
              pallet_timestamp::Pallet<T>
              pallet_indices::Pallet<T>
              pallet_offences::Pallet<T>
              pallet_sudo::Pallet<T>
              pallet_multisig::Pallet<T>
              pallet_session::historical::Pallet<T>
              pallet_grandpa::Pallet<T>
            and 12 others
note: required because it appears within the type `RuntimeCall`
   --> runtime/src/lib.rs:342:1
    |
342 | // construct_runtime!(
343 | ||     pub struct Runtime
344 | ||     {
345 | ||         Staking: pallet_staking::{Pallet, Storage, Config<T>, Event<T>} = 5,
...   ||
371 | ||     }
372 | || );
    | ||_- in this macro invocation
...   |
651 | |      }
652 | |
    | |__________^
note: required by a bound in `sp_runtime::generic::UncheckedExtrinsic`
   --> /home/asmita/.cargo/git/checkouts/polkadot-sdk-cff69157b985ed76/a3e4fce/substrate/primitives/runtime/src/generic/unchecked_extrinsic.rs:49:40
    |
49  | pub struct UncheckedExtrinsic<Address, Call, Signature, Extra>
    |                                        ^^^^ required by this bound in `UncheckedExtrinsic`
    = note: this error originates in the macro `frame_support::construct_runtime` which comes from the expansion of the macro `construct_runtime` (in Nightly builds, run with -Z macro-backtrace for more info)

For more information about this error, try `rustc --explain E0277`.
error: could not compile `clarus-runtime` (lib) due to 131 previous errors
